Microsoft (R) Build Engine version 4.0.30319.32559
[Microsoft .NET Framework, version 4.0.30319.32559]
Copyright (C) Microsoft Corporation. All rights reserved.

Build started 9/27/2013 2:34:06 PM.
     0>Overriding target "GetFrameworkPaths" in project "C:\Windows\Microsoft.NET\Framework\v4.0.30319\Microsoft.Common.targets" with target "GetFrameworkPaths" from project "C:\Windows\Microsoft.NET\Framework\v4.0.30319\Microsoft.NETFramework.targets".
       Overriding target "SatelliteDllsProjectOutputGroup" in project "C:\Windows\Microsoft.NET\Framework\v4.0.30319\Microsoft.Common.targets" with target "SatelliteDllsProjectOutputGroup" from project "C:\Windows\Microsoft.NET\Framework\v4.0.30319\Microsoft.WinFX.targets".
     1>Project "D:\Project\Components\Diagnostics.Utilities\trunk\NetSteps.Diagnostics.Tracing\NetSteps.Diagnostics.Utilities.csproj" on node 1 (Clean;Build target(s)).
     1>Building with tools version "4.0".
     1>Target "_CheckForInvalidConfigurationAndPlatform" in file "C:\Windows\Microsoft.NET\Framework\v4.0.30319\Microsoft.Common.targets" from project "D:\Project\Components\Diagnostics.Utilities\trunk\NetSteps.Diagnostics.Tracing\NetSteps.Diagnostics.Utilities.csproj" (entry point):
       Task "Error" skipped, due to false condition; ( '$(_InvalidConfigurationError)' == 'true' ) was evaluated as ( '' == 'true' ).
       Task "Warning" skipped, due to false condition; ( '$(_InvalidConfigurationWarning)' == 'true' ) was evaluated as ( '' == 'true' ).
       Using "Message" task from assembly "Microsoft.Build.Tasks.v4.0, Version=4.0.0.0, Culture=neutral, PublicKeyToken=b03f5f7f11d50a3a".
       Task "Message"
         Configuration=Debug
       Done executing task "Message".
       Task "Message"
         Platform=AnyCPU
       Done executing task "Message".
       Task "Error" skipped, due to false condition; ('$(OutDir)' != '' and !HasTrailingSlash('$(OutDir)')) was evaluated as ('bin\Debug\' != '' and !HasTrailingSlash('bin\Debug\')).
       Task "Error" skipped, due to false condition; ('$(BaseIntermediateOutputPath)' != '' and !HasTrailingSlash('$(BaseIntermediateOutputPath)')) was evaluated as ('obj\' != '' and !HasTrailingSlash('obj\')).
       Task "Error" skipped, due to false condition; ('$(IntermediateOutputPath)' != '' and !HasTrailingSlash('$(IntermediateOutputPath)')) was evaluated as ('obj\Debug\' != '' and !HasTrailingSlash('obj\Debug\')).
     1>Done building target "_CheckForInvalidConfigurationAndPlatform" in project "NetSteps.Diagnostics.Utilities.csproj".
     1>Target "SvnCleanVersionFiles" in file "D:\Project\Components\Diagnostics.Utilities\trunk\VersionRoot.targets" from project "D:\Project\Components\Diagnostics.Utilities\trunk\NetSteps.Diagnostics.Tracing\NetSteps.Diagnostics.Utilities.csproj" (target "BeforeClean" depends on it):
       Using "Delete" task from assembly "Microsoft.Build.Tasks.v4.0, Version=4.0.0.0, Culture=neutral, PublicKeyToken=b03f5f7f11d50a3a".
       Task "Delete"
       Done executing task "Delete".
     1>Done building target "SvnCleanVersionFiles" in project "NetSteps.Diagnostics.Utilities.csproj".
     1>Target "BeforeClean" in file "C:\Windows\Microsoft.NET\Framework\v4.0.30319\Microsoft.Common.targets" from project "D:\Project\Components\Diagnostics.Utilities\trunk\NetSteps.Diagnostics.Tracing\NetSteps.Diagnostics.Utilities.csproj" (target "Clean" depends on it):
     1>Done building target "BeforeClean" in project "NetSteps.Diagnostics.Utilities.csproj".
       Target "UnmanagedUnregistration" skipped, due to false condition; ((('$(_AssemblyTimestampBeforeCompile)' != '$(_AssemblyTimestampAfterCompile)' or '$(RegisterForComInterop)' != 'true' or '$(OutputType)' != 'library') or
                           ('$(_AssemblyTimestampBeforeCompile)' == '')) and
                          Exists('@(_UnmanagedRegistrationCache)')) was evaluated as ((('' != '' or '' != 'true' or 'Library' != 'library') or
                           ('' == '')) and
                          Exists('obj\NetSteps.Diagnostics.Utilities.csproj.UnmanagedRegistration.cache')).
     1>Target "CoreClean" in file "C:\Windows\Microsoft.NET\Framework\v4.0.30319\Microsoft.Common.targets" from project "D:\Project\Components\Diagnostics.Utilities\trunk\NetSteps.Diagnostics.Tracing\NetSteps.Diagnostics.Utilities.csproj" (target "Clean" depends on it):
       Task "Delete"
       Done executing task "Delete".
       Using "ReadLinesFromFile" task from assembly "Microsoft.Build.Tasks.v4.0, Version=4.0.0.0, Culture=neutral, PublicKeyToken=b03f5f7f11d50a3a".
       Task "ReadLinesFromFile"
       Done executing task "ReadLinesFromFile".
       Using "FindUnderPath" task from assembly "Microsoft.Build.Tasks.v4.0, Version=4.0.0.0, Culture=neutral, PublicKeyToken=b03f5f7f11d50a3a".
       Task "FindUnderPath"
         Comparison path is "bin\Debug\".
       Done executing task "FindUnderPath".
       Task "FindUnderPath"
         Comparison path is "obj\Debug\".
       Done executing task "FindUnderPath".
       Task "Delete"
         Deleting file "D:\Project\Components\Diagnostics.Utilities\trunk\NetSteps.Diagnostics.Tracing\bin\Debug\NetSteps.Diagnostics.Utilities.dll".
         Deleting file "D:\Project\Components\Diagnostics.Utilities\trunk\NetSteps.Diagnostics.Tracing\bin\Debug\NetSteps.Diagnostics.Utilities.pdb".
         Deleting file "D:\Project\Components\Diagnostics.Utilities\trunk\NetSteps.Diagnostics.Tracing\obj\Debug\NetSteps.Diagnostics.Utilities.csprojResolveAssemblyReference.cache".
         Deleting file "D:\Project\Components\Diagnostics.Utilities\trunk\NetSteps.Diagnostics.Tracing\obj\Debug\NetSteps.Diagnostics.Utilities.dll".
         Deleting file "D:\Project\Components\Diagnostics.Utilities\trunk\NetSteps.Diagnostics.Tracing\obj\Debug\NetSteps.Diagnostics.Utilities.pdb".
       Done executing task "Delete".
       Using "RemoveDuplicates" task from assembly "Microsoft.Build.Tasks.v4.0, Version=4.0.0.0, Culture=neutral, PublicKeyToken=b03f5f7f11d50a3a".
       Task "RemoveDuplicates"
       Done executing task "RemoveDuplicates".
       Using "MakeDir" task from assembly "Microsoft.Build.Tasks.v4.0, Version=4.0.0.0, Culture=neutral, PublicKeyToken=b03f5f7f11d50a3a".
       Task "MakeDir"
       Done executing task "MakeDir".
       Using "WriteLinesToFile" task from assembly "Microsoft.Build.Tasks.v4.0, Version=4.0.0.0, Culture=neutral, PublicKeyToken=b03f5f7f11d50a3a".
       Task "WriteLinesToFile"
       Done executing task "WriteLinesToFile".
     1>Done building target "CoreClean" in project "NetSteps.Diagnostics.Utilities.csproj".
       Target "AssignProjectConfiguration" skipped, due to false condition; ('$(CurrentSolutionConfigurationContents)' != '' or '@(ProjectReference)'!='') was evaluated as ('' != '' or ''!='').
     1>Target "_SplitProjectReferencesByFileExistence" in file "C:\Windows\Microsoft.NET\Framework\v4.0.30319\Microsoft.Common.targets" from project "D:\Project\Components\Diagnostics.Utilities\trunk\NetSteps.Diagnostics.Tracing\NetSteps.Diagnostics.Utilities.csproj" (target "CleanReferencedProjects" depends on it):
       Task "ResolveNonMSBuildProjectOutput" skipped, due to false condition; ('$(BuildingInsideVisualStudio)'=='true' and '@(ProjectReferenceWithConfiguration)'!='') was evaluated as (''=='true' and ''!='').
     1>Done building target "_SplitProjectReferencesByFileExistence" in project "NetSteps.Diagnostics.Utilities.csproj".
     1>Target "CleanReferencedProjects" in file "C:\Windows\Microsoft.NET\Framework\v4.0.30319\Microsoft.Common.targets" from project "D:\Project\Components\Diagnostics.Utilities\trunk\NetSteps.Diagnostics.Tracing\NetSteps.Diagnostics.Utilities.csproj" (target "Clean" depends on it):
       Task "MSBuild" skipped, due to false condition; ('$(BuildingInsideVisualStudio)' != 'true' and '$(BuildProjectReferences)' == 'true' and '@(_MSBuildProjectReferenceExistent)' != '') was evaluated as ('' != 'true' and 'true' == 'true' and '' != '').
     1>Done building target "CleanReferencedProjects" in project "NetSteps.Diagnostics.Utilities.csproj".
     1>Target "CleanPublishFolder" in file "C:\Windows\Microsoft.NET\Framework\v4.0.30319\Microsoft.Common.targets" from project "D:\Project\Components\Diagnostics.Utilities\trunk\NetSteps.Diagnostics.Tracing\NetSteps.Diagnostics.Utilities.csproj" (target "Clean" depends on it):
       Task "RemoveDir" skipped, due to false condition; ('$(PublishDir)'=='$(OutputPath)app.publish\' and Exists('$(PublishDir)')) was evaluated as ('bin\Debug\app.publish\'=='bin\Debug\app.publish\' and Exists('bin\Debug\app.publish\')).
     1>Done building target "CleanPublishFolder" in project "NetSteps.Diagnostics.Utilities.csproj".
     1>Target "AfterClean" in file "C:\Windows\Microsoft.NET\Framework\v4.0.30319\Microsoft.Common.targets" from project "D:\Project\Components\Diagnostics.Utilities\trunk\NetSteps.Diagnostics.Tracing\NetSteps.Diagnostics.Utilities.csproj" (target "Clean" depends on it):
     1>Done building target "AfterClean" in project "NetSteps.Diagnostics.Utilities.csproj".
       Target "EntityClean" skipped, due to false condition; ('@(EntityDeploy)' != '') was evaluated as ('' != '').
     1>Target "Clean" in file "C:\Windows\Microsoft.NET\Framework\v4.0.30319\Microsoft.Common.targets" from project "D:\Project\Components\Diagnostics.Utilities\trunk\NetSteps.Diagnostics.Tracing\NetSteps.Diagnostics.Utilities.csproj" (entry point):
     1>Done building target "Clean" in project "NetSteps.Diagnostics.Utilities.csproj".
     1>Target "CleanXsdCodeGen" in file "C:\Windows\Microsoft.NET\Framework\v4.0.30319\Microsoft.ServiceModel.targets" from project "D:\Project\Components\Diagnostics.Utilities\trunk\NetSteps.Diagnostics.Tracing\NetSteps.Diagnostics.Utilities.csproj" (entry point):
       Task "Delete"
       Done executing task "Delete".
     1>Done building target "CleanXsdCodeGen" in project "NetSteps.Diagnostics.Utilities.csproj".
       Target "EntityDeploy" skipped, due to false condition; ('@(EntityDeploy)' != '') was evaluated as ('' != '').
     1>Target "SvnVersioningPrerequisites" in file "D:\Project\Components\Diagnostics.Utilities\trunk\VersionRoot.targets" from project "D:\Project\Components\Diagnostics.Utilities\trunk\NetSteps.Diagnostics.Tracing\NetSteps.Diagnostics.Utilities.csproj" (target "SvnVersioning" depends on it):
       Initializing task factory "PowershellTaskFactory" from assembly "C:\Program Files (x86)\MSBuild\ExtensionPack\4.0\MSBuild.ExtensionPack.TaskFactory.PowerShell.dll".
       Using "GetSvnRevision" task from the task factory "PowerShellTaskFactory".
       Task "GetSvnRevision"
         VersionRoot is D:\Project\Components\Diagnostics.Utilities\trunk\
         Revision is 1
       Done executing task "GetSvnRevision".
       Task "WriteLinesToFile"
       Done executing task "WriteLinesToFile".
     1>Done building target "SvnVersioningPrerequisites" in project "NetSteps.Diagnostics.Utilities.csproj".
     1>Target "SvnVersioning" in file "D:\Project\Components\Diagnostics.Utilities\trunk\VersionRoot.targets" from project "D:\Project\Components\Diagnostics.Utilities\trunk\NetSteps.Diagnostics.Tracing\NetSteps.Diagnostics.Utilities.csproj" (target "BeforeBuild" depends on it):
       Using "CreateItem" task from assembly "Microsoft.Build.Tasks.v4.0, Version=4.0.0.0, Culture=neutral, PublicKeyToken=b03f5f7f11d50a3a".
       Task "CreateItem"
       Done executing task "CreateItem".
       Using "CallTarget" task from assembly "Microsoft.Build.Tasks.v4.0, Version=4.0.0.0, Culture=neutral, PublicKeyToken=b03f5f7f11d50a3a".
       Task "CallTarget"
     1>Target "WriteAssemblyInfoVersionFile" in file "D:\Project\Components\Diagnostics.Utilities\trunk\VersionRoot.targets" from project "D:\Project\Components\Diagnostics.Utilities\trunk\NetSteps.Diagnostics.Tracing\NetSteps.Diagnostics.Utilities.csproj" (target "SvnVersioning" depends on it):
       Using "MSBuild.ExtensionPack.FileSystem.File" task from assembly "C:\Program Files (x86)\MSBuild\ExtensionPack\4.0\MSBuild.ExtensionPack.dll".
       Task "MSBuild.ExtensionPack.FileSystem.File"
         Removing Lines from File: Properties\AssemblyInfo.cs
         Removing line AssemblyFileVersion
       Done executing task "MSBuild.ExtensionPack.FileSystem.File".
       Task "MSBuild.ExtensionPack.FileSystem.File"
         Removing Lines from File: Properties\AssemblyInfo.cs
         Removing line AssemblyVersion
         Removing line AssemblyVersion
       Done executing task "MSBuild.ExtensionPack.FileSystem.File".
       Task "MSBuild.ExtensionPack.FileSystem.File"
         Removing Lines from File: Properties\AssemblyInfo.cs
       Done executing task "MSBuild.ExtensionPack.FileSystem.File".
       Task "MSBuild.ExtensionPack.FileSystem.File"
         Removing Lines from File: Properties\AssemblyInfo.Debug.r1.version.cs
         Removing line AssemblyFileVersion
       Done executing task "MSBuild.ExtensionPack.FileSystem.File".
       Task "MSBuild.ExtensionPack.FileSystem.File"
         Removing Lines from File: Properties\AssemblyInfo.Debug.r1.version.cs
         Removing line AssemblyVersion
       Done executing task "MSBuild.ExtensionPack.FileSystem.File".
       Task "MSBuild.ExtensionPack.FileSystem.File"
         Removing Lines from File: Properties\AssemblyInfo.Debug.r1.version.cs
       Done executing task "MSBuild.ExtensionPack.FileSystem.File".
       Task "MSBuild.ExtensionPack.FileSystem.File"
         Writing Lines to File: Properties\AssemblyInfo.Debug.r1.version.cs
         Writing line [assembly: AssemblyFileVersion("0.1.1.1")]
       Done executing task "MSBuild.ExtensionPack.FileSystem.File".
       Task "MSBuild.ExtensionPack.FileSystem.File"
         Writing Lines to File: Properties\AssemblyInfo.Debug.r1.version.cs
         Writing line [assembly: AssemblyVersion("0.1.1.1")]
       Done executing task "MSBuild.ExtensionPack.FileSystem.File".
       Task "MSBuild.ExtensionPack.FileSystem.File"
         Writing Lines to File: Properties\AssemblyInfo.Debug.r1.version.cs
         Writing line [assembly: AssemblyInformationalVersion("0.1.1-tbennion")]
       Done executing task "MSBuild.ExtensionPack.FileSystem.File".
     1>Done building target "WriteAssemblyInfoVersionFile" in project "NetSteps.Diagnostics.Utilities.csproj".
       Done executing task "CallTarget".
     1>Done building target "SvnVersioning" in project "NetSteps.Diagnostics.Utilities.csproj".
     1>Target "BeforeBuild" in file "C:\Windows\Microsoft.NET\Framework\v4.0.30319\Microsoft.Common.targets" from project "D:\Project\Components\Diagnostics.Utilities\trunk\NetSteps.Diagnostics.Tracing\NetSteps.Diagnostics.Utilities.csproj" (target "Build" depends on it):
     1>Done building target "BeforeBuild" in project "NetSteps.Diagnostics.Utilities.csproj".
     1>Target "BuildOnlySettings" in file "C:\Windows\Microsoft.NET\Framework\v4.0.30319\Microsoft.Common.targets" from project "D:\Project\Components\Diagnostics.Utilities\trunk\NetSteps.Diagnostics.Tracing\NetSteps.Diagnostics.Utilities.csproj" (target "CoreBuild" depends on it):
     1>Done building target "BuildOnlySettings" in project "NetSteps.Diagnostics.Utilities.csproj".
     1>Target "GetFrameworkPaths" in file "C:\Windows\Microsoft.NET\Framework\v4.0.30319\Microsoft.NETFramework.targets" from project "D:\Project\Components\Diagnostics.Utilities\trunk\NetSteps.Diagnostics.Tracing\NetSteps.Diagnostics.Utilities.csproj" (target "PrepareForBuild" depends on it):
     1>Done building target "GetFrameworkPaths" in project "NetSteps.Diagnostics.Utilities.csproj".
       Target "GetWinFXPath" skipped, due to false condition; (('@(Page)' != '' or '@(ApplicationDefinition)' != '' or '@(Resource)' != '') and ('$(GetWinFXNativePath)' != '' or '$(GetWinFXWoWPath)' != '' )) was evaluated as (('' != '' or '' != '' or '' != '') and ('' != '' or '' != '' )).
     1>Target "GetReferenceAssemblyPaths" in file "C:\Windows\Microsoft.NET\Framework\v4.0.30319\Microsoft.Common.targets" from project "D:\Project\Components\Diagnostics.Utilities\trunk\NetSteps.Diagnostics.Tracing\NetSteps.Diagnostics.Utilities.csproj" (target "PrepareForBuild" depends on it):
       Task "GetReferenceAssemblyPaths" skipped, due to false condition; ('$(TargetFrameworkMoniker)' != '' and ('$(_TargetFrameworkDirectories)' == '' or '$(_FullFrameworkReferenceAssemblyPaths)' == '')) was evaluated as ('.NETFramework,Version=v4.0' != '' and ('C:\Program Files (x86)\Reference Assemblies\Microsoft\Framework\.NETFramework\v4.0' == '' or 'C:\Program Files (x86)\Reference Assemblies\Microsoft\Framework\.NETFramework\v4.0' == '')).
     1>Done building target "GetReferenceAssemblyPaths" in project "NetSteps.Diagnostics.Utilities.csproj".
     1>Target "PrepareForBuild" in file "C:\Windows\Microsoft.NET\Framework\v4.0.30319\Microsoft.Common.targets" from project "D:\Project\Components\Diagnostics.Utilities\trunk\NetSteps.Diagnostics.Tracing\NetSteps.Diagnostics.Utilities.csproj" (target "CoreBuild" depends on it):
       Using "FindAppConfigFile" task from assembly "Microsoft.Build.Tasks.v4.0, Version=4.0.0.0, Culture=neutral, PublicKeyToken=b03f5f7f11d50a3a".
       Task "FindAppConfigFile"
       Done executing task "FindAppConfigFile".
       Task "MakeDir"
       Done executing task "MakeDir".
     1>Done building target "PrepareForBuild" in project "NetSteps.Diagnostics.Utilities.csproj".
       Target "PreBuildEvent" skipped, due to false condition; ('$(PreBuildEvent)'!='') was evaluated as (''!='').
     1>Target "BeforeResolveReferences" in file "C:\Windows\Microsoft.NET\Framework\v4.0.30319\Microsoft.Common.targets" from project "D:\Project\Components\Diagnostics.Utilities\trunk\NetSteps.Diagnostics.Tracing\NetSteps.Diagnostics.Utilities.csproj" (target "ResolveReferences" depends on it):
     1>Done building target "BeforeResolveReferences" in project "NetSteps.Diagnostics.Utilities.csproj".
       Target "AssignProjectConfiguration" skipped, due to false condition; ('$(CurrentSolutionConfigurationContents)' != '' or '@(ProjectReference)'!='') was evaluated as ('' != '' or ''!='').
       Target "AssignProjectConfiguration" skipped, due to false condition; ('$(CurrentSolutionConfigurationContents)' != '' or '@(ProjectReference)'!='') was evaluated as ('' != '' or ''!='').
       Target "_SplitProjectReferencesByFileExistence" skipped. Previously built successfully.
     1>Target "ResolveProjectReferences" in file "C:\Windows\Microsoft.NET\Framework\v4.0.30319\Microsoft.Common.targets" from project "D:\Project\Components\Diagnostics.Utilities\trunk\NetSteps.Diagnostics.Tracing\NetSteps.Diagnostics.Utilities.csproj" (target "ResolveReferences" depends on it):
       Task "MSBuild" skipped, due to false condition; ('%(_MSBuildProjectReferenceExistent.BuildReference)' == 'true' and '@(ProjectReferenceWithConfiguration)' != '' and ('$(BuildingInsideVisualStudio)' == 'true' or '$(BuildProjectReferences)' != 'true') and '$(VisualStudioVersion)' != '10.0' and '@(_MSBuildProjectReferenceExistent)' != '') was evaluated as ('' == 'true' and '' != '' and ('' == 'true' or 'true' != 'true') and '10.0' != '10.0' and '' != '').
       Task "MSBuild" skipped, due to false condition; ('%(_MSBuildProjectReferenceExistent.BuildReference)' == 'true' and '@(ProjectReferenceWithConfiguration)' != '' and ('$(BuildingInsideVisualStudio)' == 'true' or '$(BuildProjectReferences)' != 'true') and '$(VisualStudioVersion)' == '10.0' and '@(_MSBuildProjectReferenceExistent)' != '') was evaluated as ('' == 'true' and '' != '' and ('' == 'true' or 'true' != 'true') and '10.0' == '10.0' and '' != '').
       Task "MSBuild" skipped, due to false condition; ('%(_MSBuildProjectReferenceExistent.BuildReference)' == 'true' and '@(ProjectReferenceWithConfiguration)' != '' and '$(BuildingInsideVisualStudio)' != 'true' and '$(BuildProjectReferences)' == 'true' and '@(_MSBuildProjectReferenceExistent)' != '') was evaluated as ('' == 'true' and '' != '' and '' != 'true' and 'true' == 'true' and '' != '').
       Task "MSBuild" skipped, due to false condition; ('%(_MSBuildProjectReferenceExistent.BuildReference)' == 'true' and '@(ProjectReferenceWithConfiguration)' != '' and '$(BuildingProject)' == 'true' and '@(_MSBuildProjectReferenceExistent)' != '') was evaluated as ('' == 'true' and '' != '' and 'true' == 'true' and '' != '').
       Task "Warning" skipped, due to false condition; ('@(ProjectReferenceWithConfiguration)' != '' and '@(_MSBuildProjectReferenceNonexistent)' != '') was evaluated as ('' != '' and '' != '').
     1>Done building target "ResolveProjectReferences" in project "NetSteps.Diagnostics.Utilities.csproj".
       Target "ResolveNativeReferences" skipped, due to false condition; ('@(NativeReference)'!='') was evaluated as (''!='').
       Target "GetFrameworkPaths" skipped. Previously built successfully.
       Target "GetReferenceAssemblyPaths" skipped. Previously built successfully.
       Target "PrepareForBuild" skipped. Previously built successfully.
     1>Target "GetInstalledSDKLocations" in file "C:\Windows\Microsoft.NET\Framework\v4.0.30319\Microsoft.Common.targets" from project "D:\Project\Components\Diagnostics.Utilities\trunk\NetSteps.Diagnostics.Tracing\NetSteps.Diagnostics.Utilities.csproj" (target "ResolveSDKReferences" depends on it):
       Task "GetInstalledSDKLocations" skipped, due to false condition; ('@(SDKReference)' != '') was evaluated as ('' != '').
     1>Done building target "GetInstalledSDKLocations" in project "NetSteps.Diagnostics.Utilities.csproj".
     1>Target "ResolveSDKReferences" in file "C:\Windows\Microsoft.NET\Framework\v4.0.30319\Microsoft.Common.targets" from project "D:\Project\Components\Diagnostics.Utilities\trunk\NetSteps.Diagnostics.Tracing\NetSteps.Diagnostics.Utilities.csproj" (target "ResolveAssemblyReferences" depends on it):
       Task "ResolveSDKReference" skipped, due to false condition; ('@(SDKReference)'!='') was evaluated as (''!='').
     1>Done building target "ResolveSDKReferences" in project "NetSteps.Diagnostics.Utilities.csproj".
       Target "ResolveSDKReferences" skipped. Previously built successfully.
     1>Target "ExpandSDKReferences" in file "C:\Windows\Microsoft.NET\Framework\v4.0.30319\Microsoft.Common.targets" from project "D:\Project\Components\Diagnostics.Utilities\trunk\NetSteps.Diagnostics.Tracing\NetSteps.Diagnostics.Utilities.csproj" (target "ResolveAssemblyReferences" depends on it):
       Task "GetSDKReferenceFiles" skipped, due to false condition; ('@(ResolvedSDKReference)'!='') was evaluated as (''!='').
     1>Done building target "ExpandSDKReferences" in project "NetSteps.Diagnostics.Utilities.csproj".
     1>Target "ResolveAssemblyReferences" in file "C:\Windows\Microsoft.NET\Framework\v4.0.30319\Microsoft.Common.targets" from project "D:\Project\Components\Diagnostics.Utilities\trunk\NetSteps.Diagnostics.Tracing\NetSteps.Diagnostics.Utilities.csproj" (target "ResolveReferences" depends on it):
       Using "ResolveAssemblyReference" task from assembly "Microsoft.Build.Tasks.v4.0, Version=4.0.0.0, Culture=neutral, PublicKeyToken=b03f5f7f11d50a3a".
       Task "ResolveAssemblyReference"
         TargetFrameworkMoniker:
             .NETFramework,Version=v4.0
         TargetFrameworkMonikerDisplayName:
             .NET Framework 4
         TargetedRuntimeVersion:
             v4.0.30319
         Assemblies:
             System
             System.Xml.Linq
             System.Data.DataSetExtensions
             Microsoft.CSharp
             System.Data
             System.Xml
             System.Core
         AssemblyFiles:
             C:\Program Files (x86)\Reference Assemblies\Microsoft\Framework\.NETFramework\v4.0\mscorlib.dll
         CandidateAssemblyFiles:
         TargetFrameworkDirectories:
             C:\Program Files (x86)\Reference Assemblies\Microsoft\Framework\.NETFramework\v4.0
         InstalledAssemblyTables:
         IgnoreInstalledAssemblyTable:
             False
         SearchPaths:
             {CandidateAssemblyFiles}
             {HintPathFromItem}
             {TargetFrameworkDirectory}
             {Registry:Software\Microsoft\.NETFramework,v4.0,AssemblyFoldersEx}
             {AssemblyFolders}
             {GAC}
             {RawFileName}
             bin\Debug\
         AllowedAssemblyExtensions:
             .winmd
             .dll
             .exe
         AllowedRelatedFileExtensions:
             .pdb
             .xml
             .pri
         AppConfigFile:
             
         AutoUnify:
             True
         CopyLocalDependenciesWhenParentReferenceInGac:
             True
         FindDependencies:
             True
         TargetProcessorArchitecture:
             msil
         StateFile:
             obj\Debug\NetSteps.Diagnostics.Utilities.csprojResolveAssemblyReference.cache
         InstalledAssemblySubsetTables:
         IgnoreInstalledAssemblySubsetTable:
             False
         TargetFrameworkSubsets:
         FullTargetFrameworkSubsetNames:
             Full
         ProfileName:
             
         FullFrameworkFolders:
             C:\Program Files (x86)\Reference Assemblies\Microsoft\Framework\.NETFramework\v4.0
         LatestTargetFrameworkDirectories:
         ProfileTablesLocation:
         Primary reference "mscorlib, Version=4.0.0.0, Culture=neutral, PublicKeyToken=b77a5c561934e089".
             Resolved file path is "C:\Program Files (x86)\Reference Assemblies\Microsoft\Framework\.NETFramework\v4.0\mscorlib.dll".
             Reference found at search path location "C:\Program Files (x86)\Reference Assemblies\Microsoft\Framework\.NETFramework\v4.0\mscorlib.dll".
             This reference is not "CopyLocal" because it's in a Frameworks directory.
             The ImageRuntimeVersion for this reference is "v4.0.30319".
         Primary reference "System, Version=4.0.0.0, Culture=neutral, PublicKeyToken=b77a5c561934e089".
             Resolved file path is "C:\Program Files (x86)\Reference Assemblies\Microsoft\Framework\.NETFramework\v4.0\System.dll".
             Reference found at search path location "{TargetFrameworkDirectory}".
                 For SearchPath "{TargetFrameworkDirectory}".
                 Considered "C:\Program Files (x86)\Reference Assemblies\Microsoft\Framework\.NETFramework\v4.0\System.winmd", but it didn't exist.
             This reference is not "CopyLocal" because it's a prerequisite file.
             The ImageRuntimeVersion for this reference is "v4.0.30319".
         Primary reference "System.Xml.Linq, Version=4.0.0.0, Culture=neutral, PublicKeyToken=b77a5c561934e089".
             Resolved file path is "C:\Program Files (x86)\Reference Assemblies\Microsoft\Framework\.NETFramework\v4.0\System.Xml.Linq.dll".
             Reference found at search path location "{TargetFrameworkDirectory}".
                 For SearchPath "{TargetFrameworkDirectory}".
                 Considered "C:\Program Files (x86)\Reference Assemblies\Microsoft\Framework\.NETFramework\v4.0\System.Xml.Linq.winmd", but it didn't exist.
             This reference is not "CopyLocal" because it's a prerequisite file.
             The ImageRuntimeVersion for this reference is "v4.0.30319".
         Primary reference "System.Data.DataSetExtensions, Version=4.0.0.0, Culture=neutral, PublicKeyToken=b77a5c561934e089".
             Resolved file path is "C:\Program Files (x86)\Reference Assemblies\Microsoft\Framework\.NETFramework\v4.0\System.Data.DataSetExtensions.dll".
             Reference found at search path location "{TargetFrameworkDirectory}".
                 For SearchPath "{TargetFrameworkDirectory}".
                 Considered "C:\Program Files (x86)\Reference Assemblies\Microsoft\Framework\.NETFramework\v4.0\System.Data.DataSetExtensions.winmd", but it didn't exist.
             This reference is not "CopyLocal" because it's a prerequisite file.
             The ImageRuntimeVersion for this reference is "v4.0.30319".
         Primary reference "Microsoft.CSharp, Version=4.0.0.0, Culture=neutral, PublicKeyToken=b03f5f7f11d50a3a".
             Resolved file path is "C:\Program Files (x86)\Reference Assemblies\Microsoft\Framework\.NETFramework\v4.0\Microsoft.CSharp.dll".
             Reference found at search path location "{TargetFrameworkDirectory}".
                 For SearchPath "{TargetFrameworkDirectory}".
                 Considered "C:\Program Files (x86)\Reference Assemblies\Microsoft\Framework\.NETFramework\v4.0\Microsoft.CSharp.winmd", but it didn't exist.
             This reference is not "CopyLocal" because it's a prerequisite file.
             The ImageRuntimeVersion for this reference is "v4.0.30319".
         Primary reference "System.Data, Version=4.0.0.0, Culture=neutral, PublicKeyToken=b77a5c561934e089".
             Resolved file path is "C:\Program Files (x86)\Reference Assemblies\Microsoft\Framework\.NETFramework\v4.0\System.Data.dll".
             Reference found at search path location "{TargetFrameworkDirectory}".
                 For SearchPath "{TargetFrameworkDirectory}".
                 Considered "C:\Program Files (x86)\Reference Assemblies\Microsoft\Framework\.NETFramework\v4.0\System.Data.winmd", but it didn't exist.
             This reference is not "CopyLocal" because it's a prerequisite file.
             The ImageRuntimeVersion for this reference is "v4.0.30319".
         Primary reference "System.Xml, Version=4.0.0.0, Culture=neutral, PublicKeyToken=b77a5c561934e089".
             Resolved file path is "C:\Program Files (x86)\Reference Assemblies\Microsoft\Framework\.NETFramework\v4.0\System.Xml.dll".
             Reference found at search path location "{TargetFrameworkDirectory}".
                 For SearchPath "{TargetFrameworkDirectory}".
                 Considered "C:\Program Files (x86)\Reference Assemblies\Microsoft\Framework\.NETFramework\v4.0\System.Xml.winmd", but it didn't exist.
             This reference is not "CopyLocal" because it's a prerequisite file.
             The ImageRuntimeVersion for this reference is "v4.0.30319".
         Primary reference "System.Core, Version=4.0.0.0, Culture=neutral, PublicKeyToken=b77a5c561934e089".
             Resolved file path is "C:\Program Files (x86)\Reference Assemblies\Microsoft\Framework\.NETFramework\v4.0\System.Core.dll".
             Reference found at search path location "{TargetFrameworkDirectory}".
                 For SearchPath "{TargetFrameworkDirectory}".
                 Considered "C:\Program Files (x86)\Reference Assemblies\Microsoft\Framework\.NETFramework\v4.0\System.Core.winmd", but it didn't exist.
             This reference is not "CopyLocal" because it's a prerequisite file.
             The ImageRuntimeVersion for this reference is "v4.0.30319".
       Done executing task "ResolveAssemblyReference".
     1>Done building target "ResolveAssemblyReferences" in project "NetSteps.Diagnostics.Utilities.csproj".
       Target "ResolveComReferences" skipped, due to false condition; ('@(COMReference)'!='' or '@(COMFileReference)'!='') was evaluated as (''!='' or ''!='').
     1>Target "AfterResolveReferences" in file "C:\Windows\Microsoft.NET\Framework\v4.0.30319\Microsoft.Common.targets" from project "D:\Project\Components\Diagnostics.Utilities\trunk\NetSteps.Diagnostics.Tracing\NetSteps.Diagnostics.Utilities.csproj" (target "ResolveReferences" depends on it):
     1>Done building target "AfterResolveReferences" in project "NetSteps.Diagnostics.Utilities.csproj".
       Target "ImplicitlyExpandDesignTimeFacades" skipped, due to false condition; ('$(ImplicitlyExpandDesignTimeFacades)' == 'true') was evaluated as ('' == 'true').
       Target "ResolveTestReferences" skipped, due to false condition; ('@(Shadow)'!='') was evaluated as (''!='').
     1>Target "ResolveReferences" in file "C:\Windows\Microsoft.NET\Framework\v4.0.30319\Microsoft.Common.targets" from project "D:\Project\Components\Diagnostics.Utilities\trunk\NetSteps.Diagnostics.Tracing\NetSteps.Diagnostics.Utilities.csproj" (target "CoreBuild" depends on it):
     1>Done building target "ResolveReferences" in project "NetSteps.Diagnostics.Utilities.csproj".
       Target "XamlMarkupCompilePass1" skipped, due to false condition; ('@(XamlPage)' != '' or '@(XamlAppDef)' != '') was evaluated as ('' != '' or '' != '').
       Target "XamlMarkupCompileReadGeneratedFileList" skipped, due to false condition; ('@(XamlPage)' != '' or '@(XamlAppDef)' != '') was evaluated as ('' != '' or '' != '').
       Target "XamlMarkupCompileAddFilesGenerated" skipped, due to false condition; ('@(XamlPage)' != '' or '@(XamlAppDef)' != '') was evaluated as ('' != '' or '' != '').
       Target "XamlMarkupCompilePass2" skipped, due to false condition; ('$(XamlRequiresCompilationPass2)' == 'true' ) was evaluated as ('false' == 'true' ).
       Target "XamlMarkupCompileReadPass2Flag" skipped, due to false condition; ('@(XamlPage)' != '' or '@(XamlAppDef)' != '') was evaluated as ('' != '' or '' != '').
       Target "XamlMarkupCompileAddExtensionFilesGenerated" skipped, due to false condition; ('@(XamlPage)' != '' or '@(XamlAppDef)' != '') was evaluated as ('' != '' or '' != '').
       Target "MarkupCompilePass1" skipped, due to false condition; ('@(Page)' != '' or '@(ApplicationDefinition)' != '' ) was evaluated as ('' != '' or '' != '' ).
     1>Target "AfterMarkupCompilePass1" in file "C:\Windows\Microsoft.NET\Framework\v4.0.30319\Microsoft.WinFX.targets" from project "D:\Project\Components\Diagnostics.Utilities\trunk\NetSteps.Diagnostics.Tracing\NetSteps.Diagnostics.Utilities.csproj" (target "PrepareResources" depends on it):
     1>Done building target "AfterMarkupCompilePass1" in project "NetSteps.Diagnostics.Utilities.csproj".
       Target "MarkupCompilePass2ForMainAssembly" skipped, due to false condition; ('$(_RequireMCPass2ForMainAssembly)' == 'true' ) was evaluated as ('false' == 'true' ).
     1>Target "FileClassification" in file "C:\Windows\Microsoft.NET\Framework\v4.0.30319\Microsoft.WinFX.targets" from project "D:\Project\Components\Diagnostics.Utilities\trunk\NetSteps.Diagnostics.Tracing\NetSteps.Diagnostics.Utilities.csproj" (target "PrepareResources" depends on it):
       Task "FileClassifier" skipped, due to false condition; ('@(GeneratedBaml)' != '' or '@(Resource)' != '' or '@(Font)' != '') was evaluated as ('' != '' or '' != '' or '' != '').
       Task "Message" skipped, due to false condition; ('$(MSBuildTargetsVerbose)'=='true') was evaluated as (''=='true').
       Task "Message" skipped, due to false condition; ('$(MSBuildTargetsVerbose)'=='true') was evaluated as (''=='true').
     1>Done building target "FileClassification" in project "NetSteps.Diagnostics.Utilities.csproj".
       Target "MainResourcesGeneration" skipped, due to false condition; ('@(MainEmbeddedFiles)' != '') was evaluated as ('' != '').
       Target "AssignWinFXEmbeddedResource" skipped, due to false condition; ('@(WinFXEmbeddedResource)' != '') was evaluated as ('' != '').
     1>Target "AssignTargetPaths" in file "C:\Windows\Microsoft.NET\Framework\v4.0.30319\Microsoft.Common.targets" from project "D:\Project\Components\Diagnostics.Utilities\trunk\NetSteps.Diagnostics.Tracing\NetSteps.Diagnostics.Utilities.csproj" (target "PrepareResourceNames" depends on it):
       Using "AssignTargetPath" task from assembly "Microsoft.Build.Tasks.v4.0, Version=4.0.0.0, Culture=neutral, PublicKeyToken=b03f5f7f11d50a3a".
       Task "AssignTargetPath"
       Done executing task "AssignTargetPath".
       Task "AssignTargetPath"
       Done executing task "AssignTargetPath".
       Task "AssignTargetPath"
       Done executing task "AssignTargetPath".
       Task "AssignTargetPath"
       Done executing task "AssignTargetPath".
       Task "AssignTargetPath" skipped, due to false condition; ('@(_DeploymentBaseManifestWithTargetPath)'=='' and '%(None.Extension)'=='.manifest') was evaluated as (''=='' and ''=='.manifest').
     1>Done building target "AssignTargetPaths" in project "NetSteps.Diagnostics.Utilities.csproj".
       Target "AssignTargetPaths" skipped. Previously built successfully.
     1>Target "SplitResourcesByCulture" in file "C:\Windows\Microsoft.NET\Framework\v4.0.30319\Microsoft.Common.targets" from project "D:\Project\Components\Diagnostics.Utilities\trunk\NetSteps.Diagnostics.Tracing\NetSteps.Diagnostics.Utilities.csproj" (target "PrepareResourceNames" depends on it):
       Task "Warning" skipped, due to false condition; ('@(ResxWithNoCulture)'!='') was evaluated as (''!='').
       Task "Warning" skipped, due to false condition; ('@(ResxWithCulture)'!='') was evaluated as (''!='').
       Task "Warning" skipped, due to false condition; ('@(NonResxWithCulture)'!='') was evaluated as (''!='').
       Task "Warning" skipped, due to false condition; ('@(NonResxWithNoCulture)'!='') was evaluated as (''!='').
       Using "AssignCulture" task from assembly "Microsoft.Build.Tasks.v4.0, Version=4.0.0.0, Culture=neutral, PublicKeyToken=b03f5f7f11d50a3a".
       Task "AssignCulture"
       Done executing task "AssignCulture".
     1>Done building target "SplitResourcesByCulture" in project "NetSteps.Diagnostics.Utilities.csproj".
       Target "CreateManifestResourceNames" skipped, due to false condition; ('@(EmbeddedResource)' != '') was evaluated as ('' != '').
     1>Target "CreateCustomManifestResourceNames" in file "C:\Windows\Microsoft.NET\Framework\v4.0.30319\Microsoft.Common.targets" from project "D:\Project\Components\Diagnostics.Utilities\trunk\NetSteps.Diagnostics.Tracing\NetSteps.Diagnostics.Utilities.csproj" (target "PrepareResourceNames" depends on it):
     1>Done building target "CreateCustomManifestResourceNames" in project "NetSteps.Diagnostics.Utilities.csproj".
     1>Target "PrepareResourceNames" in file "C:\Windows\Microsoft.NET\Framework\v4.0.30319\Microsoft.Common.targets" from project "D:\Project\Components\Diagnostics.Utilities\trunk\NetSteps.Diagnostics.Tracing\NetSteps.Diagnostics.Utilities.csproj" (target "PrepareResources" depends on it):
     1>Done building target "PrepareResourceNames" in project "NetSteps.Diagnostics.Utilities.csproj".
       Target "ResolveAssemblyReferences" skipped. Previously built successfully.
       Target "SplitResourcesByCulture" skipped. Previously built successfully.
     1>Target "BeforeResGen" in file "C:\Windows\Microsoft.NET\Framework\v4.0.30319\Microsoft.Common.targets" from project "D:\Project\Components\Diagnostics.Utilities\trunk\NetSteps.Diagnostics.Tracing\NetSteps.Diagnostics.Utilities.csproj" (target "ResGen" depends on it):
     1>Done building target "BeforeResGen" in project "NetSteps.Diagnostics.Utilities.csproj".
     1>Target "CoreResGen" in file "C:\Windows\Microsoft.NET\Framework\v4.0.30319\Microsoft.Common.targets" from project "D:\Project\Components\Diagnostics.Utilities\trunk\NetSteps.Diagnostics.Tracing\NetSteps.Diagnostics.Utilities.csproj" (target "ResGen" depends on it):
       Task "GenerateResource" skipped, due to false condition; ('%(EmbeddedResource.Type)' == 'Resx' and '%(EmbeddedResource.GenerateResource)' != 'false' and '$(GenerateResourceMSBuildRuntime)' != 'CLR2') was evaluated as ('' == 'Resx' and '' != 'false' and 'CLR4' != 'CLR2').
       Task "GenerateResource" skipped, due to false condition; ('%(EmbeddedResource.Type)' == 'Resx' and '%(EmbeddedResource.GenerateResource)' != 'false' and '$(GenerateResourceMSBuildRuntime)' == 'CLR2') was evaluated as ('' == 'Resx' and '' != 'false' and 'CLR4' == 'CLR2').
     1>Done building target "CoreResGen" in project "NetSteps.Diagnostics.Utilities.csproj".
     1>Target "AfterResGen" in file "C:\Windows\Microsoft.NET\Framework\v4.0.30319\Microsoft.Common.targets" from project "D:\Project\Components\Diagnostics.Utilities\trunk\NetSteps.Diagnostics.Tracing\NetSteps.Diagnostics.Utilities.csproj" (target "ResGen" depends on it):
     1>Done building target "AfterResGen" in project "NetSteps.Diagnostics.Utilities.csproj".
     1>Target "ResGen" in file "C:\Windows\Microsoft.NET\Framework\v4.0.30319\Microsoft.Common.targets" from project "D:\Project\Components\Diagnostics.Utilities\trunk\NetSteps.Diagnostics.Tracing\NetSteps.Diagnostics.Utilities.csproj" (target "PrepareResources" depends on it):
     1>Done building target "ResGen" in project "NetSteps.Diagnostics.Utilities.csproj".
       Target "CompileLicxFiles" skipped, due to false condition; ('@(_LicxFile)'!='') was evaluated as (''!='').
     1>Target "PrepareRdlFiles" in file "C:\Program Files (x86)\MSBuild\Microsoft\VisualStudio\v10.0\ReportingServices\Microsoft.ReportingServices.targets" from project "D:\Project\Components\Diagnostics.Utilities\trunk\NetSteps.Diagnostics.Tracing\NetSteps.Diagnostics.Utilities.csproj" (target "CompileRdlFiles" depends on it):
       Task "CreateItem" skipped, due to false condition; ('%(Extension)'=='.rdlc') was evaluated as (''=='.rdlc').
     1>Done building target "PrepareRdlFiles" in project "NetSteps.Diagnostics.Utilities.csproj".
       Target "RunRdlCompiler" skipped, due to false condition; ('@(RdlFile)'!='') was evaluated as (''!='').
     1>Target "CompileRdlFiles" in file "C:\Program Files (x86)\MSBuild\Microsoft\VisualStudio\v10.0\ReportingServices\Microsoft.ReportingServices.targets" from project "D:\Project\Components\Diagnostics.Utilities\trunk\NetSteps.Diagnostics.Tracing\NetSteps.Diagnostics.Utilities.csproj" (target "PrepareResources" depends on it):
     1>Done building target "CompileRdlFiles" in project "NetSteps.Diagnostics.Utilities.csproj".
     1>Target "PrepareResources" in file "C:\Windows\Microsoft.NET\Framework\v4.0.30319\Microsoft.Common.targets" from project "D:\Project\Components\Diagnostics.Utilities\trunk\NetSteps.Diagnostics.Tracing\NetSteps.Diagnostics.Utilities.csproj" (target "CoreBuild" depends on it):
     1>Done building target "PrepareResources" in project "NetSteps.Diagnostics.Utilities.csproj".
       Target "ResolveKeySource" skipped, due to false condition; ($(SignManifests) == 'true' or $(SignAssembly) == 'true') was evaluated as ( == 'true' or  == 'true').
     1>Target "CodeContractsSlipInDefineSymbolDynamically" in file "C:\Program Files (x86)\Microsoft\Contracts\MsBuild\v4.0\Microsoft.CodeContracts.targets" from project "D:\Project\Components\Diagnostics.Utilities\trunk\NetSteps.Diagnostics.Tracing\NetSteps.Diagnostics.Utilities.csproj" (target "Compile" depends on it):
       Using "CreateProperty" task from assembly "Microsoft.Build.Tasks.v4.0, Version=4.0.0.0, Culture=neutral, PublicKeyToken=b03f5f7f11d50a3a".
       Task "CreateProperty"
       Done executing task "CreateProperty".
       Task "CreateProperty" skipped, due to false condition; ('$(Language)'=='VB') was evaluated as ('C#'=='VB').
     1>Done building target "CodeContractsSlipInDefineSymbolDynamically" in project "NetSteps.Diagnostics.Utilities.csproj".
       Target "ResolveReferences" skipped. Previously built successfully.
       Target "ResolveKeySource" skipped, due to false condition; ($(SignManifests) == 'true' or $(SignAssembly) == 'true') was evaluated as ( == 'true' or  == 'true').
       Target "ResolveComReferences" skipped, due to false condition; ('@(COMReference)'!='' or '@(COMFileReference)'!='') was evaluated as (''!='' or ''!='').
       Target "ResolveNativeReferences" skipped, due to false condition; ('@(NativeReference)'!='') was evaluated as (''!='').
       Target "_SetExternalWin32ManifestProperties" skipped, due to false condition; ('$(GenerateClickOnceManifests)'=='true' or '@(NativeReference)'!='' or '@(ResolvedIsolatedComModules)'!='') was evaluated as (''=='true' or ''!='' or ''!='').
     1>Target "_SetEmbeddedWin32ManifestProperties" in file "C:\Windows\Microsoft.NET\Framework\v4.0.30319\Microsoft.Common.targets" from project "D:\Project\Components\Diagnostics.Utilities\trunk\NetSteps.Diagnostics.Tracing\NetSteps.Diagnostics.Utilities.csproj" (target "SetWin32ManifestProperties" depends on it):
       Using "GetFrameworkPath" task from assembly "Microsoft.Build.Tasks.v4.0, Version=4.0.0.0, Culture=neutral, PublicKeyToken=b03f5f7f11d50a3a".
       Task "GetFrameworkPath"
       Done executing task "GetFrameworkPath".
     1>Done building target "_SetEmbeddedWin32ManifestProperties" in project "NetSteps.Diagnostics.Utilities.csproj".
     1>Target "SetWin32ManifestProperties" in file "C:\Windows\Microsoft.NET\Framework\v4.0.30319\Microsoft.Common.targets" from project "D:\Project\Components\Diagnostics.Utilities\trunk\NetSteps.Diagnostics.Tracing\NetSteps.Diagnostics.Utilities.csproj" (target "Compile" depends on it):
     1>Done building target "SetWin32ManifestProperties" in project "NetSteps.Diagnostics.Utilities.csproj".
     1>Target "_GenerateCompileInputs" in file "C:\Windows\Microsoft.NET\Framework\v4.0.30319\Microsoft.Common.targets" from project "D:\Project\Components\Diagnostics.Utilities\trunk\NetSteps.Diagnostics.Tracing\NetSteps.Diagnostics.Utilities.csproj" (target "Compile" depends on it):
       Task "Warning" skipped, due to false condition; ('@(ManifestResourceWithNoCulture)'!='' and '%(ManifestResourceWithNoCulture.EmittedForCompatibilityOnly)'=='') was evaluated as (''!='' and ''=='').
       Task "Warning" skipped, due to false condition; ('@(ManifestNonResxWithNoCultureOnDisk)'!='' and '%(ManifestNonResxWithNoCultureOnDisk.EmittedForCompatibilityOnly)'=='') was evaluated as (''!='' and ''=='').
     1>Done building target "_GenerateCompileInputs" in project "NetSteps.Diagnostics.Utilities.csproj".
       Target "PrepareForBuild" skipped. Previously built successfully.
       Target "GetReferenceAssemblyPaths" skipped. Previously built successfully.
     1>Target "_SetTargetFrameworkMonikerAttribute" in file "C:\Windows\Microsoft.NET\Framework\v4.0.30319\Microsoft.CSharp.targets" from project "D:\Project\Components\Diagnostics.Utilities\trunk\NetSteps.Diagnostics.Tracing\NetSteps.Diagnostics.Utilities.csproj" (target "GenerateTargetFrameworkMonikerAttribute" depends on it):
     1>Done building target "_SetTargetFrameworkMonikerAttribute" in project "NetSteps.Diagnostics.Utilities.csproj".
     1>Target "GenerateTargetFrameworkMonikerAttribute" in file "C:\Windows\Microsoft.NET\Framework\v4.0.30319\Microsoft.Common.targets" from project "D:\Project\Components\Diagnostics.Utilities\trunk\NetSteps.Diagnostics.Tracing\NetSteps.Diagnostics.Utilities.csproj" (target "BeforeCompile" depends on it):
       Skipping target "GenerateTargetFrameworkMonikerAttribute" because all output files are up-to-date with respect to the input files.
       Input files: C:\Windows\Microsoft.NET\Framework\v4.0.30319\Microsoft.Common.targets
       Output files: C:\Users\tbennion\AppData\Local\Temp\.NETFramework,Version=v4.0.AssemblyAttributes.cs
     1>Done building target "GenerateTargetFrameworkMonikerAttribute" in project "NetSteps.Diagnostics.Utilities.csproj".
       Target "GenerateAdditionalSources" skipped, due to false condition; ('@(AssemblyAttributes)' != '' and '$(GenerateAdditionalSources)' == 'true') was evaluated as ('' != '' and '' == 'true').
     1>Target "BeforeCompile" in file "C:\Windows\Microsoft.NET\Framework\v4.0.30319\Microsoft.Common.targets" from project "D:\Project\Components\Diagnostics.Utilities\trunk\NetSteps.Diagnostics.Tracing\NetSteps.Diagnostics.Utilities.csproj" (target "Compile" depends on it):
     1>Done building target "BeforeCompile" in project "NetSteps.Diagnostics.Utilities.csproj".
       Target "_TimeStampBeforeCompile" skipped, due to false condition; ('$(RunPostBuildEvent)'=='OnOutputUpdated' or ('$(RegisterForComInterop)'=='true' and '$(OutputType)'=='library')) was evaluated as (''=='OnOutputUpdated' or (''=='true' and 'Library'=='library')).
       Target "_ComputeNonExistentFileProperty" skipped, due to false condition; (('$(BuildingInsideVisualStudio)' == 'true') and ('$(BuildingOutOfProcess)' != 'true') and (('$(BuildingProject)' == 'false') or ('$(UseHostCompilerIfAvailable)' == 'true'))) was evaluated as (('' == 'true') and ('' != 'true') and (('true' == 'false') or ('true' == 'true'))).
     1>Target "PreXsdCodeGen" in file "C:\Windows\Microsoft.NET\Framework\v4.0.30319\Microsoft.ServiceModel.targets" from project "D:\Project\Components\Diagnostics.Utilities\trunk\NetSteps.Diagnostics.Tracing\NetSteps.Diagnostics.Utilities.csproj" (target "CoreCompile" depends on it):
       Task "CallTarget"
       Target "CleanXsdCodeGen" skipped. Previously built successfully.
       Done executing task "CallTarget".
     1>Done building target "PreXsdCodeGen" in project "NetSteps.Diagnostics.Utilities.csproj".
       Target "XsdCodeGen" skipped, due to false condition; ( '$(XsdCodeGenPreCondition)' == 'True' ) was evaluated as ( 'False' == 'True' ).
     1>Target "CoreCompile" in file "C:\Windows\Microsoft.NET\Framework\v4.0.30319\Microsoft.CSharp.targets" from project "D:\Project\Components\Diagnostics.Utilities\trunk\NetSteps.Diagnostics.Tracing\NetSteps.Diagnostics.Utilities.csproj" (target "Compile" depends on it):
       Building target "CoreCompile" completely.
       Output file "obj\Debug\NetSteps.Diagnostics.Utilities.dll" does not exist.
       Using "Csc" task from assembly "Microsoft.Build.Tasks.v4.0, Version=4.0.0.0, Culture=neutral, PublicKeyToken=b03f5f7f11d50a3a".
       Task "Csc"
         C:\Windows\Microsoft.NET\Framework\v4.0.30319\Csc.exe /noconfig /nowarn:1701,1702 /nostdlib+ /errorreport:prompt /warn:4 /define:CONTRACTS_FULL;CODE_ANALYSIS;DEBUG;TRACE /highentropyva- /reference:"C:\Program Files (x86)\Reference Assemblies\Microsoft\Framework\.NETFramework\v4.0\Microsoft.CSharp.dll" /reference:"C:\Program Files (x86)\Reference Assemblies\Microsoft\Framework\.NETFramework\v4.0\mscorlib.dll" /reference:"C:\Program Files (x86)\Reference Assemblies\Microsoft\Framework\.NETFramework\v4.0\System.Core.dll" /reference:"C:\Program Files (x86)\Reference Assemblies\Microsoft\Framework\.NETFramework\v4.0\System.Data.DataSetExtensions.dll" /reference:"C:\Program Files (x86)\Reference Assemblies\Microsoft\Framework\.NETFramework\v4.0\System.Data.dll" /reference:"C:\Program Files (x86)\Reference Assemblies\Microsoft\Framework\.NETFramework\v4.0\System.dll" /reference:"C:\Program Files (x86)\Reference Assemblies\Microsoft\Framework\.NETFramework\v4.0\System.Xml.dll" /reference:"C:\Program Files (x86)\Reference Assemblies\Microsoft\Framework\.NETFramework\v4.0\System.Xml.Linq.dll" /debug+ /debug:full /filealign:512 /optimize- /out:obj\Debug\NetSteps.Diagnostics.Utilities.dll /target:library /utf8output DeferredTraceEvent.cs ExceptionTraceEvent.cs Properties\AssemblyInfo.cs TraceActivity.cs TraceEvent.cs Tracer.cs TracerExtensions.cs TypeExtensions.cs Properties\AssemblyInfo.Debug.r1.version.cs "C:\Users\tbennion\AppData\Local\Temp\.NETFramework,Version=v4.0.AssemblyAttributes.cs"
         Microsoft (R) Visual C# Compiler version 4.0.30319.32559
         
         for Microsoft (R) .NET Framework 4.5
         Copyright (C) Microsoft Corporation. All rights reserved.
         
       Done executing task "Csc".
       Task "CallTarget" skipped, due to false condition; ('$(TargetsTriggeredByCompilation)' != '') was evaluated as ('' != '').
     1>Done building target "CoreCompile" in project "NetSteps.Diagnostics.Utilities.csproj".
       Target "_TimeStampAfterCompile" skipped, due to false condition; ('$(RunPostBuildEvent)'=='OnOutputUpdated' or ('$(RegisterForComInterop)'=='true' and '$(OutputType)'=='library')) was evaluated as (''=='OnOutputUpdated' or (''=='true' and 'Library'=='library')).
     1>Target "AfterCompile" in file "C:\Windows\Microsoft.NET\Framework\v4.0.30319\Microsoft.Common.targets" from project "D:\Project\Components\Diagnostics.Utilities\trunk\NetSteps.Diagnostics.Tracing\NetSteps.Diagnostics.Utilities.csproj" (target "Compile" depends on it):
     1>Done building target "AfterCompile" in project "NetSteps.Diagnostics.Utilities.csproj".
       Target "PrepareResourcesForSatelliteAssemblies" skipped, due to false condition; ('$(UICulture)' != '') was evaluated as ('' != '').
       Target "MergeLocalizationDirectives" skipped, due to false condition; ('@(GeneratedLocalizationFiles)' !='') was evaluated as ('' !='').
     1>Target "AfterCompileWinFX" in file "C:\Windows\Microsoft.NET\Framework\v4.0.30319\Microsoft.WinFX.targets" from project "D:\Project\Components\Diagnostics.Utilities\trunk\NetSteps.Diagnostics.Tracing\NetSteps.Diagnostics.Utilities.csproj" (target "_AfterCompileWinFXInternal" depends on it):
     1>Done building target "AfterCompileWinFX" in project "NetSteps.Diagnostics.Utilities.csproj".
     1>Target "_AfterCompileWinFXInternal" in file "C:\Windows\Microsoft.NET\Framework\v4.0.30319\Microsoft.WinFX.targets" from project "D:\Project\Components\Diagnostics.Utilities\trunk\NetSteps.Diagnostics.Tracing\NetSteps.Diagnostics.Utilities.csproj" (target "Compile" depends on it):
     1>Done building target "_AfterCompileWinFXInternal" in project "NetSteps.Diagnostics.Utilities.csproj".
     1>Target "ContractsMakeDeclDir" in file "C:\Program Files (x86)\Microsoft\Contracts\MsBuild\v4.0\Microsoft.CodeContracts.targets" from project "D:\Project\Components\Diagnostics.Utilities\trunk\NetSteps.Diagnostics.Tracing\NetSteps.Diagnostics.Utilities.csproj" (target "ContractDeclarativeAssembly" depends on it):
       Task "MakeDir"
         Creating directory "obj\Debug\Decl\".
       Done executing task "MakeDir".
     1>Done building target "ContractsMakeDeclDir" in project "NetSteps.Diagnostics.Utilities.csproj".
       Target "ResolveReferences" skipped. Previously built successfully.
       Target "ResolveKeySource" skipped, due to false condition; ($(SignManifests) == 'true' or $(SignAssembly) == 'true') was evaluated as ( == 'true' or  == 'true').
     1>Target "ContractDeclarativeAssemblyCS" in file "C:\Program Files (x86)\Microsoft\Contracts\MsBuild\v4.0\Microsoft.CodeContracts.targets" from project "D:\Project\Components\Diagnostics.Utilities\trunk\NetSteps.Diagnostics.Tracing\NetSteps.Diagnostics.Utilities.csproj" (target "ContractDeclarativeAssembly" depends on it):
       Building target "ContractDeclarativeAssemblyCS" completely.
       Output file "D:\Project\Components\Diagnostics.Utilities\trunk\NetSteps.Diagnostics.Tracing\obj\Debug\Decl\NetSteps.Diagnostics.Utilities.dll" does not exist.
       Task "Message"
         Build Declarative Contract Assembly for C# D:\Project\Components\Diagnostics.Utilities\trunk\NetSteps.Diagnostics.Tracing\bin\Debug\NetSteps.Diagnostics.Utilities.dll
       Done executing task "Message".
       Task "Csc"
         C:\Windows\Microsoft.NET\Framework\v4.0.30319\Csc.exe /noconfig /nowarn:1701,1702 /pdb:obj\Debug\Decl\NetSteps.Diagnostics.Utilities.pdb /nostdlib+ /errorreport:prompt /warn:0 /define:CONTRACTS_FULL;CODE_ANALYSIS;DEBUG;TRACE;CONTRACTS_FULL;CODE_ANALYSIS /reference:"C:\Program Files (x86)\Reference Assemblies\Microsoft\Framework\.NETFramework\v4.0\Microsoft.CSharp.dll" /reference:"C:\Program Files (x86)\Reference Assemblies\Microsoft\Framework\.NETFramework\v4.0\mscorlib.dll" /reference:"C:\Program Files (x86)\Reference Assemblies\Microsoft\Framework\.NETFramework\v4.0\System.Core.dll" /reference:"C:\Program Files (x86)\Reference Assemblies\Microsoft\Framework\.NETFramework\v4.0\System.Data.DataSetExtensions.dll" /reference:"C:\Program Files (x86)\Reference Assemblies\Microsoft\Framework\.NETFramework\v4.0\System.Data.dll" /reference:"C:\Program Files (x86)\Reference Assemblies\Microsoft\Framework\.NETFramework\v4.0\System.dll" /reference:"C:\Program Files (x86)\Reference Assemblies\Microsoft\Framework\.NETFramework\v4.0\System.Xml.dll" /reference:"C:\Program Files (x86)\Reference Assemblies\Microsoft\Framework\.NETFramework\v4.0\System.Xml.Linq.dll" /debug+ /debug:full /filealign:512 /optimize+ /out:obj\Debug\Decl\NetSteps.Diagnostics.Utilities.dll /target:library /warnaserror- /utf8output DeferredTraceEvent.cs ExceptionTraceEvent.cs Properties\AssemblyInfo.cs TraceActivity.cs TraceEvent.cs Tracer.cs TracerExtensions.cs TypeExtensions.cs Properties\AssemblyInfo.Debug.r1.version.cs "C:\Users\tbennion\AppData\Local\Temp\.NETFramework,Version=v4.0.AssemblyAttributes.cs" "C:\Program Files (x86)\Microsoft\Contracts\Languages\CSharp\ContractDeclarativeAssemblyAttribute.cs"
         Microsoft (R) Visual C# Compiler version 4.0.30319.32559
         
         for Microsoft (R) .NET Framework 4.5
         Copyright (C) Microsoft Corporation. All rights reserved.
         
       Done executing task "Csc".
     1>Done building target "ContractDeclarativeAssemblyCS" in project "NetSteps.Diagnostics.Utilities.csproj".
       Target "ContractDeclarativeAssemblyVB" skipped, due to false condition; ('$(Language)'=='VB') was evaluated as ('C#'=='VB').
     1>Target "ContractDeclarativeAssembly" in file "C:\Program Files (x86)\Microsoft\Contracts\MsBuild\v4.0\Microsoft.CodeContracts.targets" from project "D:\Project\Components\Diagnostics.Utilities\trunk\NetSteps.Diagnostics.Tracing\NetSteps.Diagnostics.Utilities.csproj" (target "CreateCodeContractReferenceAssembly" depends on it):
     1>Done building target "ContractDeclarativeAssembly" in project "NetSteps.Diagnostics.Utilities.csproj".
     1>Target "MakeCodeContractOutputDirectory" in file "C:\Program Files (x86)\Microsoft\Contracts\MsBuild\v4.0\Microsoft.CodeContracts.targets" from project "D:\Project\Components\Diagnostics.Utilities\trunk\NetSteps.Diagnostics.Tracing\NetSteps.Diagnostics.Utilities.csproj" (target "CreateCodeContractReferenceAssembly" depends on it):
       Task "Message"
         Making directory D:\Project\Components\Diagnostics.Utilities\trunk\NetSteps.Diagnostics.Tracing\bin\Debug\CodeContracts\
       Done executing task "Message".
       Task "MakeDir"
         Creating directory "D:\Project\Components\Diagnostics.Utilities\trunk\NetSteps.Diagnostics.Tracing\bin\Debug\CodeContracts\".
       Done executing task "MakeDir".
     1>Done building target "MakeCodeContractOutputDirectory" in project "NetSteps.Diagnostics.Utilities.csproj".
     1>Target "CodeContractsComputeReferencedLibPaths" in file "C:\Program Files (x86)\Microsoft\Contracts\MsBuild\v4.0\Microsoft.CodeContracts.targets" from project "D:\Project\Components\Diagnostics.Utilities\trunk\NetSteps.Diagnostics.Tracing\NetSteps.Diagnostics.Utilities.csproj" (target "CodeContractsComputeAllLibPaths" depends on it):
       Task "RemoveDuplicates"
       Done executing task "RemoveDuplicates".
     1>Done building target "CodeContractsComputeReferencedLibPaths" in project "NetSteps.Diagnostics.Utilities.csproj".
     1>Target "CodeContractsComputeAllLibPaths" in file "C:\Program Files (x86)\Microsoft\Contracts\MsBuild\v4.0\Microsoft.CodeContracts.targets" from project "D:\Project\Components\Diagnostics.Utilities\trunk\NetSteps.Diagnostics.Tracing\NetSteps.Diagnostics.Utilities.csproj" (target "CreateCodeContractReferenceAssembly" depends on it):
       Task "Message"
         CodeContractsComputeAllLibPaths
       Done executing task "Message".
       Task "RemoveDuplicates"
       Done executing task "RemoveDuplicates".
     1>Done building target "CodeContractsComputeAllLibPaths" in project "NetSteps.Diagnostics.Utilities.csproj".
     1>Target "CreateCodeContractReferenceAssembly" in file "C:\Program Files (x86)\Microsoft\Contracts\MsBuild\v4.0\Microsoft.CodeContracts.targets" from project "D:\Project\Components\Diagnostics.Utilities\trunk\NetSteps.Diagnostics.Tracing\NetSteps.Diagnostics.Utilities.csproj" (target "CodeContractReferenceAssembly" depends on it):
       Building target "CreateCodeContractReferenceAssembly" completely.
       Output file "D:\Project\Components\Diagnostics.Utilities\trunk\NetSteps.Diagnostics.Tracing\bin\Debug\CodeContracts\NetSteps.Diagnostics.Utilities.Contracts.dll" does not exist.
       Task "WriteLinesToFile"
       Done executing task "WriteLinesToFile".
       Using "Exec" task from assembly "Microsoft.Build.Tasks.v4.0, Version=4.0.0.0, Culture=neutral, PublicKeyToken=b03f5f7f11d50a3a".
       Task "Exec"
         "C:\Program Files (x86)\Microsoft\Contracts\Bin\ccrefgen.exe" "@obj\Debug\NetSteps.Diagnostics.Utilitiesccrefgen.rsp"
         elapsed time: 1018.1092ms
       Done executing task "Exec".
     1>Done building target "CreateCodeContractReferenceAssembly" in project "NetSteps.Diagnostics.Utilities.csproj".
       Target "CodeContractDummyReferenceAssembly" skipped, due to false condition; ('$(CodeContractsReferenceAssembly)' == 'doNotBuild') was evaluated as ('Build' == 'doNotBuild').
     1>Target "CodeContractReferenceAssembly" in file "C:\Program Files (x86)\Microsoft\Contracts\MsBuild\v4.0\Microsoft.CodeContracts.targets" from project "D:\Project\Components\Diagnostics.Utilities\trunk\NetSteps.Diagnostics.Tracing\NetSteps.Diagnostics.Utilities.csproj" (target "Compile" depends on it):
     1>Done building target "CodeContractReferenceAssembly" in project "NetSteps.Diagnostics.Utilities.csproj".
       Target "CodeContractsComputeAllLibPaths" skipped. Previously built successfully.
       Target "EnsureContractReferenceAssemblyOfDependeeProjects" skipped, due to false condition; ('@(_ResolvedProjectReferencePaths)' != '') was evaluated as ('' != '').
     1>Target "CodeContractRewrite" in file "C:\Program Files (x86)\Microsoft\Contracts\MsBuild\v4.0\Microsoft.CodeContracts.targets" from project "D:\Project\Components\Diagnostics.Utilities\trunk\NetSteps.Diagnostics.Tracing\NetSteps.Diagnostics.Utilities.csproj" (target "CodeContractInstrument" depends on it):
       Building target "CodeContractRewrite" completely.
       Output file "obj\Debug\NetSteps.Diagnostics.Utilities.rewritten" does not exist.
       Task "WriteLinesToFile"
       Done executing task "WriteLinesToFile".
       Task "Exec"
         "C:\Program Files (x86)\Microsoft\Contracts\Bin\ccrewrite.exe" "@NetSteps.Diagnostics.Utilitiesccrewrite.rsp"
         elapsed time: 608.228ms
       Done executing task "Exec".
       Task "CallTarget"
     1>Target "CodeContractReSign" in file "C:\Program Files (x86)\Microsoft\Contracts\MsBuild\v4.0\Microsoft.CodeContracts.targets" from project "D:\Project\Components\Diagnostics.Utilities\trunk\NetSteps.Diagnostics.Tracing\NetSteps.Diagnostics.Utilities.csproj" (target "CodeContractRewrite" depends on it):
       Using "GetFrameworkSdkPath" task from assembly "Microsoft.Build.Tasks.v4.0, Version=4.0.0.0, Culture=neutral, PublicKeyToken=b03f5f7f11d50a3a".
       Task "GetFrameworkSdkPath"
         Found the Microsoft Windows SDK installed at "C:\Program Files (x86)\Microsoft SDKs\Windows\v8.0A\".
       Done executing task "GetFrameworkSdkPath".
       Task "Exec" skipped, due to false condition; ('$(KeyOriginatorFile)' != '') was evaluated as ('' != '').
       Task "Exec" skipped, due to false condition; ('$(KeyContainerName)' != '') was evaluated as ('' != '').
     1>Done building target "CodeContractReSign" in project "NetSteps.Diagnostics.Utilities.csproj".
       Done executing task "CallTarget".
       Task "WriteLinesToFile"
       Done executing task "WriteLinesToFile".
       Using "Touch" task from assembly "Microsoft.Build.Tasks.v4.0, Version=4.0.0.0, Culture=neutral, PublicKeyToken=b03f5f7f11d50a3a".
       Task "Touch"
         Touching "obj\Debug\NetSteps.Diagnostics.Utilities.rewritten".
       Done executing task "Touch".
     1>Done building target "CodeContractRewrite" in project "NetSteps.Diagnostics.Utilities.csproj".
     1>Target "CodeContractInstrument" in file "C:\Program Files (x86)\Microsoft\Contracts\MsBuild\v4.0\Microsoft.CodeContracts.targets" from project "D:\Project\Components\Diagnostics.Utilities\trunk\NetSteps.Diagnostics.Tracing\NetSteps.Diagnostics.Utilities.csproj" (target "Compile" depends on it):
     1>Done building target "CodeContractInstrument" in project "NetSteps.Diagnostics.Utilities.csproj".
       Target "ContractXmlDocumentation" skipped, due to false condition; (Exists('@(DocFileItem)') and Exists('@(ContractReferenceAssemblyAbsolute)') and '$(BuildingProject)'=='true') was evaluated as (Exists('') and Exists('D:\Project\Components\Diagnostics.Utilities\trunk\NetSteps.Diagnostics.Tracing\bin\Debug\CodeContracts\NetSteps.Diagnostics.Utilities.Contracts.dll') and 'true'=='true').
     1>Target "Compile" in file "C:\Windows\Microsoft.NET\Framework\v4.0.30319\Microsoft.Common.targets" from project "D:\Project\Components\Diagnostics.Utilities\trunk\NetSteps.Diagnostics.Tracing\NetSteps.Diagnostics.Utilities.csproj" (target "CoreBuild" depends on it):
     1>Done building target "Compile" in project "NetSteps.Diagnostics.Utilities.csproj".
       Target "ExportWindowsMDFile" skipped, due to false condition; ('$(ExportWinMDFile)' == 'true') was evaluated as ('' == 'true').
       Target "UnmanagedUnregistration" skipped, due to false condition; ((('$(_AssemblyTimestampBeforeCompile)' != '$(_AssemblyTimestampAfterCompile)' or '$(RegisterForComInterop)' != 'true' or '$(OutputType)' != 'library') or
                           ('$(_AssemblyTimestampBeforeCompile)' == '')) and
                          Exists('@(_UnmanagedRegistrationCache)')) was evaluated as ((('' != '' or '' != 'true' or 'Library' != 'library') or
                           ('' == '')) and
                          Exists('obj\NetSteps.Diagnostics.Utilities.csproj.UnmanagedRegistration.cache')).
       Target "GenerateSerializationAssemblies" skipped, due to false condition; ('$(_SGenGenerateSerializationAssembliesConfig)' == 'On' or ('@(WebReferenceUrl)'!='' and '$(_SGenGenerateSerializationAssembliesConfig)' == 'Auto')) was evaluated as ('Off' == 'On' or (''!='' and 'Off' == 'Auto')).
     1>Target "_GenerateSatelliteAssemblyInputs" in file "C:\Windows\Microsoft.NET\Framework\v4.0.30319\Microsoft.Common.targets" from project "D:\Project\Components\Diagnostics.Utilities\trunk\NetSteps.Diagnostics.Tracing\NetSteps.Diagnostics.Utilities.csproj" (target "CreateSatelliteAssemblies" depends on it):
       Task "Warning" skipped, due to false condition; ('@(ManifestResourceWithCulture)'!='' and '%(ManifestResourceWithCulture.EmittedForCompatibilityOnly)'=='') was evaluated as (''!='' and ''=='').
       Task "Warning" skipped, due to false condition; ('@(ManifestNonResxWithCultureOnDisk)'!='' and '%(ManifestNonResxWithCultureOnDisk.EmittedForCompatibilityOnly)'=='') was evaluated as (''!='' and ''=='').
     1>Done building target "_GenerateSatelliteAssemblyInputs" in project "NetSteps.Diagnostics.Utilities.csproj".
       Target "ComputeIntermediateSatelliteAssemblies" skipped, due to false condition; (@(EmbeddedResource->'%(WithCulture)') != '') was evaluated as ( != '').
       Target "GenerateSatelliteAssemblies" skipped, due to false condition; ('@(_SatelliteAssemblyResourceInputs)' != '') was evaluated as ('' != '').
     1>Target "CreateSatelliteAssemblies" in file "C:\Windows\Microsoft.NET\Framework\v4.0.30319\Microsoft.Common.targets" from project "D:\Project\Components\Diagnostics.Utilities\trunk\NetSteps.Diagnostics.Tracing\NetSteps.Diagnostics.Utilities.csproj" (target "CoreBuild" depends on it):
     1>Done building target "CreateSatelliteAssemblies" in project "NetSteps.Diagnostics.Utilities.csproj".
       Target "GenerateManifests" skipped, due to false condition; ('$(GenerateClickOnceManifests)'=='true' or '@(NativeReference)'!='' or '@(ResolvedIsolatedComModules)'!='' or '$(GenerateAppxManifest)' == 'true') was evaluated as (''=='true' or ''!='' or ''!='' or '' == 'true').
     1>Target "GetTargetPath" in file "C:\Windows\Microsoft.NET\Framework\v4.0.30319\Microsoft.Common.targets" from project "D:\Project\Components\Diagnostics.Utilities\trunk\NetSteps.Diagnostics.Tracing\NetSteps.Diagnostics.Utilities.csproj" (target "CoreBuild" depends on it):
     1>Done building target "GetTargetPath" in project "NetSteps.Diagnostics.Utilities.csproj".
       Target "ComputeIntermediateSatelliteAssemblies" skipped, due to false condition; (@(EmbeddedResource->'%(WithCulture)') != '') was evaluated as ( != '').
       Target "_CopyFilesMarkedCopyLocal" skipped, due to false condition; ('@(ReferenceCopyLocalPaths)' != '') was evaluated as ('' != '').
       Target "AssignTargetPaths" skipped. Previously built successfully.
       Target "_SplitProjectReferencesByFileExistence" skipped. Previously built successfully.
     1>Target "GetCopyToOutputDirectoryXamlAppDefs" in file "C:\Windows\Microsoft.NET\Framework\v4.0.30319\Microsoft.Xaml.targets" from project "D:\Project\Components\Diagnostics.Utilities\trunk\NetSteps.Diagnostics.Tracing\NetSteps.Diagnostics.Utilities.csproj" (target "GetCopyToOutputDirectoryItems" depends on it):
       Task "AssignTargetPath"
       Done executing task "AssignTargetPath".
     1>Done building target "GetCopyToOutputDirectoryXamlAppDefs" in project "NetSteps.Diagnostics.Utilities.csproj".
     1>Target "GetCopyToOutputDirectoryItems" in file "C:\Windows\Microsoft.NET\Framework\v4.0.30319\Microsoft.Common.targets" from project "D:\Project\Components\Diagnostics.Utilities\trunk\NetSteps.Diagnostics.Tracing\NetSteps.Diagnostics.Utilities.csproj" (target "_CopySourceItemsToOutputDirectory" depends on it):
       Task "MSBuild" skipped, due to false condition; ('@(_MSBuildProjectReferenceExistent)' != '' and '$(_GetChildProjectCopyToOutputDirectoryItems)' == 'true' and '%(_MSBuildProjectReferenceExistent.Private)' != 'false' and '$(UseCommonOutputDirectory)' != 'true') was evaluated as ('' != '' and 'true' == 'true' and '' != 'false' and 'false' != 'true').
       Task "AssignTargetPath"
       Done executing task "AssignTargetPath".
     1>Done building target "GetCopyToOutputDirectoryItems" in project "NetSteps.Diagnostics.Utilities.csproj".
       Target "_CopyOutOfDateSourceItemsToOutputDirectory" skipped, due to false condition; ( '@(_SourceItemsToCopyToOutputDirectory)' != '' ) was evaluated as ( '' != '' ).
       Target "_CopyOutOfDateSourceItemsToOutputDirectoryAlways" skipped, due to false condition; ( '@(_SourceItemsToCopyToOutputDirectoryAlways)' != '' ) was evaluated as ( '' != '' ).
     1>Target "_CopySourceItemsToOutputDirectory" in file "C:\Windows\Microsoft.NET\Framework\v4.0.30319\Microsoft.Common.targets" from project "D:\Project\Components\Diagnostics.Utilities\trunk\NetSteps.Diagnostics.Tracing\NetSteps.Diagnostics.Utilities.csproj" (target "CopyFilesToOutputDirectory" depends on it):
     1>Done building target "_CopySourceItemsToOutputDirectory" in project "NetSteps.Diagnostics.Utilities.csproj".
       Target "_CopyAppConfigFile" skipped, due to false condition; ( '@(AppConfigWithTargetPath)' != '' ) was evaluated as ( '' != '' ).
       Target "_CopyManifestFiles" skipped, due to false condition; ( '$(_DeploymentCopyApplicationManifest)'=='true' or '$(GenerateClickOnceManifests)'=='true' ) was evaluated as ( ''=='true' or ''=='true' ).
     1>Target "_CheckForCompileOutputs" in file "C:\Windows\Microsoft.NET\Framework\v4.0.30319\Microsoft.Common.targets" from project "D:\Project\Components\Diagnostics.Utilities\trunk\NetSteps.Diagnostics.Tracing\NetSteps.Diagnostics.Utilities.csproj" (target "CopyFilesToOutputDirectory" depends on it):
     1>Done building target "_CheckForCompileOutputs" in project "NetSteps.Diagnostics.Utilities.csproj".
       Target "_SGenCheckForOutputs" skipped, due to false condition; ('$(_SGenGenerateSerializationAssembliesConfig)' == 'On' or ('@(WebReferenceUrl)'!='' and '$(_SGenGenerateSerializationAssembliesConfig)' == 'Auto')) was evaluated as ('Off' == 'On' or (''!='' and 'Off' == 'Auto')).
     1>Target "CopyFilesToOutputDirectory" in file "C:\Windows\Microsoft.NET\Framework\v4.0.30319\Microsoft.Common.targets" from project "D:\Project\Components\Diagnostics.Utilities\trunk\NetSteps.Diagnostics.Tracing\NetSteps.Diagnostics.Utilities.csproj" (target "PrepareForRun" depends on it):
       Using "Copy" task from assembly "Microsoft.Build.Tasks.v4.0, Version=4.0.0.0, Culture=neutral, PublicKeyToken=b03f5f7f11d50a3a".
       Task "Copy"
         Copying file from "obj\Debug\NetSteps.Diagnostics.Utilities.dll" to "bin\Debug\NetSteps.Diagnostics.Utilities.dll".
       Done executing task "Copy".
       Task "Message"
         NetSteps.Diagnostics.Utilities -> D:\Project\Components\Diagnostics.Utilities\trunk\NetSteps.Diagnostics.Tracing\bin\Debug\NetSteps.Diagnostics.Utilities.dll
       Done executing task "Message".
       Task "Copy" skipped, due to false condition; ('@(AddModules)' != '') was evaluated as ('' != '').
       Task "Copy" skipped, due to false condition; ('$(_SGenDllCreated)'=='true') was evaluated as ('false'=='true').
       Task "Copy"
         Copying file from "obj\Debug\NetSteps.Diagnostics.Utilities.pdb" to "bin\Debug\NetSteps.Diagnostics.Utilities.pdb".
       Done executing task "Copy".
       Task "Copy" skipped, due to false condition; ('$(_DocumentationFileProduced)'=='true') was evaluated as ('false'=='true').
       Task "Copy" skipped, due to false condition; ('@(IntermediateSatelliteAssembliesWithTargetPath)' != '') was evaluated as ('' != '').
       Task "Copy" skipped, due to false condition; ('@(ReferenceComWrappersToCopyLocal)' != '' or '@(ResolvedIsolatedComModules)' != '' or '@(_DeploymentLooseManifestFile)' != '' or '@(NativeReferenceFile)' != '' ) was evaluated as ('' != '' or '' != '' or '' != '' or '' != '' ).
       Task "Copy" skipped, due to false condition; ('$(SkipCopyWinMDArtifact)' != 'true' and '@(WinMDExpArtifacts)' != '') was evaluated as ('' != 'true' and '' != '').
       Task "Message" skipped, due to false condition; ('$(SkipCopyWinMDArtifact)' != 'true' and '$(_WindowsMetadataOutputPath)' != '') was evaluated as ('' != 'true' and '' != '').
     1>Done building target "CopyFilesToOutputDirectory" in project "NetSteps.Diagnostics.Utilities.csproj".
       Target "RunCodeAnalysis" skipped, due to false condition; ('$(RunCodeAnalysis)'=='true' or '$(RunCodeAnalysisOnce)'=='true') was evaluated as (''=='true' or ''=='true').
       Target "CodeContractsRunCodeAnalysisOnTarget" skipped, due to false condition; ('$(ProjectGuid)' != '' and '$([System.Environment]::GetEnvironmentVariable(`CodeContractsTargetProjectGuid`))' == '$(ProjectGuid)') was evaluated as ('{E4C13C45-79FF-4D66-A91F-88929094426B}' != '' and '' == '{E4C13C45-79FF-4D66-A91F-88929094426B}').
       Target "CodeContractsPerformCodeAnalysis" skipped, due to false condition; ('$(CodeContractsRunCodeAnalysis)' == 'true') was evaluated as ('False' == 'true').
     1>Target "PrepareForRun" in file "C:\Windows\Microsoft.NET\Framework\v4.0.30319\Microsoft.Common.targets" from project "D:\Project\Components\Diagnostics.Utilities\trunk\NetSteps.Diagnostics.Tracing\NetSteps.Diagnostics.Utilities.csproj" (target "CoreBuild" depends on it):
     1>Done building target "PrepareForRun" in project "NetSteps.Diagnostics.Utilities.csproj".
       Target "UnmanagedRegistration" skipped, due to false condition; ('$(RegisterForComInterop)'=='true' and '$(OutputType)'=='library') was evaluated as (''=='true' and 'Library'=='library').
       Target "_CheckForCompileOutputs" skipped. Previously built successfully.
       Target "_SGenCheckForOutputs" skipped, due to false condition; ('$(_SGenGenerateSerializationAssembliesConfig)' == 'On' or ('@(WebReferenceUrl)'!='' and '$(_SGenGenerateSerializationAssembliesConfig)' == 'Auto')) was evaluated as ('Off' == 'On' or (''!='' and 'Off' == 'Auto')).
     1>Target "_CleanGetCurrentAndPriorFileWrites" in file "C:\Windows\Microsoft.NET\Framework\v4.0.30319\Microsoft.Common.targets" from project "D:\Project\Components\Diagnostics.Utilities\trunk\NetSteps.Diagnostics.Tracing\NetSteps.Diagnostics.Utilities.csproj" (target "IncrementalClean" depends on it):
       Task "ReadLinesFromFile"
       Done executing task "ReadLinesFromFile".
       Using "ConvertToAbsolutePath" task from assembly "Microsoft.Build.Tasks.v4.0, Version=4.0.0.0, Culture=neutral, PublicKeyToken=b03f5f7f11d50a3a".
       Task "ConvertToAbsolutePath"
       Done executing task "ConvertToAbsolutePath".
       Task "FindUnderPath"
         Comparison path is "D:\Project\Components\Diagnostics.Utilities\trunk\NetSteps.Diagnostics.Tracing".
       Done executing task "FindUnderPath".
       Task "FindUnderPath"
         Comparison path is "bin\Debug\".
       Done executing task "FindUnderPath".
       Task "FindUnderPath"
         Comparison path is "obj\Debug\".
       Done executing task "FindUnderPath".
       Task "RemoveDuplicates"
       Done executing task "RemoveDuplicates".
     1>Done building target "_CleanGetCurrentAndPriorFileWrites" in project "NetSteps.Diagnostics.Utilities.csproj".
     1>Target "IncrementalClean" in file "C:\Windows\Microsoft.NET\Framework\v4.0.30319\Microsoft.Common.targets" from project "D:\Project\Components\Diagnostics.Utilities\trunk\NetSteps.Diagnostics.Tracing\NetSteps.Diagnostics.Utilities.csproj" (target "CoreBuild" depends on it):
       Task "FindUnderPath"
         Comparison path is "bin\Debug\".
       Done executing task "FindUnderPath".
       Task "FindUnderPath"
         Comparison path is "obj\Debug\".
       Done executing task "FindUnderPath".
       Task "Delete"
       Done executing task "Delete".
       Task "RemoveDuplicates"
       Done executing task "RemoveDuplicates".
       Task "WriteLinesToFile"
       Done executing task "WriteLinesToFile".
     1>Done building target "IncrementalClean" in project "NetSteps.Diagnostics.Utilities.csproj".
       Target "PostBuildEvent" skipped, due to false condition; ('$(PostBuildEvent)' != '' and ('$(RunPostBuildEvent)' != 'OnOutputUpdated' or '$(_AssemblyTimestampBeforeCompile)' != '$(_AssemblyTimestampAfterCompile)')) was evaluated as ('' != '' and ('' != 'OnOutputUpdated' or '' != '')).
     1>Target "CoreBuild" in file "C:\Windows\Microsoft.NET\Framework\v4.0.30319\Microsoft.Common.targets" from project "D:\Project\Components\Diagnostics.Utilities\trunk\NetSteps.Diagnostics.Tracing\NetSteps.Diagnostics.Utilities.csproj" (target "Build" depends on it):
     1>Done building target "CoreBuild" in project "NetSteps.Diagnostics.Utilities.csproj".
     1>Target "AfterBuild" in file "C:\Windows\Microsoft.NET\Framework\v4.0.30319\Microsoft.Common.targets" from project "D:\Project\Components\Diagnostics.Utilities\trunk\NetSteps.Diagnostics.Tracing\NetSteps.Diagnostics.Utilities.csproj" (target "Build" depends on it):
     1>Done building target "AfterBuild" in project "NetSteps.Diagnostics.Utilities.csproj".
     1>Target "Build" in file "C:\Windows\Microsoft.NET\Framework\v4.0.30319\Microsoft.Common.targets" from project "D:\Project\Components\Diagnostics.Utilities\trunk\NetSteps.Diagnostics.Tracing\NetSteps.Diagnostics.Utilities.csproj" (entry point):
     1>Done building target "Build" in project "NetSteps.Diagnostics.Utilities.csproj".
       Target "CMTransform" skipped, due to false condition; ($(CMBuild) != '' and '$(Configuration)' == 'Release' and Exists('$(MSBuildProjectDirectory)\CMTransform.marker')) was evaluated as ( != '' and 'Debug' == 'Release' and Exists('D:\Project\Components\Diagnostics.Utilities\trunk\NetSteps.Diagnostics.Tracing\CMTransform.marker')).
       Target "CMTransformWeb" skipped, due to false condition; ($(CMBuild) != '' and '$(Configuration)' == 'Release' and Exists('$(MSBuildProjectDirectory)\CMTransformWeb.marker')) was evaluated as ( != '' and 'Debug' == 'Release' and Exists('D:\Project\Components\Diagnostics.Utilities\trunk\NetSteps.Diagnostics.Tracing\CMTransformWeb.marker')).
     1>Done Building Project "D:\Project\Components\Diagnostics.Utilities\trunk\NetSteps.Diagnostics.Tracing\NetSteps.Diagnostics.Utilities.csproj" (Clean;Build target(s)).

Build succeeded.
    0 Warning(s)
    0 Error(s)

Time Elapsed 00:00:02.73
