Microsoft (R) Build Engine version 4.0.30319.17929
[Microsoft .NET Framework, version 4.0.30319.18034]
Copyright (C) Microsoft Corporation. All rights reserved.

Build started 2/15/2013 2:31:21 PM.
Overriding target "GetFrameworkPaths" in project "C:\windows\Microsoft.NET\Framework\v4.0.30319\Microsoft.Common.targets" with target "GetFrameworkPaths" from project "C:\windows\Microsoft.NET\Framework\v4.0.30319\Microsoft.NETFramework.targets".
Overriding target "SatelliteDllsProjectOutputGroup" in project "C:\windows\Microsoft.NET\Framework\v4.0.30319\Microsoft.Common.targets" with target "SatelliteDllsProjectOutputGroup" from project "C:\windows\Microsoft.NET\Framework\v4.0.30319\Microsoft.WinFX.targets".
Project "C:\SVNRepo\Events\trunk\EmailEventTemplate.Common\EmailEventTemplate.Common\EmailEventTemplate.Common.csproj" on node 1 (Clean;Build target(s)).
Building with tools version "4.0".
Target "_CheckForInvalidConfigurationAndPlatform" in file "C:\windows\Microsoft.NET\Framework\v4.0.30319\Microsoft.Common.targets" from project "C:\SVNRepo\Events\trunk\EmailEventTemplate.Common\EmailEventTemplate.Common\EmailEventTemplate.Common.csproj" (entry point):
Task "Error" skipped, due to false condition; ( '$(_InvalidConfigurationError)' == 'true' ) was evaluated as ( '' == 'true' ).
Task "Warning" skipped, due to false condition; ( '$(_InvalidConfigurationWarning)' == 'true' ) was evaluated as ( '' == 'true' ).
Using "Message" task from assembly "Microsoft.Build.Tasks.v4.0, Version=4.0.0.0, Culture=neutral, PublicKeyToken=b03f5f7f11d50a3a".
Task "Message"
  Configuration=Release
Done executing task "Message".
Task "Message"
  Platform=AnyCPU
Done executing task "Message".
Task "Error" skipped, due to false condition; ('$(OutDir)' != '' and !HasTrailingSlash('$(OutDir)')) was evaluated as ('bin\Release\' != '' and !HasTrailingSlash('bin\Release\')).
Task "Error" skipped, due to false condition; ('$(BaseIntermediateOutputPath)' != '' and !HasTrailingSlash('$(BaseIntermediateOutputPath)')) was evaluated as ('obj\' != '' and !HasTrailingSlash('obj\')).
Task "Error" skipped, due to false condition; ('$(IntermediateOutputPath)' != '' and !HasTrailingSlash('$(IntermediateOutputPath)')) was evaluated as ('obj\Release\' != '' and !HasTrailingSlash('obj\Release\')).
Done building target "_CheckForInvalidConfigurationAndPlatform" in project "EmailEventTemplate.Common.csproj".
Target "SvnCleanVersionFiles" in file "C:\SVNRepo\Events\trunk\EmailEventTemplate.Common\VersionRoot.targets" from project "C:\SVNRepo\Events\trunk\EmailEventTemplate.Common\EmailEventTemplate.Common\EmailEventTemplate.Common.csproj" (target "BeforeClean" depends on it):
Using "Delete" task from assembly "Microsoft.Build.Tasks.v4.0, Version=4.0.0.0, Culture=neutral, PublicKeyToken=b03f5f7f11d50a3a".
Task "Delete"
  Deleting file "C:\SVNRepo\Events\trunk\EmailEventTemplate.Common\EmailEventTemplate.Common\Properties\AssemblyInfo.Debug.r-1.version.cs".
  Deleting file "C:\SVNRepo\Events\trunk\EmailEventTemplate.Common\EmailEventTemplate.Common\Properties\AssemblyInfo.Debug.r8.version.cs".
Done executing task "Delete".
Done building target "SvnCleanVersionFiles" in project "EmailEventTemplate.Common.csproj".
Target "BeforeClean" in file "C:\windows\Microsoft.NET\Framework\v4.0.30319\Microsoft.Common.targets" from project "C:\SVNRepo\Events\trunk\EmailEventTemplate.Common\EmailEventTemplate.Common\EmailEventTemplate.Common.csproj" (target "Clean" depends on it):
Done building target "BeforeClean" in project "EmailEventTemplate.Common.csproj".
Target "UnmanagedUnregistration" skipped, due to false condition; ((('$(_AssemblyTimestampBeforeCompile)' != '$(_AssemblyTimestampAfterCompile)' or '$(RegisterForComInterop)' != 'true' or '$(OutputType)' != 'library') or
                    ('$(_AssemblyTimestampBeforeCompile)' == '')) and
                   Exists('@(_UnmanagedRegistrationCache)')) was evaluated as ((('' != '' or '' != 'true' or 'Library' != 'library') or
                    ('' == '')) and
                   Exists('obj\EmailEventTemplate.Common.csproj.UnmanagedRegistration.cache')).
Target "CoreClean" in file "C:\windows\Microsoft.NET\Framework\v4.0.30319\Microsoft.Common.targets" from project "C:\SVNRepo\Events\trunk\EmailEventTemplate.Common\EmailEventTemplate.Common\EmailEventTemplate.Common.csproj" (target "Clean" depends on it):
Task "Delete"
Done executing task "Delete".
Using "ReadLinesFromFile" task from assembly "Microsoft.Build.Tasks.v4.0, Version=4.0.0.0, Culture=neutral, PublicKeyToken=b03f5f7f11d50a3a".
Task "ReadLinesFromFile"
Done executing task "ReadLinesFromFile".
Using "FindUnderPath" task from assembly "Microsoft.Build.Tasks.v4.0, Version=4.0.0.0, Culture=neutral, PublicKeyToken=b03f5f7f11d50a3a".
Task "FindUnderPath"
  Comparison path is "bin\Release\".
Done executing task "FindUnderPath".
Task "FindUnderPath"
  Comparison path is "obj\Release\".
Done executing task "FindUnderPath".
Task "Delete"
Done executing task "Delete".
Using "RemoveDuplicates" task from assembly "Microsoft.Build.Tasks.v4.0, Version=4.0.0.0, Culture=neutral, PublicKeyToken=b03f5f7f11d50a3a".
Task "RemoveDuplicates"
Done executing task "RemoveDuplicates".
Using "MakeDir" task from assembly "Microsoft.Build.Tasks.v4.0, Version=4.0.0.0, Culture=neutral, PublicKeyToken=b03f5f7f11d50a3a".
Task "MakeDir"
Done executing task "MakeDir".
Using "WriteLinesToFile" task from assembly "Microsoft.Build.Tasks.v4.0, Version=4.0.0.0, Culture=neutral, PublicKeyToken=b03f5f7f11d50a3a".
Task "WriteLinesToFile"
Done executing task "WriteLinesToFile".
Done building target "CoreClean" in project "EmailEventTemplate.Common.csproj".
Target "AssignProjectConfiguration" skipped, due to false condition; ('$(CurrentSolutionConfigurationContents)' != '' or '@(ProjectReference)'!='') was evaluated as ('' != '' or ''!='').
Target "_SplitProjectReferencesByFileExistence" in file "C:\windows\Microsoft.NET\Framework\v4.0.30319\Microsoft.Common.targets" from project "C:\SVNRepo\Events\trunk\EmailEventTemplate.Common\EmailEventTemplate.Common\EmailEventTemplate.Common.csproj" (target "CleanReferencedProjects" depends on it):
Task "ResolveNonMSBuildProjectOutput" skipped, due to false condition; ('$(BuildingInsideVisualStudio)'=='true' and '@(ProjectReferenceWithConfiguration)'!='') was evaluated as (''=='true' and ''!='').
Done building target "_SplitProjectReferencesByFileExistence" in project "EmailEventTemplate.Common.csproj".
Target "CleanReferencedProjects" in file "C:\windows\Microsoft.NET\Framework\v4.0.30319\Microsoft.Common.targets" from project "C:\SVNRepo\Events\trunk\EmailEventTemplate.Common\EmailEventTemplate.Common\EmailEventTemplate.Common.csproj" (target "Clean" depends on it):
Task "MSBuild" skipped, due to false condition; ('$(BuildingInsideVisualStudio)' != 'true' and '$(BuildProjectReferences)' == 'true' and '@(_MSBuildProjectReferenceExistent)' != '') was evaluated as ('' != 'true' and 'true' == 'true' and '' != '').
Done building target "CleanReferencedProjects" in project "EmailEventTemplate.Common.csproj".
Target "CleanPublishFolder" in file "C:\windows\Microsoft.NET\Framework\v4.0.30319\Microsoft.Common.targets" from project "C:\SVNRepo\Events\trunk\EmailEventTemplate.Common\EmailEventTemplate.Common\EmailEventTemplate.Common.csproj" (target "Clean" depends on it):
Task "RemoveDir" skipped, due to false condition; ('$(PublishDir)'=='$(OutputPath)app.publish\' and Exists('$(PublishDir)')) was evaluated as ('bin\Release\app.publish\'=='bin\Release\app.publish\' and Exists('bin\Release\app.publish\')).
Done building target "CleanPublishFolder" in project "EmailEventTemplate.Common.csproj".
Target "AfterClean" in file "C:\windows\Microsoft.NET\Framework\v4.0.30319\Microsoft.Common.targets" from project "C:\SVNRepo\Events\trunk\EmailEventTemplate.Common\EmailEventTemplate.Common\EmailEventTemplate.Common.csproj" (target "Clean" depends on it):
Done building target "AfterClean" in project "EmailEventTemplate.Common.csproj".
Target "EntityClean" skipped, due to false condition; ('@(EntityDeploy)' != '') was evaluated as ('' != '').
Target "Clean" in file "C:\windows\Microsoft.NET\Framework\v4.0.30319\Microsoft.Common.targets" from project "C:\SVNRepo\Events\trunk\EmailEventTemplate.Common\EmailEventTemplate.Common\EmailEventTemplate.Common.csproj" (entry point):
Done building target "Clean" in project "EmailEventTemplate.Common.csproj".
Target "CleanXsdCodeGen" in file "C:\windows\Microsoft.NET\Framework\v4.0.30319\Microsoft.ServiceModel.targets" from project "C:\SVNRepo\Events\trunk\EmailEventTemplate.Common\EmailEventTemplate.Common\EmailEventTemplate.Common.csproj" (entry point):
Task "Delete"
Done executing task "Delete".
Done building target "CleanXsdCodeGen" in project "EmailEventTemplate.Common.csproj".
Target "EntityDeploy" skipped, due to false condition; ('@(EntityDeploy)' != '') was evaluated as ('' != '').
Target "SvnVersioningPrerequisites" in file "C:\SVNRepo\Events\trunk\EmailEventTemplate.Common\VersionRoot.targets" from project "C:\SVNRepo\Events\trunk\EmailEventTemplate.Common\EmailEventTemplate.Common\EmailEventTemplate.Common.csproj" (target "SvnVersioning" depends on it):
Using "SvnInfo" task from assembly "C:\Program Files (x86)\MSBuild\MSBuildCommunityTasks\MSBuild.Community.Tasks.dll".
Task "SvnInfo"
  C:\Program Files (x86)\VisualSVN\bin\svn.exe info --xml --non-interactive --no-auth-cache 
  The "SvnInfo" task is using "svn.exe" from "C:\Program Files (x86)\VisualSVN\bin\svn.exe".
Done executing task "SvnInfo".
Task "WriteLinesToFile"
Done executing task "WriteLinesToFile".
Done building target "SvnVersioningPrerequisites" in project "EmailEventTemplate.Common.csproj".
Target "SvnVersioning" in file "C:\SVNRepo\Events\trunk\EmailEventTemplate.Common\VersionRoot.targets" from project "C:\SVNRepo\Events\trunk\EmailEventTemplate.Common\EmailEventTemplate.Common\EmailEventTemplate.Common.csproj" (target "BeforeBuild" depends on it):
Using "CreateItem" task from assembly "Microsoft.Build.Tasks.v4.0, Version=4.0.0.0, Culture=neutral, PublicKeyToken=b03f5f7f11d50a3a".
Task "CreateItem"
Done executing task "CreateItem".
Using "CallTarget" task from assembly "Microsoft.Build.Tasks.v4.0, Version=4.0.0.0, Culture=neutral, PublicKeyToken=b03f5f7f11d50a3a".
Task "CallTarget"
Target "WriteAssemblyInfoVersionFile" in file "C:\SVNRepo\Events\trunk\EmailEventTemplate.Common\VersionRoot.targets" from project "C:\SVNRepo\Events\trunk\EmailEventTemplate.Common\EmailEventTemplate.Common\EmailEventTemplate.Common.csproj" (target "SvnVersioning" depends on it):
Using "MSBuild.ExtensionPack.FileSystem.File" task from assembly "C:\Program Files (x86)\MSBuild\ExtensionPack\4.0\MSBuild.ExtensionPack.dll".
Task "MSBuild.ExtensionPack.FileSystem.File"
  Removing Lines from File: Properties\AssemblyInfo.cs
Done executing task "MSBuild.ExtensionPack.FileSystem.File".
Task "MSBuild.ExtensionPack.FileSystem.File"
  Removing Lines from File: Properties\AssemblyInfo.cs
Done executing task "MSBuild.ExtensionPack.FileSystem.File".
Task "MSBuild.ExtensionPack.FileSystem.File"
  Removing Lines from File: Properties\AssemblyInfo.cs
Done executing task "MSBuild.ExtensionPack.FileSystem.File".
Task "MSBuild.ExtensionPack.FileSystem.File"
  Removing Lines from File: Properties\AssemblyInfo.Release.r8.version.cs
  Removing line AssemblyFileVersion
Done executing task "MSBuild.ExtensionPack.FileSystem.File".
Task "MSBuild.ExtensionPack.FileSystem.File"
  Removing Lines from File: Properties\AssemblyInfo.Release.r8.version.cs
  Removing line AssemblyVersion
Done executing task "MSBuild.ExtensionPack.FileSystem.File".
Task "MSBuild.ExtensionPack.FileSystem.File"
  Removing Lines from File: Properties\AssemblyInfo.Release.r8.version.cs
Done executing task "MSBuild.ExtensionPack.FileSystem.File".
Task "MSBuild.ExtensionPack.FileSystem.File"
  Writing Lines to File: Properties\AssemblyInfo.Release.r8.version.cs
  Writing line [assembly: AssemblyFileVersion("0.1.8.0")]
Done executing task "MSBuild.ExtensionPack.FileSystem.File".
Task "MSBuild.ExtensionPack.FileSystem.File"
  Writing Lines to File: Properties\AssemblyInfo.Release.r8.version.cs
  Writing line [assembly: AssemblyVersion("0.1.8.0")]
Done executing task "MSBuild.ExtensionPack.FileSystem.File".
Task "MSBuild.ExtensionPack.FileSystem.File"
  Writing Lines to File: Properties\AssemblyInfo.Release.r8.version.cs
  Writing line [assembly: AssemblyInformationalVersion("0.1.8")]
Done executing task "MSBuild.ExtensionPack.FileSystem.File".
Done building target "WriteAssemblyInfoVersionFile" in project "EmailEventTemplate.Common.csproj".
Done executing task "CallTarget".
Done building target "SvnVersioning" in project "EmailEventTemplate.Common.csproj".
Target "BeforeBuild" in file "C:\windows\Microsoft.NET\Framework\v4.0.30319\Microsoft.Common.targets" from project "C:\SVNRepo\Events\trunk\EmailEventTemplate.Common\EmailEventTemplate.Common\EmailEventTemplate.Common.csproj" (target "Build" depends on it):
Done building target "BeforeBuild" in project "EmailEventTemplate.Common.csproj".
Target "BuildOnlySettings" in file "C:\windows\Microsoft.NET\Framework\v4.0.30319\Microsoft.Common.targets" from project "C:\SVNRepo\Events\trunk\EmailEventTemplate.Common\EmailEventTemplate.Common\EmailEventTemplate.Common.csproj" (target "CoreBuild" depends on it):
Done building target "BuildOnlySettings" in project "EmailEventTemplate.Common.csproj".
Target "GetFrameworkPaths" in file "C:\windows\Microsoft.NET\Framework\v4.0.30319\Microsoft.NETFramework.targets" from project "C:\SVNRepo\Events\trunk\EmailEventTemplate.Common\EmailEventTemplate.Common\EmailEventTemplate.Common.csproj" (target "PrepareForBuild" depends on it):
Done building target "GetFrameworkPaths" in project "EmailEventTemplate.Common.csproj".
Target "GetWinFXPath" skipped, due to false condition; (('@(Page)' != '' or '@(ApplicationDefinition)' != '' or '@(Resource)' != '') and ('$(GetWinFXNativePath)' != '' or '$(GetWinFXWoWPath)' != '' )) was evaluated as (('' != '' or '' != '' or '' != '') and ('' != '' or '' != '' )).
Target "GetReferenceAssemblyPaths" in file "C:\windows\Microsoft.NET\Framework\v4.0.30319\Microsoft.Common.targets" from project "C:\SVNRepo\Events\trunk\EmailEventTemplate.Common\EmailEventTemplate.Common\EmailEventTemplate.Common.csproj" (target "PrepareForBuild" depends on it):
Task "GetReferenceAssemblyPaths" skipped, due to false condition; ('$(TargetFrameworkMoniker)' != '' and ('$(_TargetFrameworkDirectories)' == '' or '$(_FullFrameworkReferenceAssemblyPaths)' == '')) was evaluated as ('.NETFramework,Version=v4.0' != '' and ('C:\Program Files (x86)\Reference Assemblies\Microsoft\Framework\.NETFramework\v4.0' == '' or 'C:\Program Files (x86)\Reference Assemblies\Microsoft\Framework\.NETFramework\v4.0' == '')).
Done building target "GetReferenceAssemblyPaths" in project "EmailEventTemplate.Common.csproj".
Target "PrepareForBuild" in file "C:\windows\Microsoft.NET\Framework\v4.0.30319\Microsoft.Common.targets" from project "C:\SVNRepo\Events\trunk\EmailEventTemplate.Common\EmailEventTemplate.Common\EmailEventTemplate.Common.csproj" (target "CoreBuild" depends on it):
Using "FindAppConfigFile" task from assembly "Microsoft.Build.Tasks.v4.0, Version=4.0.0.0, Culture=neutral, PublicKeyToken=b03f5f7f11d50a3a".
Task "FindAppConfigFile"
Done executing task "FindAppConfigFile".
Task "MakeDir"
Done executing task "MakeDir".
Done building target "PrepareForBuild" in project "EmailEventTemplate.Common.csproj".
Target "PreBuildEvent" skipped, due to false condition; ('$(PreBuildEvent)'!='') was evaluated as (''!='').
Target "BeforeResolveReferences" in file "C:\windows\Microsoft.NET\Framework\v4.0.30319\Microsoft.Common.targets" from project "C:\SVNRepo\Events\trunk\EmailEventTemplate.Common\EmailEventTemplate.Common\EmailEventTemplate.Common.csproj" (target "ResolveReferences" depends on it):
Done building target "BeforeResolveReferences" in project "EmailEventTemplate.Common.csproj".
Target "AssignProjectConfiguration" skipped, due to false condition; ('$(CurrentSolutionConfigurationContents)' != '' or '@(ProjectReference)'!='') was evaluated as ('' != '' or ''!='').
Target "AssignProjectConfiguration" skipped, due to false condition; ('$(CurrentSolutionConfigurationContents)' != '' or '@(ProjectReference)'!='') was evaluated as ('' != '' or ''!='').
Target "_SplitProjectReferencesByFileExistence" skipped. Previously built successfully.
Target "ResolveProjectReferences" in file "C:\windows\Microsoft.NET\Framework\v4.0.30319\Microsoft.Common.targets" from project "C:\SVNRepo\Events\trunk\EmailEventTemplate.Common\EmailEventTemplate.Common\EmailEventTemplate.Common.csproj" (target "ResolveReferences" depends on it):
Task "MSBuild" skipped, due to false condition; ('%(_MSBuildProjectReferenceExistent.BuildReference)' == 'true' and '@(ProjectReferenceWithConfiguration)' != '' and ('$(BuildingInsideVisualStudio)' == 'true' or '$(BuildProjectReferences)' != 'true') and '@(_MSBuildProjectReferenceExistent)' != '') was evaluated as ('' == 'true' and '' != '' and ('' == 'true' or 'true' != 'true') and '' != '').
Task "MSBuild" skipped, due to false condition; ('%(_MSBuildProjectReferenceExistent.BuildReference)' == 'true' and '@(ProjectReferenceWithConfiguration)' != '' and '$(BuildingInsideVisualStudio)' != 'true' and '$(BuildProjectReferences)' == 'true' and '@(_MSBuildProjectReferenceExistent)' != '') was evaluated as ('' == 'true' and '' != '' and '' != 'true' and 'true' == 'true' and '' != '').
Task "MSBuild" skipped, due to false condition; ('%(_MSBuildProjectReferenceExistent.BuildReference)' == 'true' and '@(ProjectReferenceWithConfiguration)' != '' and '$(BuildingProject)' == 'true' and '@(_MSBuildProjectReferenceExistent)' != '') was evaluated as ('' == 'true' and '' != '' and 'true' == 'true' and '' != '').
Task "Warning" skipped, due to false condition; ('@(ProjectReferenceWithConfiguration)' != '' and '@(_MSBuildProjectReferenceNonexistent)' != '') was evaluated as ('' != '' and '' != '').
Done building target "ResolveProjectReferences" in project "EmailEventTemplate.Common.csproj".
Target "ResolveNativeReferences" skipped, due to false condition; ('@(NativeReference)'!='') was evaluated as (''!='').
Target "GetFrameworkPaths" skipped. Previously built successfully.
Target "GetReferenceAssemblyPaths" skipped. Previously built successfully.
Target "PrepareForBuild" skipped. Previously built successfully.
Target "GetInstalledSDKLocations" in file "C:\windows\Microsoft.NET\Framework\v4.0.30319\Microsoft.Common.targets" from project "C:\SVNRepo\Events\trunk\EmailEventTemplate.Common\EmailEventTemplate.Common\EmailEventTemplate.Common.csproj" (target "ResolveSDKReferences" depends on it):
Task "GetInstalledSDKLocations" skipped, due to false condition; ('@(SDKReference)' != '') was evaluated as ('' != '').
Done building target "GetInstalledSDKLocations" in project "EmailEventTemplate.Common.csproj".
Target "ResolveSDKReferences" in file "C:\windows\Microsoft.NET\Framework\v4.0.30319\Microsoft.Common.targets" from project "C:\SVNRepo\Events\trunk\EmailEventTemplate.Common\EmailEventTemplate.Common\EmailEventTemplate.Common.csproj" (target "ResolveAssemblyReferences" depends on it):
Task "ResolveSDKReference" skipped, due to false condition; ('@(SDKReference)'!='') was evaluated as (''!='').
Done building target "ResolveSDKReferences" in project "EmailEventTemplate.Common.csproj".
Target "ResolveSDKReferences" skipped. Previously built successfully.
Target "ExpandSDKReferences" in file "C:\windows\Microsoft.NET\Framework\v4.0.30319\Microsoft.Common.targets" from project "C:\SVNRepo\Events\trunk\EmailEventTemplate.Common\EmailEventTemplate.Common\EmailEventTemplate.Common.csproj" (target "ResolveAssemblyReferences" depends on it):
Task "GetSDKReferenceFiles" skipped, due to false condition; ('@(ResolvedSDKReference)'!='') was evaluated as (''!='').
Done building target "ExpandSDKReferences" in project "EmailEventTemplate.Common.csproj".
Target "ResolveAssemblyReferences" in file "C:\windows\Microsoft.NET\Framework\v4.0.30319\Microsoft.Common.targets" from project "C:\SVNRepo\Events\trunk\EmailEventTemplate.Common\EmailEventTemplate.Common\EmailEventTemplate.Common.csproj" (target "ResolveReferences" depends on it):
Using "ResolveAssemblyReference" task from assembly "Microsoft.Build.Tasks.v4.0, Version=4.0.0.0, Culture=neutral, PublicKeyToken=b03f5f7f11d50a3a".
Task "ResolveAssemblyReference"
  TargetFrameworkMoniker:
      .NETFramework,Version=v4.0
  TargetFrameworkMonikerDisplayName:
      .NET Framework 4
  TargetedRuntimeVersion:
      v4.0.30319
  Assemblies:
      NetSteps.Encore.Core
          HintPath = '..\packages\NetSteps.Encore.Core_r2_3.2.4.109.0\lib\net40\NetSteps.Encore.Core.dll'
      Newtonsoft.Json
          HintPath = '..\packages\Newtonsoft.Json.4.5.11\lib\net40\Newtonsoft.Json.dll'
      System
      System.Xml.Linq
      System.Data.DataSetExtensions
      Microsoft.CSharp
      System.Data
      System.Xml
      System.Core
  AssemblyFiles:
      C:\Program Files (x86)\Reference Assemblies\Microsoft\Framework\.NETFramework\v4.0\mscorlib.dll
  CandidateAssemblyFiles:
  TargetFrameworkDirectories:
      C:\Program Files (x86)\Reference Assemblies\Microsoft\Framework\.NETFramework\v4.0
  InstalledAssemblyTables:
  IgnoreInstalledAssemblyTable:
      False
  SearchPaths:
      {CandidateAssemblyFiles}
      {HintPathFromItem}
      {TargetFrameworkDirectory}
      {Registry:Software\Microsoft\.NETFramework,v4.0,AssemblyFoldersEx}
      {AssemblyFolders}
      {GAC}
      {RawFileName}
      bin\Release\
  AllowedAssemblyExtensions:
      .winmd
      .dll
      .exe
  AllowedRelatedFileExtensions:
      .pdb
      .xml
      .pri
  AppConfigFile:
      
  AutoUnify:
      True
  CopyLocalDependenciesWhenParentReferenceInGac:
      True
  FindDependencies:
      True
  TargetProcessorArchitecture:
      msil
  StateFile:
      obj\Release\EmailEventTemplate.Common.csprojResolveAssemblyReference.cache
  InstalledAssemblySubsetTables:
  IgnoreInstalledAssemblySubsetTable:
      False
  TargetFrameworkSubsets:
  FullTargetFrameworkSubsetNames:
      Full
  ProfileName:
      
  FullFrameworkFolders:
      C:\Program Files (x86)\Reference Assemblies\Microsoft\Framework\.NETFramework\v4.0
  LatestTargetFrameworkDirectories:
  ProfileTablesLocation:
  Primary reference "mscorlib, Version=4.0.0.0, Culture=neutral, PublicKeyToken=b77a5c561934e089".
      Resolved file path is "C:\Program Files (x86)\Reference Assemblies\Microsoft\Framework\.NETFramework\v4.0\mscorlib.dll".
      Reference found at search path location "C:\Program Files (x86)\Reference Assemblies\Microsoft\Framework\.NETFramework\v4.0\mscorlib.dll".
      This reference is not "CopyLocal" because it's a prerequisite file.
      The ImageRuntimeVersion for this reference is "v4.0.30319".
  Primary reference "NetSteps.Encore.Core, Version=2.4.109.0, Culture=neutral, PublicKeyToken=d116fce376e37d09".
      Resolved file path is "C:\SVNRepo\Events\trunk\EmailEventTemplate.Common\packages\NetSteps.Encore.Core_r2_3.2.4.109.0\lib\net40\NetSteps.Encore.Core.dll".
      Reference found at search path location "{HintPathFromItem}".
      Found related file "C:\SVNRepo\Events\trunk\EmailEventTemplate.Common\packages\NetSteps.Encore.Core_r2_3.2.4.109.0\lib\net40\NetSteps.Encore.Core.xml".
      The ImageRuntimeVersion for this reference is "v4.0.30319".
  Primary reference "Newtonsoft.Json, Version=4.5.0.0, Culture=neutral, PublicKeyToken=30ad4fe6b2a6aeed".
      Resolved file path is "C:\SVNRepo\Events\trunk\EmailEventTemplate.Common\packages\Newtonsoft.Json.4.5.11\lib\net40\Newtonsoft.Json.dll".
      Reference found at search path location "{HintPathFromItem}".
      Found related file "C:\SVNRepo\Events\trunk\EmailEventTemplate.Common\packages\Newtonsoft.Json.4.5.11\lib\net40\Newtonsoft.Json.xml".
      The ImageRuntimeVersion for this reference is "v4.0.30319".
  Primary reference "System, Version=4.0.0.0, Culture=neutral, PublicKeyToken=b77a5c561934e089".
      Resolved file path is "C:\Program Files (x86)\Reference Assemblies\Microsoft\Framework\.NETFramework\v4.0\System.dll".
      Reference found at search path location "{TargetFrameworkDirectory}".
          For SearchPath "{TargetFrameworkDirectory}".
          Considered "C:\Program Files (x86)\Reference Assemblies\Microsoft\Framework\.NETFramework\v4.0\System.winmd", but it didn't exist.
      This reference is not "CopyLocal" because it's a prerequisite file.
      The ImageRuntimeVersion for this reference is "v4.0.30319".
  Primary reference "System.Xml.Linq, Version=4.0.0.0, Culture=neutral, PublicKeyToken=b77a5c561934e089".
      Resolved file path is "C:\Program Files (x86)\Reference Assemblies\Microsoft\Framework\.NETFramework\v4.0\System.Xml.Linq.dll".
      Reference found at search path location "{TargetFrameworkDirectory}".
          For SearchPath "{TargetFrameworkDirectory}".
          Considered "C:\Program Files (x86)\Reference Assemblies\Microsoft\Framework\.NETFramework\v4.0\System.Xml.Linq.winmd", but it didn't exist.
      This reference is not "CopyLocal" because it's a prerequisite file.
      The ImageRuntimeVersion for this reference is "v4.0.30319".
  Primary reference "System.Data.DataSetExtensions, Version=4.0.0.0, Culture=neutral, PublicKeyToken=b77a5c561934e089".
      Resolved file path is "C:\Program Files (x86)\Reference Assemblies\Microsoft\Framework\.NETFramework\v4.0\System.Data.DataSetExtensions.dll".
      Reference found at search path location "{TargetFrameworkDirectory}".
          For SearchPath "{TargetFrameworkDirectory}".
          Considered "C:\Program Files (x86)\Reference Assemblies\Microsoft\Framework\.NETFramework\v4.0\System.Data.DataSetExtensions.winmd", but it didn't exist.
      This reference is not "CopyLocal" because it's a prerequisite file.
      The ImageRuntimeVersion for this reference is "v4.0.30319".
  Primary reference "Microsoft.CSharp, Version=4.0.0.0, Culture=neutral, PublicKeyToken=b03f5f7f11d50a3a".
      Resolved file path is "C:\Program Files (x86)\Reference Assemblies\Microsoft\Framework\.NETFramework\v4.0\Microsoft.CSharp.dll".
      Reference found at search path location "{TargetFrameworkDirectory}".
          For SearchPath "{TargetFrameworkDirectory}".
          Considered "C:\Program Files (x86)\Reference Assemblies\Microsoft\Framework\.NETFramework\v4.0\Microsoft.CSharp.winmd", but it didn't exist.
      This reference is not "CopyLocal" because it's a prerequisite file.
      The ImageRuntimeVersion for this reference is "v4.0.30319".
  Primary reference "System.Data, Version=4.0.0.0, Culture=neutral, PublicKeyToken=b77a5c561934e089".
      Resolved file path is "C:\Program Files (x86)\Reference Assemblies\Microsoft\Framework\.NETFramework\v4.0\System.Data.dll".
      Reference found at search path location "{TargetFrameworkDirectory}".
          For SearchPath "{TargetFrameworkDirectory}".
          Considered "C:\Program Files (x86)\Reference Assemblies\Microsoft\Framework\.NETFramework\v4.0\System.Data.winmd", but it didn't exist.
      This reference is not "CopyLocal" because it's a prerequisite file.
      The ImageRuntimeVersion for this reference is "v4.0.30319".
  Primary reference "System.Xml, Version=4.0.0.0, Culture=neutral, PublicKeyToken=b77a5c561934e089".
      Resolved file path is "C:\Program Files (x86)\Reference Assemblies\Microsoft\Framework\.NETFramework\v4.0\System.Xml.dll".
      Reference found at search path location "{TargetFrameworkDirectory}".
          For SearchPath "{TargetFrameworkDirectory}".
          Considered "C:\Program Files (x86)\Reference Assemblies\Microsoft\Framework\.NETFramework\v4.0\System.Xml.winmd", but it didn't exist.
      This reference is not "CopyLocal" because it's a prerequisite file.
      The ImageRuntimeVersion for this reference is "v4.0.30319".
  Primary reference "System.Core, Version=4.0.0.0, Culture=neutral, PublicKeyToken=b77a5c561934e089".
      Resolved file path is "C:\Program Files (x86)\Reference Assemblies\Microsoft\Framework\.NETFramework\v4.0\System.Core.dll".
      Reference found at search path location "{TargetFrameworkDirectory}".
          For SearchPath "{TargetFrameworkDirectory}".
          Considered "C:\Program Files (x86)\Reference Assemblies\Microsoft\Framework\.NETFramework\v4.0\System.Core.winmd", but it didn't exist.
      This reference is not "CopyLocal" because it's a prerequisite file.
      The ImageRuntimeVersion for this reference is "v4.0.30319".
  Dependency "System.Configuration, Version=4.0.0.0, Culture=neutral, PublicKeyToken=b03f5f7f11d50a3a".
      Resolved file path is "C:\Program Files (x86)\Reference Assemblies\Microsoft\Framework\.NETFramework\v4.0\System.Configuration.dll".
      Reference found at search path location "{TargetFrameworkDirectory}".
          For SearchPath "C:\SVNRepo\Events\trunk\EmailEventTemplate.Common\packages\NetSteps.Encore.Core_r2_3.2.4.109.0\lib\net40".
          Considered "C:\SVNRepo\Events\trunk\EmailEventTemplate.Common\packages\NetSteps.Encore.Core_r2_3.2.4.109.0\lib\net40\System.Configuration.winmd", but it didn't exist.
          Considered "C:\SVNRepo\Events\trunk\EmailEventTemplate.Common\packages\NetSteps.Encore.Core_r2_3.2.4.109.0\lib\net40\System.Configuration.dll", but it didn't exist.
          Considered "C:\SVNRepo\Events\trunk\EmailEventTemplate.Common\packages\NetSteps.Encore.Core_r2_3.2.4.109.0\lib\net40\System.Configuration.exe", but it didn't exist.
          For SearchPath "{TargetFrameworkDirectory}".
          Considered "C:\Program Files (x86)\Reference Assemblies\Microsoft\Framework\.NETFramework\v4.0\System.Configuration.winmd", but it didn't exist.
      Required by "NetSteps.Encore.Core".
      This reference is not "CopyLocal" because it's a prerequisite file.
      The ImageRuntimeVersion for this reference is "v4.0.30319".
  Dependency "System.Runtime.Serialization, Version=4.0.0.0, Culture=neutral, PublicKeyToken=b77a5c561934e089".
      Resolved file path is "C:\Program Files (x86)\Reference Assemblies\Microsoft\Framework\.NETFramework\v4.0\System.Runtime.Serialization.dll".
      Reference found at search path location "{TargetFrameworkDirectory}".
          For SearchPath "C:\SVNRepo\Events\trunk\EmailEventTemplate.Common\packages\Newtonsoft.Json.4.5.11\lib\net40".
          Considered "C:\SVNRepo\Events\trunk\EmailEventTemplate.Common\packages\Newtonsoft.Json.4.5.11\lib\net40\System.Runtime.Serialization.winmd", but it didn't exist.
          Considered "C:\SVNRepo\Events\trunk\EmailEventTemplate.Common\packages\Newtonsoft.Json.4.5.11\lib\net40\System.Runtime.Serialization.dll", but it didn't exist.
          Considered "C:\SVNRepo\Events\trunk\EmailEventTemplate.Common\packages\Newtonsoft.Json.4.5.11\lib\net40\System.Runtime.Serialization.exe", but it didn't exist.
          For SearchPath "{TargetFrameworkDirectory}".
          Considered "C:\Program Files (x86)\Reference Assemblies\Microsoft\Framework\.NETFramework\v4.0\System.Runtime.Serialization.winmd", but it didn't exist.
      Required by "Newtonsoft.Json".
      Required by "NetSteps.Encore.Core".
      This reference is not "CopyLocal" because it's a prerequisite file.
      The ImageRuntimeVersion for this reference is "v4.0.30319".
Done executing task "ResolveAssemblyReference".
Done building target "ResolveAssemblyReferences" in project "EmailEventTemplate.Common.csproj".
Target "ResolveComReferences" skipped, due to false condition; ('@(COMReference)'!='' or '@(COMFileReference)'!='') was evaluated as (''!='' or ''!='').
Target "AfterResolveReferences" in file "C:\windows\Microsoft.NET\Framework\v4.0.30319\Microsoft.Common.targets" from project "C:\SVNRepo\Events\trunk\EmailEventTemplate.Common\EmailEventTemplate.Common\EmailEventTemplate.Common.csproj" (target "ResolveReferences" depends on it):
Done building target "AfterResolveReferences" in project "EmailEventTemplate.Common.csproj".
Target "ImplicitlyExpandDesignTimeFacades" skipped, due to false condition; ('$(ImplicitlyExpandDesignTimeFacades)' == 'true') was evaluated as ('' == 'true').
Target "ResolveTestReferences" skipped, due to false condition; ('@(Shadow)'!='') was evaluated as (''!='').
Target "ResolveReferences" in file "C:\windows\Microsoft.NET\Framework\v4.0.30319\Microsoft.Common.targets" from project "C:\SVNRepo\Events\trunk\EmailEventTemplate.Common\EmailEventTemplate.Common\EmailEventTemplate.Common.csproj" (target "CoreBuild" depends on it):
Done building target "ResolveReferences" in project "EmailEventTemplate.Common.csproj".
Target "XamlMarkupCompilePass1" skipped, due to false condition; ('@(XamlPage)' != '' or '@(XamlAppDef)' != '') was evaluated as ('' != '' or '' != '').
Target "XamlMarkupCompileReadGeneratedFileList" skipped, due to false condition; ('@(XamlPage)' != '' or '@(XamlAppDef)' != '') was evaluated as ('' != '' or '' != '').
Target "XamlMarkupCompileAddFilesGenerated" skipped, due to false condition; ('@(XamlPage)' != '' or '@(XamlAppDef)' != '') was evaluated as ('' != '' or '' != '').
Target "XamlMarkupCompilePass2" skipped, due to false condition; ('$(XamlRequiresCompilationPass2)' == 'true' ) was evaluated as ('false' == 'true' ).
Target "XamlMarkupCompileReadPass2Flag" skipped, due to false condition; ('@(XamlPage)' != '' or '@(XamlAppDef)' != '') was evaluated as ('' != '' or '' != '').
Target "XamlMarkupCompileAddExtensionFilesGenerated" skipped, due to false condition; ('@(XamlPage)' != '' or '@(XamlAppDef)' != '') was evaluated as ('' != '' or '' != '').
Target "MarkupCompilePass1" skipped, due to false condition; ('@(Page)' != '' or '@(ApplicationDefinition)' != '' ) was evaluated as ('' != '' or '' != '' ).
Target "AfterMarkupCompilePass1" in file "C:\windows\Microsoft.NET\Framework\v4.0.30319\Microsoft.WinFX.targets" from project "C:\SVNRepo\Events\trunk\EmailEventTemplate.Common\EmailEventTemplate.Common\EmailEventTemplate.Common.csproj" (target "PrepareResources" depends on it):
Done building target "AfterMarkupCompilePass1" in project "EmailEventTemplate.Common.csproj".
Target "MarkupCompilePass2ForMainAssembly" skipped, due to false condition; ('$(_RequireMCPass2ForMainAssembly)' == 'true' ) was evaluated as ('false' == 'true' ).
Target "FileClassification" in file "C:\windows\Microsoft.NET\Framework\v4.0.30319\Microsoft.WinFX.targets" from project "C:\SVNRepo\Events\trunk\EmailEventTemplate.Common\EmailEventTemplate.Common\EmailEventTemplate.Common.csproj" (target "PrepareResources" depends on it):
Task "FileClassifier" skipped, due to false condition; ('@(GeneratedBaml)' != '' or '@(Resource)' != '' or '@(Font)' != '') was evaluated as ('' != '' or '' != '' or '' != '').
Task "Message" skipped, due to false condition; ('$(MSBuildTargetsVerbose)'=='true') was evaluated as (''=='true').
Task "Message" skipped, due to false condition; ('$(MSBuildTargetsVerbose)'=='true') was evaluated as (''=='true').
Done building target "FileClassification" in project "EmailEventTemplate.Common.csproj".
Target "MainResourcesGeneration" skipped, due to false condition; ('@(MainEmbeddedFiles)' != '') was evaluated as ('' != '').
Target "AssignWinFXEmbeddedResource" skipped, due to false condition; ('@(WinFXEmbeddedResource)' != '') was evaluated as ('' != '').
Target "AssignTargetPaths" in file "C:\windows\Microsoft.NET\Framework\v4.0.30319\Microsoft.Common.targets" from project "C:\SVNRepo\Events\trunk\EmailEventTemplate.Common\EmailEventTemplate.Common\EmailEventTemplate.Common.csproj" (target "PrepareResourceNames" depends on it):
Using "AssignTargetPath" task from assembly "Microsoft.Build.Tasks.v4.0, Version=4.0.0.0, Culture=neutral, PublicKeyToken=b03f5f7f11d50a3a".
Task "AssignTargetPath"
Done executing task "AssignTargetPath".
Task "AssignTargetPath"
Done executing task "AssignTargetPath".
Task "AssignTargetPath"
Done executing task "AssignTargetPath".
Task "AssignTargetPath"
Done executing task "AssignTargetPath".
Task "AssignTargetPath" skipped, due to false condition; ('@(_DeploymentBaseManifestWithTargetPath)'=='' and '%(None.Extension)'=='.manifest') was evaluated as (''=='' and '.config'=='.manifest').
Done building target "AssignTargetPaths" in project "EmailEventTemplate.Common.csproj".
Target "AssignTargetPaths" skipped. Previously built successfully.
Target "SplitResourcesByCulture" in file "C:\windows\Microsoft.NET\Framework\v4.0.30319\Microsoft.Common.targets" from project "C:\SVNRepo\Events\trunk\EmailEventTemplate.Common\EmailEventTemplate.Common\EmailEventTemplate.Common.csproj" (target "PrepareResourceNames" depends on it):
Task "Warning" skipped, due to false condition; ('@(ResxWithNoCulture)'!='') was evaluated as (''!='').
Task "Warning" skipped, due to false condition; ('@(ResxWithCulture)'!='') was evaluated as (''!='').
Task "Warning" skipped, due to false condition; ('@(NonResxWithCulture)'!='') was evaluated as (''!='').
Task "Warning" skipped, due to false condition; ('@(NonResxWithNoCulture)'!='') was evaluated as (''!='').
Using "AssignCulture" task from assembly "Microsoft.Build.Tasks.v4.0, Version=4.0.0.0, Culture=neutral, PublicKeyToken=b03f5f7f11d50a3a".
Task "AssignCulture"
Done executing task "AssignCulture".
Done building target "SplitResourcesByCulture" in project "EmailEventTemplate.Common.csproj".
Target "CreateManifestResourceNames" skipped, due to false condition; ('@(EmbeddedResource)' != '') was evaluated as ('' != '').
Target "CreateCustomManifestResourceNames" in file "C:\windows\Microsoft.NET\Framework\v4.0.30319\Microsoft.Common.targets" from project "C:\SVNRepo\Events\trunk\EmailEventTemplate.Common\EmailEventTemplate.Common\EmailEventTemplate.Common.csproj" (target "PrepareResourceNames" depends on it):
Done building target "CreateCustomManifestResourceNames" in project "EmailEventTemplate.Common.csproj".
Target "PrepareResourceNames" in file "C:\windows\Microsoft.NET\Framework\v4.0.30319\Microsoft.Common.targets" from project "C:\SVNRepo\Events\trunk\EmailEventTemplate.Common\EmailEventTemplate.Common\EmailEventTemplate.Common.csproj" (target "PrepareResources" depends on it):
Done building target "PrepareResourceNames" in project "EmailEventTemplate.Common.csproj".
Target "ResolveAssemblyReferences" skipped. Previously built successfully.
Target "SplitResourcesByCulture" skipped. Previously built successfully.
Target "BeforeResGen" in file "C:\windows\Microsoft.NET\Framework\v4.0.30319\Microsoft.Common.targets" from project "C:\SVNRepo\Events\trunk\EmailEventTemplate.Common\EmailEventTemplate.Common\EmailEventTemplate.Common.csproj" (target "ResGen" depends on it):
Done building target "BeforeResGen" in project "EmailEventTemplate.Common.csproj".
Target "CoreResGen" in file "C:\windows\Microsoft.NET\Framework\v4.0.30319\Microsoft.Common.targets" from project "C:\SVNRepo\Events\trunk\EmailEventTemplate.Common\EmailEventTemplate.Common\EmailEventTemplate.Common.csproj" (target "ResGen" depends on it):
Task "GenerateResource" skipped, due to false condition; ('%(EmbeddedResource.Type)' == 'Resx' and '%(EmbeddedResource.GenerateResource)' != 'false' and '$(GenerateResourceMSBuildRuntime)' != 'CLR2') was evaluated as ('' == 'Resx' and '' != 'false' and 'CLR4' != 'CLR2').
Task "GenerateResource" skipped, due to false condition; ('%(EmbeddedResource.Type)' == 'Resx' and '%(EmbeddedResource.GenerateResource)' != 'false' and '$(GenerateResourceMSBuildRuntime)' == 'CLR2') was evaluated as ('' == 'Resx' and '' != 'false' and 'CLR4' == 'CLR2').
Done building target "CoreResGen" in project "EmailEventTemplate.Common.csproj".
Target "AfterResGen" in file "C:\windows\Microsoft.NET\Framework\v4.0.30319\Microsoft.Common.targets" from project "C:\SVNRepo\Events\trunk\EmailEventTemplate.Common\EmailEventTemplate.Common\EmailEventTemplate.Common.csproj" (target "ResGen" depends on it):
Done building target "AfterResGen" in project "EmailEventTemplate.Common.csproj".
Target "ResGen" in file "C:\windows\Microsoft.NET\Framework\v4.0.30319\Microsoft.Common.targets" from project "C:\SVNRepo\Events\trunk\EmailEventTemplate.Common\EmailEventTemplate.Common\EmailEventTemplate.Common.csproj" (target "PrepareResources" depends on it):
Done building target "ResGen" in project "EmailEventTemplate.Common.csproj".
Target "CompileLicxFiles" skipped, due to false condition; ('@(_LicxFile)'!='') was evaluated as (''!='').
Target "PrepareRdlFiles" in file "C:\Program Files (x86)\MSBuild\Microsoft\VisualStudio\v10.0\ReportingServices\Microsoft.ReportingServices.targets" from project "C:\SVNRepo\Events\trunk\EmailEventTemplate.Common\EmailEventTemplate.Common\EmailEventTemplate.Common.csproj" (target "CompileRdlFiles" depends on it):
Task "CreateItem" skipped, due to false condition; ('%(Extension)'=='.rdlc') was evaluated as (''=='.rdlc').
Done building target "PrepareRdlFiles" in project "EmailEventTemplate.Common.csproj".
Target "RunRdlCompiler" skipped, due to false condition; ('@(RdlFile)'!='') was evaluated as (''!='').
Target "CompileRdlFiles" in file "C:\Program Files (x86)\MSBuild\Microsoft\VisualStudio\v10.0\ReportingServices\Microsoft.ReportingServices.targets" from project "C:\SVNRepo\Events\trunk\EmailEventTemplate.Common\EmailEventTemplate.Common\EmailEventTemplate.Common.csproj" (target "PrepareResources" depends on it):
Done building target "CompileRdlFiles" in project "EmailEventTemplate.Common.csproj".
Target "PrepareResources" in file "C:\windows\Microsoft.NET\Framework\v4.0.30319\Microsoft.Common.targets" from project "C:\SVNRepo\Events\trunk\EmailEventTemplate.Common\EmailEventTemplate.Common\EmailEventTemplate.Common.csproj" (target "CoreBuild" depends on it):
Done building target "PrepareResources" in project "EmailEventTemplate.Common.csproj".
Target "ResolveKeySource" skipped, due to false condition; ($(SignManifests) == 'true' or $(SignAssembly) == 'true') was evaluated as ( == 'true' or  == 'true').
Target "CodeContractsSlipInDefineSymbolDynamically" in file "C:\Program Files (x86)\Microsoft\Contracts\MsBuild\v4.0\Microsoft.CodeContracts.targets" from project "C:\SVNRepo\Events\trunk\EmailEventTemplate.Common\EmailEventTemplate.Common\EmailEventTemplate.Common.csproj" (target "Compile" depends on it):
Using "CreateProperty" task from assembly "Microsoft.Build.Tasks.v4.0, Version=4.0.0.0, Culture=neutral, PublicKeyToken=b03f5f7f11d50a3a".
Task "CreateProperty"
Done executing task "CreateProperty".
Task "CreateProperty" skipped, due to false condition; ('$(Language)'=='VB') was evaluated as ('C#'=='VB').
Done building target "CodeContractsSlipInDefineSymbolDynamically" in project "EmailEventTemplate.Common.csproj".
Target "ResolveReferences" skipped. Previously built successfully.
Target "ResolveKeySource" skipped, due to false condition; ($(SignManifests) == 'true' or $(SignAssembly) == 'true') was evaluated as ( == 'true' or  == 'true').
Target "ResolveComReferences" skipped, due to false condition; ('@(COMReference)'!='' or '@(COMFileReference)'!='') was evaluated as (''!='' or ''!='').
Target "ResolveNativeReferences" skipped, due to false condition; ('@(NativeReference)'!='') was evaluated as (''!='').
Target "_SetExternalWin32ManifestProperties" skipped, due to false condition; ('$(GenerateClickOnceManifests)'=='true' or '@(NativeReference)'!='' or '@(ResolvedIsolatedComModules)'!='') was evaluated as (''=='true' or ''!='' or ''!='').
Target "_SetEmbeddedWin32ManifestProperties" in file "C:\windows\Microsoft.NET\Framework\v4.0.30319\Microsoft.Common.targets" from project "C:\SVNRepo\Events\trunk\EmailEventTemplate.Common\EmailEventTemplate.Common\EmailEventTemplate.Common.csproj" (target "SetWin32ManifestProperties" depends on it):
Using "GetFrameworkPath" task from assembly "Microsoft.Build.Tasks.v4.0, Version=4.0.0.0, Culture=neutral, PublicKeyToken=b03f5f7f11d50a3a".
Task "GetFrameworkPath"
Done executing task "GetFrameworkPath".
Done building target "_SetEmbeddedWin32ManifestProperties" in project "EmailEventTemplate.Common.csproj".
Target "SetWin32ManifestProperties" in file "C:\windows\Microsoft.NET\Framework\v4.0.30319\Microsoft.Common.targets" from project "C:\SVNRepo\Events\trunk\EmailEventTemplate.Common\EmailEventTemplate.Common\EmailEventTemplate.Common.csproj" (target "Compile" depends on it):
Done building target "SetWin32ManifestProperties" in project "EmailEventTemplate.Common.csproj".
Target "_GenerateCompileInputs" in file "C:\windows\Microsoft.NET\Framework\v4.0.30319\Microsoft.Common.targets" from project "C:\SVNRepo\Events\trunk\EmailEventTemplate.Common\EmailEventTemplate.Common\EmailEventTemplate.Common.csproj" (target "Compile" depends on it):
Task "Warning" skipped, due to false condition; ('@(ManifestResourceWithNoCulture)'!='' and '%(ManifestResourceWithNoCulture.EmittedForCompatibilityOnly)'=='') was evaluated as (''!='' and ''=='').
Task "Warning" skipped, due to false condition; ('@(ManifestNonResxWithNoCultureOnDisk)'!='' and '%(ManifestNonResxWithNoCultureOnDisk.EmittedForCompatibilityOnly)'=='') was evaluated as (''!='' and ''=='').
Done building target "_GenerateCompileInputs" in project "EmailEventTemplate.Common.csproj".
Target "PrepareForBuild" skipped. Previously built successfully.
Target "GetReferenceAssemblyPaths" skipped. Previously built successfully.
Target "_SetTargetFrameworkMonikerAttribute" in file "C:\windows\Microsoft.NET\Framework\v4.0.30319\Microsoft.CSharp.targets" from project "C:\SVNRepo\Events\trunk\EmailEventTemplate.Common\EmailEventTemplate.Common\EmailEventTemplate.Common.csproj" (target "GenerateTargetFrameworkMonikerAttribute" depends on it):
Done building target "_SetTargetFrameworkMonikerAttribute" in project "EmailEventTemplate.Common.csproj".
Target "GenerateTargetFrameworkMonikerAttribute" in file "C:\windows\Microsoft.NET\Framework\v4.0.30319\Microsoft.Common.targets" from project "C:\SVNRepo\Events\trunk\EmailEventTemplate.Common\EmailEventTemplate.Common\EmailEventTemplate.Common.csproj" (target "BeforeCompile" depends on it):
Skipping target "GenerateTargetFrameworkMonikerAttribute" because all output files are up-to-date with respect to the input files.
Input files: C:\windows\Microsoft.NET\Framework\v4.0.30319\Microsoft.Common.targets
Output files: C:\Users\jjordan\AppData\Local\Temp\.NETFramework,Version=v4.0.AssemblyAttributes.cs
Done building target "GenerateTargetFrameworkMonikerAttribute" in project "EmailEventTemplate.Common.csproj".
Target "GenerateAdditionalSources" skipped, due to false condition; ('@(AssemblyAttributes)' != '' and '$(GenerateAdditionalSources)' == 'true') was evaluated as ('' != '' and '' == 'true').
Target "BeforeCompile" in file "C:\windows\Microsoft.NET\Framework\v4.0.30319\Microsoft.Common.targets" from project "C:\SVNRepo\Events\trunk\EmailEventTemplate.Common\EmailEventTemplate.Common\EmailEventTemplate.Common.csproj" (target "Compile" depends on it):
Done building target "BeforeCompile" in project "EmailEventTemplate.Common.csproj".
Target "_TimeStampBeforeCompile" skipped, due to false condition; ('$(RunPostBuildEvent)'=='OnOutputUpdated' or ('$(RegisterForComInterop)'=='true' and '$(OutputType)'=='library')) was evaluated as (''=='OnOutputUpdated' or (''=='true' and 'Library'=='library')).
Target "_ComputeNonExistentFileProperty" skipped, due to false condition; (('$(BuildingInsideVisualStudio)' == 'true') and ('$(BuildingOutOfProcess)' != 'true') and (('$(BuildingProject)' == 'false') or ('$(UseHostCompilerIfAvailable)' == 'true'))) was evaluated as (('' == 'true') and ('' != 'true') and (('true' == 'false') or ('true' == 'true'))).
Target "PreXsdCodeGen" in file "C:\windows\Microsoft.NET\Framework\v4.0.30319\Microsoft.ServiceModel.targets" from project "C:\SVNRepo\Events\trunk\EmailEventTemplate.Common\EmailEventTemplate.Common\EmailEventTemplate.Common.csproj" (target "CoreCompile" depends on it):
Task "CallTarget"
Target "CleanXsdCodeGen" skipped. Previously built successfully.
Done executing task "CallTarget".
Done building target "PreXsdCodeGen" in project "EmailEventTemplate.Common.csproj".
Target "XsdCodeGen" skipped, due to false condition; ( '$(XsdCodeGenPreCondition)' == 'True' ) was evaluated as ( 'False' == 'True' ).
Target "CoreCompile" in file "C:\windows\Microsoft.NET\Framework\v4.0.30319\Microsoft.CSharp.targets" from project "C:\SVNRepo\Events\trunk\EmailEventTemplate.Common\EmailEventTemplate.Common\EmailEventTemplate.Common.csproj" (target "Compile" depends on it):
Building target "CoreCompile" completely.
Output file "obj\Release\NetSteps.EmailEventTemplate.Common.dll" does not exist.
Using "Csc" task from assembly "Microsoft.Build.Tasks.v4.0, Version=4.0.0.0, Culture=neutral, PublicKeyToken=b03f5f7f11d50a3a".
Task "Csc"
  C:\windows\Microsoft.NET\Framework\v4.0.30319\Csc.exe /noconfig /nowarn:1701,1702 /nostdlib+ /errorreport:prompt /warn:4 /define:CONTRACTS_FULL;CODE_ANALYSIS;TRACE /highentropyva- /reference:"C:\Program Files (x86)\Reference Assemblies\Microsoft\Framework\.NETFramework\v4.0\Microsoft.CSharp.dll" /reference:"C:\Program Files (x86)\Reference Assemblies\Microsoft\Framework\.NETFramework\v4.0\mscorlib.dll" /reference:C:\SVNRepo\Events\trunk\EmailEventTemplate.Common\packages\NetSteps.Encore.Core_r2_3.2.4.109.0\lib\net40\NetSteps.Encore.Core.dll /reference:C:\SVNRepo\Events\trunk\EmailEventTemplate.Common\packages\Newtonsoft.Json.4.5.11\lib\net40\Newtonsoft.Json.dll /reference:"C:\Program Files (x86)\Reference Assemblies\Microsoft\Framework\.NETFramework\v4.0\System.Core.dll" /reference:"C:\Program Files (x86)\Reference Assemblies\Microsoft\Framework\.NETFramework\v4.0\System.Data.DataSetExtensions.dll" /reference:"C:\Program Files (x86)\Reference Assemblies\Microsoft\Framework\.NETFramework\v4.0\System.Data.dll" /reference:"C:\Program Files (x86)\Reference Assemblies\Microsoft\Framework\.NETFramework\v4.0\System.dll" /reference:"C:\Program Files (x86)\Reference Assemblies\Microsoft\Framework\.NETFramework\v4.0\System.Xml.dll" /reference:"C:\Program Files (x86)\Reference Assemblies\Microsoft\Framework\.NETFramework\v4.0\System.Xml.Linq.dll" /debug:pdbonly /filealign:512 /optimize+ /out:obj\Release\NetSteps.EmailEventTemplate.Common.dll /target:library /utf8output IEmailEventTemplate.cs IEmailEventTemplateRepository.cs Properties\AssemblyInfo.cs Properties\AssemblyInfo.Release.r8.version.cs "C:\Users\jjordan\AppData\Local\Temp\.NETFramework,Version=v4.0.AssemblyAttributes.cs"
  Microsoft (R) Visual C# Compiler version 4.0.30319.17929
  
  for Microsoft (R) .NET Framework 4.5
  Copyright (C) Microsoft Corporation. All rights reserved.
  
Done executing task "Csc".
Task "CallTarget" skipped, due to false condition; ('$(TargetsTriggeredByCompilation)' != '') was evaluated as ('' != '').
Done building target "CoreCompile" in project "EmailEventTemplate.Common.csproj".
Target "_TimeStampAfterCompile" skipped, due to false condition; ('$(RunPostBuildEvent)'=='OnOutputUpdated' or ('$(RegisterForComInterop)'=='true' and '$(OutputType)'=='library')) was evaluated as (''=='OnOutputUpdated' or (''=='true' and 'Library'=='library')).
Target "AfterCompile" in file "C:\windows\Microsoft.NET\Framework\v4.0.30319\Microsoft.Common.targets" from project "C:\SVNRepo\Events\trunk\EmailEventTemplate.Common\EmailEventTemplate.Common\EmailEventTemplate.Common.csproj" (target "Compile" depends on it):
Done building target "AfterCompile" in project "EmailEventTemplate.Common.csproj".
Target "PrepareResourcesForSatelliteAssemblies" skipped, due to false condition; ('$(UICulture)' != '') was evaluated as ('' != '').
Target "MergeLocalizationDirectives" skipped, due to false condition; ('@(GeneratedLocalizationFiles)' !='') was evaluated as ('' !='').
Target "AfterCompileWinFX" in file "C:\windows\Microsoft.NET\Framework\v4.0.30319\Microsoft.WinFX.targets" from project "C:\SVNRepo\Events\trunk\EmailEventTemplate.Common\EmailEventTemplate.Common\EmailEventTemplate.Common.csproj" (target "_AfterCompileWinFXInternal" depends on it):
Done building target "AfterCompileWinFX" in project "EmailEventTemplate.Common.csproj".
Target "_AfterCompileWinFXInternal" in file "C:\windows\Microsoft.NET\Framework\v4.0.30319\Microsoft.WinFX.targets" from project "C:\SVNRepo\Events\trunk\EmailEventTemplate.Common\EmailEventTemplate.Common\EmailEventTemplate.Common.csproj" (target "Compile" depends on it):
Done building target "_AfterCompileWinFXInternal" in project "EmailEventTemplate.Common.csproj".
Target "ContractsMakeDeclDir" in file "C:\Program Files (x86)\Microsoft\Contracts\MsBuild\v4.0\Microsoft.CodeContracts.targets" from project "C:\SVNRepo\Events\trunk\EmailEventTemplate.Common\EmailEventTemplate.Common\EmailEventTemplate.Common.csproj" (target "ContractDeclarativeAssembly" depends on it):
Task "MakeDir"
  Creating directory "obj\Release\Decl\".
Done executing task "MakeDir".
Done building target "ContractsMakeDeclDir" in project "EmailEventTemplate.Common.csproj".
Target "ResolveReferences" skipped. Previously built successfully.
Target "ResolveKeySource" skipped, due to false condition; ($(SignManifests) == 'true' or $(SignAssembly) == 'true') was evaluated as ( == 'true' or  == 'true').
Target "ContractDeclarativeAssemblyCS" in file "C:\Program Files (x86)\Microsoft\Contracts\MsBuild\v4.0\Microsoft.CodeContracts.targets" from project "C:\SVNRepo\Events\trunk\EmailEventTemplate.Common\EmailEventTemplate.Common\EmailEventTemplate.Common.csproj" (target "ContractDeclarativeAssembly" depends on it):
Building target "ContractDeclarativeAssemblyCS" completely.
Output file "C:\SVNRepo\Events\trunk\EmailEventTemplate.Common\EmailEventTemplate.Common\obj\Release\Decl\NetSteps.EmailEventTemplate.Common.dll" does not exist.
Task "Message"
  Build Declarative Contract Assembly for C# C:\SVNRepo\Events\trunk\EmailEventTemplate.Common\EmailEventTemplate.Common\bin\Release\NetSteps.EmailEventTemplate.Common.dll
Done executing task "Message".
Task "Csc"
  C:\windows\Microsoft.NET\Framework\v4.0.30319\Csc.exe /noconfig /nowarn:1701,1702 /pdb:obj\Release\Decl\NetSteps.EmailEventTemplate.Common.pdb /nostdlib+ /errorreport:prompt /warn:0 /define:CONTRACTS_FULL;CODE_ANALYSIS;TRACE;CONTRACTS_FULL;CODE_ANALYSIS /reference:"C:\Program Files (x86)\Reference Assemblies\Microsoft\Framework\.NETFramework\v4.0\Microsoft.CSharp.dll" /reference:"C:\Program Files (x86)\Reference Assemblies\Microsoft\Framework\.NETFramework\v4.0\mscorlib.dll" /reference:C:\SVNRepo\Events\trunk\EmailEventTemplate.Common\packages\NetSteps.Encore.Core_r2_3.2.4.109.0\lib\net40\NetSteps.Encore.Core.dll /reference:C:\SVNRepo\Events\trunk\EmailEventTemplate.Common\packages\Newtonsoft.Json.4.5.11\lib\net40\Newtonsoft.Json.dll /reference:"C:\Program Files (x86)\Reference Assemblies\Microsoft\Framework\.NETFramework\v4.0\System.Core.dll" /reference:"C:\Program Files (x86)\Reference Assemblies\Microsoft\Framework\.NETFramework\v4.0\System.Data.DataSetExtensions.dll" /reference:"C:\Program Files (x86)\Reference Assemblies\Microsoft\Framework\.NETFramework\v4.0\System.Data.dll" /reference:"C:\Program Files (x86)\Reference Assemblies\Microsoft\Framework\.NETFramework\v4.0\System.dll" /reference:"C:\Program Files (x86)\Reference Assemblies\Microsoft\Framework\.NETFramework\v4.0\System.Xml.dll" /reference:"C:\Program Files (x86)\Reference Assemblies\Microsoft\Framework\.NETFramework\v4.0\System.Xml.Linq.dll" /debug+ /debug:full /filealign:512 /optimize+ /out:obj\Release\Decl\NetSteps.EmailEventTemplate.Common.dll /target:library /warnaserror- /utf8output IEmailEventTemplate.cs IEmailEventTemplateRepository.cs Properties\AssemblyInfo.cs Properties\AssemblyInfo.Release.r8.version.cs "C:\Users\jjordan\AppData\Local\Temp\.NETFramework,Version=v4.0.AssemblyAttributes.cs" "C:\Program Files (x86)\Microsoft\Contracts\Languages\CSharp\ContractDeclarativeAssemblyAttribute.cs"
  Microsoft (R) Visual C# Compiler version 4.0.30319.17929
  
  for Microsoft (R) .NET Framework 4.5
  Copyright (C) Microsoft Corporation. All rights reserved.
  
Done executing task "Csc".
Done building target "ContractDeclarativeAssemblyCS" in project "EmailEventTemplate.Common.csproj".
Target "ContractDeclarativeAssemblyVB" skipped, due to false condition; ('$(Language)'=='VB') was evaluated as ('C#'=='VB').
Target "ContractDeclarativeAssembly" in file "C:\Program Files (x86)\Microsoft\Contracts\MsBuild\v4.0\Microsoft.CodeContracts.targets" from project "C:\SVNRepo\Events\trunk\EmailEventTemplate.Common\EmailEventTemplate.Common\EmailEventTemplate.Common.csproj" (target "CreateCodeContractReferenceAssembly" depends on it):
Done building target "ContractDeclarativeAssembly" in project "EmailEventTemplate.Common.csproj".
Target "MakeCodeContractOutputDirectory" in file "C:\Program Files (x86)\Microsoft\Contracts\MsBuild\v4.0\Microsoft.CodeContracts.targets" from project "C:\SVNRepo\Events\trunk\EmailEventTemplate.Common\EmailEventTemplate.Common\EmailEventTemplate.Common.csproj" (target "CreateCodeContractReferenceAssembly" depends on it):
Task "Message"
  Making directory C:\SVNRepo\Events\trunk\EmailEventTemplate.Common\EmailEventTemplate.Common\bin\Release\CodeContracts\
Done executing task "Message".
Task "MakeDir"
  Creating directory "C:\SVNRepo\Events\trunk\EmailEventTemplate.Common\EmailEventTemplate.Common\bin\Release\CodeContracts\".
Done executing task "MakeDir".
Done building target "MakeCodeContractOutputDirectory" in project "EmailEventTemplate.Common.csproj".
Target "CodeContractsComputeReferencedLibPaths" in file "C:\Program Files (x86)\Microsoft\Contracts\MsBuild\v4.0\Microsoft.CodeContracts.targets" from project "C:\SVNRepo\Events\trunk\EmailEventTemplate.Common\EmailEventTemplate.Common\EmailEventTemplate.Common.csproj" (target "CreateCodeContractReferenceAssembly" depends on it):
Task "RemoveDuplicates"
Done executing task "RemoveDuplicates".
Done building target "CodeContractsComputeReferencedLibPaths" in project "EmailEventTemplate.Common.csproj".
Target "CreateCodeContractReferenceAssembly" in file "C:\Program Files (x86)\Microsoft\Contracts\MsBuild\v4.0\Microsoft.CodeContracts.targets" from project "C:\SVNRepo\Events\trunk\EmailEventTemplate.Common\EmailEventTemplate.Common\EmailEventTemplate.Common.csproj" (target "CodeContractReferenceAssembly" depends on it):
Building target "CreateCodeContractReferenceAssembly" completely.
Output file "C:\SVNRepo\Events\trunk\EmailEventTemplate.Common\EmailEventTemplate.Common\bin\Release\CodeContracts\NetSteps.EmailEventTemplate.Common.Contracts.dll" does not exist.
Task "WriteLinesToFile"
Done executing task "WriteLinesToFile".
Using "Exec" task from assembly "Microsoft.Build.Tasks.v4.0, Version=4.0.0.0, Culture=neutral, PublicKeyToken=b03f5f7f11d50a3a".
Task "Exec"
  "C:\Program Files (x86)\Microsoft\Contracts\Bin\ccrefgen" "@obj\Release\EmailEventTemplate.Commonccrefgen.rsp"
  elapsed time: 1243ms
Done executing task "Exec".
Done building target "CreateCodeContractReferenceAssembly" in project "EmailEventTemplate.Common.csproj".
Target "CodeContractDummyReferenceAssembly" skipped, due to false condition; ('$(CodeContractsReferenceAssembly)' == 'doNotBuild') was evaluated as ('Build' == 'doNotBuild').
Target "CodeContractReferenceAssembly" in file "C:\Program Files (x86)\Microsoft\Contracts\MsBuild\v4.0\Microsoft.CodeContracts.targets" from project "C:\SVNRepo\Events\trunk\EmailEventTemplate.Common\EmailEventTemplate.Common\EmailEventTemplate.Common.csproj" (target "Compile" depends on it):
Done building target "CodeContractReferenceAssembly" in project "EmailEventTemplate.Common.csproj".
Target "Compile" in file "C:\windows\Microsoft.NET\Framework\v4.0.30319\Microsoft.Common.targets" from project "C:\SVNRepo\Events\trunk\EmailEventTemplate.Common\EmailEventTemplate.Common\EmailEventTemplate.Common.csproj" (target "CoreBuild" depends on it):
Done building target "Compile" in project "EmailEventTemplate.Common.csproj".
Target "ExportWindowsMDFile" skipped, due to false condition; ('$(ExportWinMDFile)' == 'true') was evaluated as ('' == 'true').
Target "UnmanagedUnregistration" skipped, due to false condition; ((('$(_AssemblyTimestampBeforeCompile)' != '$(_AssemblyTimestampAfterCompile)' or '$(RegisterForComInterop)' != 'true' or '$(OutputType)' != 'library') or
                    ('$(_AssemblyTimestampBeforeCompile)' == '')) and
                   Exists('@(_UnmanagedRegistrationCache)')) was evaluated as ((('' != '' or '' != 'true' or 'Library' != 'library') or
                    ('' == '')) and
                   Exists('obj\EmailEventTemplate.Common.csproj.UnmanagedRegistration.cache')).
Target "GenerateSerializationAssemblies" skipped, due to false condition; ('$(_SGenGenerateSerializationAssembliesConfig)' == 'On' or ('@(WebReferenceUrl)'!='' and '$(_SGenGenerateSerializationAssembliesConfig)' == 'Auto')) was evaluated as ('Auto' == 'On' or (''!='' and 'Auto' == 'Auto')).
Target "CodeContractsComputeReferencedLibPaths" skipped. Previously built successfully.
Target "EnsureContractReferenceAssemblyOfDependeeProjects" skipped, due to false condition; ('@(_ResolvedProjectReferencePaths)' != '') was evaluated as ('' != '').
Target "CodeContractRewrite" in file "C:\Program Files (x86)\Microsoft\Contracts\MsBuild\v4.0\Microsoft.CodeContracts.targets" from project "C:\SVNRepo\Events\trunk\EmailEventTemplate.Common\EmailEventTemplate.Common\EmailEventTemplate.Common.csproj" (target "CodeContractInstrument" depends on it):
Building target "CodeContractRewrite" completely.
Output file "obj\Release\NetSteps.EmailEventTemplate.Common.rewritten" does not exist.
Task "WriteLinesToFile"
Done executing task "WriteLinesToFile".
Task "Exec"
  "C:\Program Files (x86)\Microsoft\Contracts\Bin\ccrewrite" "@EmailEventTemplate.Commonccrewrite.rsp"
  elapsed time: 2516ms
Done executing task "Exec".
Task "CallTarget"
Target "CodeContractReSign" in file "C:\Program Files (x86)\Microsoft\Contracts\MsBuild\v4.0\Microsoft.CodeContracts.targets" from project "C:\SVNRepo\Events\trunk\EmailEventTemplate.Common\EmailEventTemplate.Common\EmailEventTemplate.Common.csproj" (target "CodeContractRewrite" depends on it):
Using "GetFrameworkSdkPath" task from assembly "Microsoft.Build.Tasks.v4.0, Version=4.0.0.0, Culture=neutral, PublicKeyToken=b03f5f7f11d50a3a".
Task "GetFrameworkSdkPath"
  Found the Microsoft Windows SDK installed at "C:\Program Files (x86)\Microsoft SDKs\Windows\v7.0A\".
Done executing task "GetFrameworkSdkPath".
Task "Exec" skipped, due to false condition; ('$(KeyOriginatorFile)' != '') was evaluated as ('' != '').
Task "Exec" skipped, due to false condition; ('$(KeyContainerName)' != '') was evaluated as ('' != '').
Done building target "CodeContractReSign" in project "EmailEventTemplate.Common.csproj".
Done executing task "CallTarget".
Task "WriteLinesToFile"
Done executing task "WriteLinesToFile".
Using "Touch" task from assembly "Microsoft.Build.Tasks.v4.0, Version=4.0.0.0, Culture=neutral, PublicKeyToken=b03f5f7f11d50a3a".
Task "Touch"
  Touching "obj\Release\NetSteps.EmailEventTemplate.Common.rewritten".
Done executing task "Touch".
Done building target "CodeContractRewrite" in project "EmailEventTemplate.Common.csproj".
Target "CodeContractInstrument" in file "C:\Program Files (x86)\Microsoft\Contracts\MsBuild\v4.0\Microsoft.CodeContracts.targets" from project "C:\SVNRepo\Events\trunk\EmailEventTemplate.Common\EmailEventTemplate.Common\EmailEventTemplate.Common.csproj" (target "CreateSatelliteAssemblies" depends on it):
Done building target "CodeContractInstrument" in project "EmailEventTemplate.Common.csproj".
Target "_GenerateSatelliteAssemblyInputs" in file "C:\windows\Microsoft.NET\Framework\v4.0.30319\Microsoft.Common.targets" from project "C:\SVNRepo\Events\trunk\EmailEventTemplate.Common\EmailEventTemplate.Common\EmailEventTemplate.Common.csproj" (target "CreateSatelliteAssemblies" depends on it):
Task "Warning" skipped, due to false condition; ('@(ManifestResourceWithCulture)'!='' and '%(ManifestResourceWithCulture.EmittedForCompatibilityOnly)'=='') was evaluated as (''!='' and ''=='').
Task "Warning" skipped, due to false condition; ('@(ManifestNonResxWithCultureOnDisk)'!='' and '%(ManifestNonResxWithCultureOnDisk.EmittedForCompatibilityOnly)'=='') was evaluated as (''!='' and ''=='').
Done building target "_GenerateSatelliteAssemblyInputs" in project "EmailEventTemplate.Common.csproj".
Target "ComputeIntermediateSatelliteAssemblies" skipped, due to false condition; (@(EmbeddedResource->'%(WithCulture)') != '') was evaluated as ( != '').
Target "GenerateSatelliteAssemblies" skipped, due to false condition; ('@(_SatelliteAssemblyResourceInputs)' != '') was evaluated as ('' != '').
Target "CreateSatelliteAssemblies" in file "C:\windows\Microsoft.NET\Framework\v4.0.30319\Microsoft.Common.targets" from project "C:\SVNRepo\Events\trunk\EmailEventTemplate.Common\EmailEventTemplate.Common\EmailEventTemplate.Common.csproj" (target "CoreBuild" depends on it):
Done building target "CreateSatelliteAssemblies" in project "EmailEventTemplate.Common.csproj".
Target "GenerateManifests" skipped, due to false condition; ('$(GenerateClickOnceManifests)'=='true' or '@(NativeReference)'!='' or '@(ResolvedIsolatedComModules)'!='' or '$(GenerateAppxManifest)' == 'true') was evaluated as (''=='true' or ''!='' or ''!='' or '' == 'true').
Target "GetTargetPath" in file "C:\windows\Microsoft.NET\Framework\v4.0.30319\Microsoft.Common.targets" from project "C:\SVNRepo\Events\trunk\EmailEventTemplate.Common\EmailEventTemplate.Common\EmailEventTemplate.Common.csproj" (target "CoreBuild" depends on it):
Done building target "GetTargetPath" in project "EmailEventTemplate.Common.csproj".
Target "ComputeIntermediateSatelliteAssemblies" skipped, due to false condition; (@(EmbeddedResource->'%(WithCulture)') != '') was evaluated as ( != '').
Target "_CopyFilesMarkedCopyLocal" in file "C:\windows\Microsoft.NET\Framework\v4.0.30319\Microsoft.Common.targets" from project "C:\SVNRepo\Events\trunk\EmailEventTemplate.Common\EmailEventTemplate.Common\EmailEventTemplate.Common.csproj" (target "CopyFilesToOutputDirectory" depends on it):
Using "Copy" task from assembly "Microsoft.Build.Tasks.v4.0, Version=4.0.0.0, Culture=neutral, PublicKeyToken=b03f5f7f11d50a3a".
Task "Copy"
  Copying file from "C:\SVNRepo\Events\trunk\EmailEventTemplate.Common\packages\NetSteps.Encore.Core_r2_3.2.4.109.0\lib\net40\NetSteps.Encore.Core.dll" to "bin\Release\NetSteps.Encore.Core.dll".
  Copying file from "C:\SVNRepo\Events\trunk\EmailEventTemplate.Common\packages\Newtonsoft.Json.4.5.11\lib\net40\Newtonsoft.Json.dll" to "bin\Release\Newtonsoft.Json.dll".
  Copying file from "C:\SVNRepo\Events\trunk\EmailEventTemplate.Common\packages\NetSteps.Encore.Core_r2_3.2.4.109.0\lib\net40\NetSteps.Encore.Core.xml" to "bin\Release\NetSteps.Encore.Core.xml".
  Copying file from "C:\SVNRepo\Events\trunk\EmailEventTemplate.Common\packages\Newtonsoft.Json.4.5.11\lib\net40\Newtonsoft.Json.xml" to "bin\Release\Newtonsoft.Json.xml".
Done executing task "Copy".
Done building target "_CopyFilesMarkedCopyLocal" in project "EmailEventTemplate.Common.csproj".
Target "AssignTargetPaths" skipped. Previously built successfully.
Target "_SplitProjectReferencesByFileExistence" skipped. Previously built successfully.
Target "GetCopyToOutputDirectoryXamlAppDefs" in file "C:\windows\Microsoft.NET\Framework\v4.0.30319\Microsoft.Xaml.targets" from project "C:\SVNRepo\Events\trunk\EmailEventTemplate.Common\EmailEventTemplate.Common\EmailEventTemplate.Common.csproj" (target "GetCopyToOutputDirectoryItems" depends on it):
Task "AssignTargetPath"
Done executing task "AssignTargetPath".
Done building target "GetCopyToOutputDirectoryXamlAppDefs" in project "EmailEventTemplate.Common.csproj".
Target "GetCopyToOutputDirectoryItems" in file "C:\windows\Microsoft.NET\Framework\v4.0.30319\Microsoft.Common.targets" from project "C:\SVNRepo\Events\trunk\EmailEventTemplate.Common\EmailEventTemplate.Common\EmailEventTemplate.Common.csproj" (target "_CopySourceItemsToOutputDirectory" depends on it):
Task "MSBuild" skipped, due to false condition; ('@(_MSBuildProjectReferenceExistent)' != '' and '$(_GetChildProjectCopyToOutputDirectoryItems)' == 'true' and '%(_MSBuildProjectReferenceExistent.Private)' != 'false' and '$(UseCommonOutputDirectory)' != 'true') was evaluated as ('' != '' and 'true' == 'true' and '' != 'false' and 'false' != 'true').
Task "AssignTargetPath"
Done executing task "AssignTargetPath".
Done building target "GetCopyToOutputDirectoryItems" in project "EmailEventTemplate.Common.csproj".
Target "_CopyOutOfDateSourceItemsToOutputDirectory" skipped, due to false condition; ( '@(_SourceItemsToCopyToOutputDirectory)' != '' ) was evaluated as ( '' != '' ).
Target "_CopyOutOfDateSourceItemsToOutputDirectoryAlways" skipped, due to false condition; ( '@(_SourceItemsToCopyToOutputDirectoryAlways)' != '' ) was evaluated as ( '' != '' ).
Target "_CopySourceItemsToOutputDirectory" in file "C:\windows\Microsoft.NET\Framework\v4.0.30319\Microsoft.Common.targets" from project "C:\SVNRepo\Events\trunk\EmailEventTemplate.Common\EmailEventTemplate.Common\EmailEventTemplate.Common.csproj" (target "CopyFilesToOutputDirectory" depends on it):
Done building target "_CopySourceItemsToOutputDirectory" in project "EmailEventTemplate.Common.csproj".
Target "_CopyAppConfigFile" skipped, due to false condition; ( '@(AppConfigWithTargetPath)' != '' ) was evaluated as ( '' != '' ).
Target "_CopyManifestFiles" skipped, due to false condition; ( '$(_DeploymentCopyApplicationManifest)'=='true' or '$(GenerateClickOnceManifests)'=='true' ) was evaluated as ( ''=='true' or ''=='true' ).
Target "_CheckForCompileOutputs" in file "C:\windows\Microsoft.NET\Framework\v4.0.30319\Microsoft.Common.targets" from project "C:\SVNRepo\Events\trunk\EmailEventTemplate.Common\EmailEventTemplate.Common\EmailEventTemplate.Common.csproj" (target "CopyFilesToOutputDirectory" depends on it):
Done building target "_CheckForCompileOutputs" in project "EmailEventTemplate.Common.csproj".
Target "_SGenCheckForOutputs" skipped, due to false condition; ('$(_SGenGenerateSerializationAssembliesConfig)' == 'On' or ('@(WebReferenceUrl)'!='' and '$(_SGenGenerateSerializationAssembliesConfig)' == 'Auto')) was evaluated as ('Auto' == 'On' or (''!='' and 'Auto' == 'Auto')).
Target "CopyFilesToOutputDirectory" in file "C:\windows\Microsoft.NET\Framework\v4.0.30319\Microsoft.Common.targets" from project "C:\SVNRepo\Events\trunk\EmailEventTemplate.Common\EmailEventTemplate.Common\EmailEventTemplate.Common.csproj" (target "PrepareForRun" depends on it):
Task "Copy"
  Copying file from "obj\Release\NetSteps.EmailEventTemplate.Common.dll" to "bin\Release\NetSteps.EmailEventTemplate.Common.dll".
Done executing task "Copy".
Task "Message"
  EmailEventTemplate.Common -> C:\SVNRepo\Events\trunk\EmailEventTemplate.Common\EmailEventTemplate.Common\bin\Release\NetSteps.EmailEventTemplate.Common.dll
Done executing task "Message".
Task "Copy" skipped, due to false condition; ('@(AddModules)' != '') was evaluated as ('' != '').
Task "Copy" skipped, due to false condition; ('$(_SGenDllCreated)'=='true') was evaluated as ('false'=='true').
Task "Copy"
  Copying file from "obj\Release\NetSteps.EmailEventTemplate.Common.pdb" to "bin\Release\NetSteps.EmailEventTemplate.Common.pdb".
Done executing task "Copy".
Task "Copy" skipped, due to false condition; ('$(_DocumentationFileProduced)'=='true') was evaluated as ('false'=='true').
Task "Copy" skipped, due to false condition; ('@(IntermediateSatelliteAssembliesWithTargetPath)' != '') was evaluated as ('' != '').
Task "Copy" skipped, due to false condition; ('@(ReferenceComWrappersToCopyLocal)' != '' or '@(ResolvedIsolatedComModules)' != '' or '@(_DeploymentLooseManifestFile)' != '' or '@(NativeReferenceFile)' != '' ) was evaluated as ('' != '' or '' != '' or '' != '' or '' != '' ).
Task "Copy" skipped, due to false condition; ('$(SkipCopyWinMDArtifact)' != 'true' and '@(WinMDExpArtifacts)' != '') was evaluated as ('' != 'true' and '' != '').
Task "Message" skipped, due to false condition; ('$(SkipCopyWinMDArtifact)' != 'true' and '$(_WindowsMetadataOutputPath)' != '') was evaluated as ('' != 'true' and '' != '').
Done building target "CopyFilesToOutputDirectory" in project "EmailEventTemplate.Common.csproj".
Target "RunCodeAnalysis" skipped, due to false condition; ('$(RunCodeAnalysis)'=='true' or '$(RunCodeAnalysisOnce)'=='true') was evaluated as (''=='true' or ''=='true').
Target "ContractXmlDocumentation" skipped, due to false condition; (Exists('@(DocFileItem)') and Exists('@(ContractReferenceAssemblyAbsolute)')) was evaluated as (Exists('') and Exists('C:\SVNRepo\Events\trunk\EmailEventTemplate.Common\EmailEventTemplate.Common\bin\Release\CodeContracts\NetSteps.EmailEventTemplate.Common.Contracts.dll')).
Target "CodeContractsRunCodeAnalysisOnTarget" skipped, due to false condition; ('$(ProjectGuid)' != '' and '$([System.Environment]::GetEnvironmentVariable(`CodeContractsTargetProjectGuid`))' == '$(ProjectGuid)') was evaluated as ('{C840A64B-690F-41B0-9AD1-A61D867E7D29}' != '' and '' == '{C840A64B-690F-41B0-9AD1-A61D867E7D29}').
Target "CodeContractsPerformCodeAnalysis" skipped, due to false condition; ('$(CodeContractsRunCodeAnalysis)' == 'true') was evaluated as ('False' == 'true').
Target "PrepareForRun" in file "C:\windows\Microsoft.NET\Framework\v4.0.30319\Microsoft.Common.targets" from project "C:\SVNRepo\Events\trunk\EmailEventTemplate.Common\EmailEventTemplate.Common\EmailEventTemplate.Common.csproj" (target "CoreBuild" depends on it):
Done building target "PrepareForRun" in project "EmailEventTemplate.Common.csproj".
Target "UnmanagedRegistration" skipped, due to false condition; ('$(RegisterForComInterop)'=='true' and '$(OutputType)'=='library') was evaluated as (''=='true' and 'Library'=='library').
Target "_CheckForCompileOutputs" skipped. Previously built successfully.
Target "_SGenCheckForOutputs" skipped, due to false condition; ('$(_SGenGenerateSerializationAssembliesConfig)' == 'On' or ('@(WebReferenceUrl)'!='' and '$(_SGenGenerateSerializationAssembliesConfig)' == 'Auto')) was evaluated as ('Auto' == 'On' or (''!='' and 'Auto' == 'Auto')).
Target "_CleanGetCurrentAndPriorFileWrites" in file "C:\windows\Microsoft.NET\Framework\v4.0.30319\Microsoft.Common.targets" from project "C:\SVNRepo\Events\trunk\EmailEventTemplate.Common\EmailEventTemplate.Common\EmailEventTemplate.Common.csproj" (target "IncrementalClean" depends on it):
Task "ReadLinesFromFile"
Done executing task "ReadLinesFromFile".
Using "ConvertToAbsolutePath" task from assembly "Microsoft.Build.Tasks.v4.0, Version=4.0.0.0, Culture=neutral, PublicKeyToken=b03f5f7f11d50a3a".
Task "ConvertToAbsolutePath"
Done executing task "ConvertToAbsolutePath".
Task "FindUnderPath"
  Comparison path is "C:\SVNRepo\Events\trunk\EmailEventTemplate.Common\EmailEventTemplate.Common".
Done executing task "FindUnderPath".
Task "FindUnderPath"
  Comparison path is "bin\Release\".
Done executing task "FindUnderPath".
Task "FindUnderPath"
  Comparison path is "obj\Release\".
Done executing task "FindUnderPath".
Task "RemoveDuplicates"
Done executing task "RemoveDuplicates".
Done building target "_CleanGetCurrentAndPriorFileWrites" in project "EmailEventTemplate.Common.csproj".
Target "IncrementalClean" in file "C:\windows\Microsoft.NET\Framework\v4.0.30319\Microsoft.Common.targets" from project "C:\SVNRepo\Events\trunk\EmailEventTemplate.Common\EmailEventTemplate.Common\EmailEventTemplate.Common.csproj" (target "CoreBuild" depends on it):
Task "FindUnderPath"
  Comparison path is "bin\Release\".
Done executing task "FindUnderPath".
Task "FindUnderPath"
  Comparison path is "obj\Release\".
Done executing task "FindUnderPath".
Task "Delete"
Done executing task "Delete".
Task "RemoveDuplicates"
Done executing task "RemoveDuplicates".
Task "WriteLinesToFile"
Done executing task "WriteLinesToFile".
Done building target "IncrementalClean" in project "EmailEventTemplate.Common.csproj".
Target "PostBuildEvent" skipped, due to false condition; ('$(PostBuildEvent)' != '' and ('$(RunPostBuildEvent)' != 'OnOutputUpdated' or '$(_AssemblyTimestampBeforeCompile)' != '$(_AssemblyTimestampAfterCompile)')) was evaluated as ('' != '' and ('' != 'OnOutputUpdated' or '' != '')).
Target "CoreBuild" in file "C:\windows\Microsoft.NET\Framework\v4.0.30319\Microsoft.Common.targets" from project "C:\SVNRepo\Events\trunk\EmailEventTemplate.Common\EmailEventTemplate.Common\EmailEventTemplate.Common.csproj" (target "Build" depends on it):
Done building target "CoreBuild" in project "EmailEventTemplate.Common.csproj".
Target "AfterBuild" in file "C:\windows\Microsoft.NET\Framework\v4.0.30319\Microsoft.Common.targets" from project "C:\SVNRepo\Events\trunk\EmailEventTemplate.Common\EmailEventTemplate.Common\EmailEventTemplate.Common.csproj" (target "Build" depends on it):
Done building target "AfterBuild" in project "EmailEventTemplate.Common.csproj".
Target "CheckPrerequisites" in file "C:\SVNRepo\Events\trunk\EmailEventTemplate.Common\.build\3rdParty\NuGet\NuGet.targets" from project "C:\SVNRepo\Events\trunk\EmailEventTemplate.Common\EmailEventTemplate.Common\EmailEventTemplate.Common.csproj" (target "BuildPackage" depends on it):
Task "Error" skipped, due to false condition; ('$(DownloadNuGetExe)' != 'true' AND !Exists('$(NuGetExePath)')) was evaluated as ('false' != 'true' AND !Exists('C:\SVNRepo\Events\trunk\EmailEventTemplate.Common\.build\3rdParty\NuGet\\nuget.exe')).
Initializing task factory "CodeTaskFactory" from assembly "C:\windows\Microsoft.NET\Framework\v4.0.30319\Microsoft.Build.Tasks.v4.0.dll".
Using "SetEnvironmentVariable" task from the task factory "Code Task Factory".
Task "SetEnvironmentVariable"
Done executing task "SetEnvironmentVariable".
Task "DownloadNuGet" skipped, due to false condition; ( '$(DownloadNuGetExe)' == 'true' AND !Exists('$(NuGetExePath)')) was evaluated as ( 'false' == 'true' AND !Exists('C:\SVNRepo\Events\trunk\EmailEventTemplate.Common\.build\3rdParty\NuGet\\nuget.exe')).
Done building target "CheckPrerequisites" in project "EmailEventTemplate.Common.csproj".
Target "BuildPackage" in file "C:\SVNRepo\Events\trunk\EmailEventTemplate.Common\.build\3rdParty\NuGet\NuGet.targets" from project "C:\SVNRepo\Events\trunk\EmailEventTemplate.Common\EmailEventTemplate.Common\EmailEventTemplate.Common.csproj" (target "Build" depends on it):
Task "Exec" skipped, due to false condition; ( '$(OS)' != 'Windows_NT' ) was evaluated as ( 'Windows_NT' != 'Windows_NT' ).
Task "Exec"
  "C:\SVNRepo\Events\trunk\EmailEventTemplate.Common\.build\3rdParty\NuGet\\nuget.exe" pack "C:\SVNRepo\Events\trunk\EmailEventTemplate.Common\EmailEventTemplate.Common\EmailEventTemplate.Common.csproj" -p Configuration=Release -o "C:\SVNRepo\Events\trunk\EmailEventTemplate.Common\EmailEventTemplate.Common" -symbols
  Attempting to build package from 'EmailEventTemplate.Common.csproj'.
  Packing files from 'C:\SVNRepo\Events\trunk\EmailEventTemplate.Common\EmailEventTemplate.Common\bin\Release'.
  Found packages.config. Using packages listed as dependencies
EXEC : warning : Description was not specified. Using 'Description'. [C:\SVNRepo\Events\trunk\EmailEventTemplate.Common\EmailEventTemplate.Common\EmailEventTemplate.Common.csproj]
  Successfully created package 'C:\SVNRepo\Events\trunk\EmailEventTemplate.Common\EmailEventTemplate.Common\NetSteps.EmailEventTemplate.Common.0.1.8.nupkg'.
  
  Attempting to build symbols package for 'EmailEventTemplate.Common.csproj'.
  Packing files from 'C:\SVNRepo\Events\trunk\EmailEventTemplate.Common\EmailEventTemplate.Common\bin\Release'.
  Found packages.config. Using packages listed as dependencies
EXEC : warning : Description was not specified. Using 'Description'. [C:\SVNRepo\Events\trunk\EmailEventTemplate.Common\EmailEventTemplate.Common\EmailEventTemplate.Common.csproj]
  Successfully created package 'C:\SVNRepo\Events\trunk\EmailEventTemplate.Common\EmailEventTemplate.Common\NetSteps.EmailEventTemplate.Common.0.1.8.symbols.nupkg'.
Done executing task "Exec".
Done building target "BuildPackage" in project "EmailEventTemplate.Common.csproj".
Target "Build" in file "C:\windows\Microsoft.NET\Framework\v4.0.30319\Microsoft.Common.targets" from project "C:\SVNRepo\Events\trunk\EmailEventTemplate.Common\EmailEventTemplate.Common\EmailEventTemplate.Common.csproj" (entry point):
Done building target "Build" in project "EmailEventTemplate.Common.csproj".
Target "CMTransform" skipped, due to false condition; ($(CMBuild) != '' and '$(Configuration)' == 'Release' and Exists('$(MSBuildProjectDirectory)\CMTransform.marker')) was evaluated as ( != '' and 'Release' == 'Release' and Exists('C:\SVNRepo\Events\trunk\EmailEventTemplate.Common\EmailEventTemplate.Common\CMTransform.marker')).
Target "CMTransformWeb" skipped, due to false condition; ($(CMBuild) != '' and '$(Configuration)' == 'Release' and Exists('$(MSBuildProjectDirectory)\CMTransformWeb.marker')) was evaluated as ( != '' and 'Release' == 'Release' and Exists('C:\SVNRepo\Events\trunk\EmailEventTemplate.Common\EmailEventTemplate.Common\CMTransformWeb.marker')).
Done Building Project "C:\SVNRepo\Events\trunk\EmailEventTemplate.Common\EmailEventTemplate.Common\EmailEventTemplate.Common.csproj" (Clean;Build target(s)).

Build succeeded.

"C:\SVNRepo\Events\trunk\EmailEventTemplate.Common\EmailEventTemplate.Common\EmailEventTemplate.Common.csproj" (Clean;Build target) (1) ->
(BuildPackage target) -> 
  EXEC : warning : Description was not specified. Using 'Description'. [C:\SVNRepo\Events\trunk\EmailEventTemplate.Common\EmailEventTemplate.Common\EmailEventTemplate.Common.csproj]
  EXEC : warning : Description was not specified. Using 'Description'. [C:\SVNRepo\Events\trunk\EmailEventTemplate.Common\EmailEventTemplate.Common\EmailEventTemplate.Common.csproj]

    2 Warning(s)
    0 Error(s)

Time Elapsed 00:00:05.49
