Compilación iniciada a las 30/03/2016 12:33:43 p.m..
Invalidando el destino "GetFrameworkPaths" del proyecto"C:\Program Files (x86)\MSBuild\12.0\bin\Microsoft.Common.CurrentVersion.targets" con el destino "GetFrameworkPaths" del proyecto "C:\Program Files (x86)\MSBuild\12.0\bin\Microsoft.NetFramework.CurrentVersion.targets".
Invalidando el destino "SatelliteDllsProjectOutputGroup" del proyecto"C:\Program Files (x86)\MSBuild\12.0\bin\Microsoft.Common.CurrentVersion.targets" con el destino "SatelliteDllsProjectOutputGroup" del proyecto "C:\Windows\Microsoft.NET\Framework\v4.0.30319\Microsoft.WinFx.targets".
Proyecto "D:\Repositorio4\GIT REPO\app\common\Core\Cache\NetSteps.Cache.Core\NetSteps.Cache.Core.csproj" en el nodo 1 (Clean;Build destinos).
Compilando con la versión de herramientas "12.0".
El archivo del proyecto contiene ToolsVersion="4.0". Puede que no se conozca o que falte este conjunto de herramientas, en cuyo caso es posible que tenga que resolver este problema instalando la versión adecuada de MSBuild, o puede aplicarse una versión de las herramientas determinada a la compilación si así lo requieren las directivas. Se tratará el proyecto como si contuviera ToolsVersion="12.0". Para obtener más información, consulte http://go.microsoft.com/fwlink/?LinkId=293424.
Destino "_CheckForInvalidConfigurationAndPlatform" en el archivo "C:\Program Files (x86)\MSBuild\12.0\bin\Microsoft.Common.CurrentVersion.targets" del proyecto "D:\Repositorio4\GIT REPO\app\common\Core\Cache\NetSteps.Cache.Core\NetSteps.Cache.Core.csproj" (punto de entrada):
Se omitió la tarea "Error" debido a una condición falsa (False); ( '$(_InvalidConfigurationError)' == 'true' ) se evaluó como ( '' == 'true' ).
Se omitió la tarea "Warning" debido a una condición falsa (False); ( '$(_InvalidConfigurationWarning)' == 'true' ) se evaluó como ( '' == 'true' ).
Usando la tarea "Message" del ensamblado "Microsoft.Build.Tasks.v12.0, Version=12.0.0.0, Culture=neutral, PublicKeyToken=b03f5f7f11d50a3a".
Tarea "Message"
  Configuration=Release
Ejecución de la tarea "Message" terminada.
Tarea "Message"
  Platform=AnyCPU
Ejecución de la tarea "Message" terminada.
Se omitió la tarea "Error" debido a una condición falsa (False); ('$(OutDir)' != '' and !HasTrailingSlash('$(OutDir)')) se evaluó como ('bin\Release\' != '' and !HasTrailingSlash('bin\Release\')).
Se omitió la tarea "Error" debido a una condición falsa (False); ('$(BaseIntermediateOutputPath)' != '' and !HasTrailingSlash('$(BaseIntermediateOutputPath)')) se evaluó como ('obj\' != '' and !HasTrailingSlash('obj\')).
Se omitió la tarea "Error" debido a una condición falsa (False); ('$(IntermediateOutputPath)' != '' and !HasTrailingSlash('$(IntermediateOutputPath)')) se evaluó como ('obj\Release\' != '' and !HasTrailingSlash('obj\Release\')).
Compilación terminada del destino "_CheckForInvalidConfigurationAndPlatform" en el proyecto "NetSteps.Cache.Core.csproj".
Destino "SvnCleanVersionFiles" en el archivo "D:\Repositorio4\GIT REPO\app\common\Core\Cache\NetSteps.Cache.Core\VersionRoot.targets" del proyecto "D:\Repositorio4\GIT REPO\app\common\Core\Cache\NetSteps.Cache.Core\NetSteps.Cache.Core.csproj" (el destino "BeforeClean" depende de él):
Usando la tarea "Delete" del ensamblado "Microsoft.Build.Tasks.v12.0, Version=12.0.0.0, Culture=neutral, PublicKeyToken=b03f5f7f11d50a3a".
Tarea "Delete"
Ejecución de la tarea "Delete" terminada.
Compilación terminada del destino "SvnCleanVersionFiles" en el proyecto "NetSteps.Cache.Core.csproj".
Destino "BeforeClean" en el archivo "C:\Program Files (x86)\MSBuild\12.0\bin\Microsoft.Common.CurrentVersion.targets" del proyecto "D:\Repositorio4\GIT REPO\app\common\Core\Cache\NetSteps.Cache.Core\NetSteps.Cache.Core.csproj" (el destino "Clean" depende de él):
Compilación terminada del destino "BeforeClean" en el proyecto "NetSteps.Cache.Core.csproj".
Se omitió el destino "UnmanagedUnregistration" debido a una condición falsa (False); ((('$(_AssemblyTimestampBeforeCompile)' != '$(_AssemblyTimestampAfterCompile)' or '$(RegisterForComInterop)' != 'true' or '$(OutputType)' != 'library') or
                    ('$(_AssemblyTimestampBeforeCompile)' == '')) and
                   Exists('@(_UnmanagedRegistrationCache)')) se evaluó como ((('' != '' or '' != 'true' or 'Library' != 'library') or
                    ('' == '')) and
                   Exists('obj\NetSteps.Cache.Core.csproj.UnmanagedRegistration.cache')).
Destino "CoreClean" en el archivo "C:\Program Files (x86)\MSBuild\12.0\bin\Microsoft.Common.CurrentVersion.targets" del proyecto "D:\Repositorio4\GIT REPO\app\common\Core\Cache\NetSteps.Cache.Core\NetSteps.Cache.Core.csproj" (el destino "Clean" depende de él):
Tarea "Delete"
  El archivo"obj\Release\\TempCA\NetSteps.Core.Cache.pdb" no existe. Se omitirá.
  El archivo"obj\Release\\TempCA\NetSteps.Core.Cache.dll" no existe. Se omitirá.
Ejecución de la tarea "Delete" terminada.
Usando la tarea "ReadLinesFromFile" del ensamblado "Microsoft.Build.Tasks.v12.0, Version=12.0.0.0, Culture=neutral, PublicKeyToken=b03f5f7f11d50a3a".
Tarea "ReadLinesFromFile"
Ejecución de la tarea "ReadLinesFromFile" terminada.
Usando la tarea "FindUnderPath" del ensamblado "Microsoft.Build.Tasks.v12.0, Version=12.0.0.0, Culture=neutral, PublicKeyToken=b03f5f7f11d50a3a".
Tarea "FindUnderPath"
  La ruta de comparación es "bin\Release\".
Ejecución de la tarea "FindUnderPath" terminada.
Tarea "FindUnderPath"
  La ruta de comparación es "obj\Release\".
Ejecución de la tarea "FindUnderPath" terminada.
Tarea "Delete"
Ejecución de la tarea "Delete" terminada.
Usando la tarea "RemoveDuplicates" del ensamblado "Microsoft.Build.Tasks.v12.0, Version=12.0.0.0, Culture=neutral, PublicKeyToken=b03f5f7f11d50a3a".
Tarea "RemoveDuplicates"
Ejecución de la tarea "RemoveDuplicates" terminada.
Usando la tarea "MakeDir" del ensamblado "Microsoft.Build.Tasks.v12.0, Version=12.0.0.0, Culture=neutral, PublicKeyToken=b03f5f7f11d50a3a".
Tarea "MakeDir"
Ejecución de la tarea "MakeDir" terminada.
Usando la tarea "WriteLinesToFile" del ensamblado "Microsoft.Build.Tasks.v12.0, Version=12.0.0.0, Culture=neutral, PublicKeyToken=b03f5f7f11d50a3a".
Tarea "WriteLinesToFile"
Ejecución de la tarea "WriteLinesToFile" terminada.
Compilación terminada del destino "CoreClean" en el proyecto "NetSteps.Cache.Core.csproj".
Se omitió el destino "AssignProjectConfiguration" debido a una condición falsa (False); ('$(CurrentSolutionConfigurationContents)' != '' or '@(ProjectReference)'!='') se evaluó como ('' != '' or ''!='').
Destino "_SplitProjectReferencesByFileExistence" en el archivo "C:\Program Files (x86)\MSBuild\12.0\bin\Microsoft.Common.CurrentVersion.targets" del proyecto "D:\Repositorio4\GIT REPO\app\common\Core\Cache\NetSteps.Cache.Core\NetSteps.Cache.Core.csproj" (el destino "CleanReferencedProjects" depende de él):
Se omitió la tarea "ResolveNonMSBuildProjectOutput" debido a una condición falsa (False); ('$(BuildingInsideVisualStudio)'=='true' and '@(ProjectReferenceWithConfiguration)'!='') se evaluó como (''=='true' and ''!='').
Compilación terminada del destino "_SplitProjectReferencesByFileExistence" en el proyecto "NetSteps.Cache.Core.csproj".
Destino "CleanReferencedProjects" en el archivo "C:\Program Files (x86)\MSBuild\12.0\bin\Microsoft.Common.CurrentVersion.targets" del proyecto "D:\Repositorio4\GIT REPO\app\common\Core\Cache\NetSteps.Cache.Core\NetSteps.Cache.Core.csproj" (el destino "Clean" depende de él):
Se omitió la tarea "MSBuild" debido a una condición falsa (False); ('$(BuildingInsideVisualStudio)' != 'true' and '$(BuildProjectReferences)' == 'true' and '@(_MSBuildProjectReferenceExistent)' != '') se evaluó como ('' != 'true' and 'true' == 'true' and '' != '').
Compilación terminada del destino "CleanReferencedProjects" en el proyecto "NetSteps.Cache.Core.csproj".
Destino "CleanPublishFolder" en el archivo "C:\Program Files (x86)\MSBuild\12.0\bin\Microsoft.Common.CurrentVersion.targets" del proyecto "D:\Repositorio4\GIT REPO\app\common\Core\Cache\NetSteps.Cache.Core\NetSteps.Cache.Core.csproj" (el destino "Clean" depende de él):
Se omitió la tarea "RemoveDir" debido a una condición falsa (False); ('$(PublishDir)'=='$(OutputPath)app.publish\' and Exists('$(PublishDir)')) se evaluó como ('bin\Release\app.publish\'=='bin\Release\app.publish\' and Exists('bin\Release\app.publish\')).
Compilación terminada del destino "CleanPublishFolder" en el proyecto "NetSteps.Cache.Core.csproj".
Destino "AfterClean" en el archivo "C:\Program Files (x86)\MSBuild\12.0\bin\Microsoft.Common.CurrentVersion.targets" del proyecto "D:\Repositorio4\GIT REPO\app\common\Core\Cache\NetSteps.Cache.Core\NetSteps.Cache.Core.csproj" (el destino "Clean" depende de él):
Compilación terminada del destino "AfterClean" en el proyecto "NetSteps.Cache.Core.csproj".
Se omitió el destino "EntityClean" debido a una condición falsa (False); ('@(EntityDeploy)' != '') se evaluó como ('' != '').
Destino "Clean" en el archivo "C:\Program Files (x86)\MSBuild\12.0\bin\Microsoft.Common.CurrentVersion.targets" del proyecto "D:\Repositorio4\GIT REPO\app\common\Core\Cache\NetSteps.Cache.Core\NetSteps.Cache.Core.csproj" (punto de entrada):
Compilación terminada del destino "Clean" en el proyecto "NetSteps.Cache.Core.csproj".
Destino "CleanXsdCodeGen" en el archivo "C:\Windows\Microsoft.NET\Framework\v4.0.30319\Microsoft.ServiceModel.targets" del proyecto "D:\Repositorio4\GIT REPO\app\common\Core\Cache\NetSteps.Cache.Core\NetSteps.Cache.Core.csproj" (punto de entrada):
Tarea "Delete"
Ejecución de la tarea "Delete" terminada.
Compilación terminada del destino "CleanXsdCodeGen" en el proyecto "NetSteps.Cache.Core.csproj".
Se omitió el destino "EntityDeploy" debido a una condición falsa (False); ('@(EntityDeploy)' != '') se evaluó como ('' != '').
Se omitió el destino "SvnVersioning" debido a una condición falsa (False); ('$(RunSvnVersioning)' == 'True') se evaluó como ('' == 'True').
Destino "BeforeBuild" en el archivo "C:\Program Files (x86)\MSBuild\12.0\bin\Microsoft.Common.CurrentVersion.targets" del proyecto "D:\Repositorio4\GIT REPO\app\common\Core\Cache\NetSteps.Cache.Core\NetSteps.Cache.Core.csproj" (el destino "Build" depende de él):
Compilación terminada del destino "BeforeBuild" en el proyecto "NetSteps.Cache.Core.csproj".
Destino "BuildOnlySettings" en el archivo "C:\Program Files (x86)\MSBuild\12.0\bin\Microsoft.Common.CurrentVersion.targets" del proyecto "D:\Repositorio4\GIT REPO\app\common\Core\Cache\NetSteps.Cache.Core\NetSteps.Cache.Core.csproj" (el destino "CoreBuild" depende de él):
Compilación terminada del destino "BuildOnlySettings" en el proyecto "NetSteps.Cache.Core.csproj".
Destino "GetFrameworkPaths" en el archivo "C:\Program Files (x86)\MSBuild\12.0\bin\Microsoft.NetFramework.CurrentVersion.targets" del proyecto "D:\Repositorio4\GIT REPO\app\common\Core\Cache\NetSteps.Cache.Core\NetSteps.Cache.Core.csproj" (el destino "PrepareForBuild" depende de él):
Compilación terminada del destino "GetFrameworkPaths" en el proyecto "NetSteps.Cache.Core.csproj".
Se omitió el destino "GetWinFXPath" debido a una condición falsa (False); (('@(Page)' != '' or '@(ApplicationDefinition)' != '' or '@(Resource)' != '') and ('$(GetWinFXNativePath)' != '' or '$(GetWinFXWoWPath)' != '' )) se evaluó como (('' != '' or '' != '' or '' != '') and ('' != '' or '' != '' )).
Destino "GetReferenceAssemblyPaths" en el archivo "C:\Program Files (x86)\MSBuild\12.0\bin\Microsoft.Common.CurrentVersion.targets" del proyecto "D:\Repositorio4\GIT REPO\app\common\Core\Cache\NetSteps.Cache.Core\NetSteps.Cache.Core.csproj" (el destino "PrepareForBuild" depende de él):
Se omitió la tarea "GetReferenceAssemblyPaths" debido a una condición falsa (False); ('$(TargetFrameworkMoniker)' != '' and ('$(_TargetFrameworkDirectories)' == '' or '$(_FullFrameworkReferenceAssemblyPaths)' == '')) se evaluó como ('.NETFramework,Version=v4.0' != '' and ('C:\Program Files (x86)\Reference Assemblies\Microsoft\Framework\.NETFramework\v4.0' == '' or 'C:\Program Files (x86)\Reference Assemblies\Microsoft\Framework\.NETFramework\v4.0' == '')).
Compilación terminada del destino "GetReferenceAssemblyPaths" en el proyecto "NetSteps.Cache.Core.csproj".
Destino "PrepareForBuild" en el archivo "C:\Program Files (x86)\MSBuild\12.0\bin\Microsoft.Common.CurrentVersion.targets" del proyecto "D:\Repositorio4\GIT REPO\app\common\Core\Cache\NetSteps.Cache.Core\NetSteps.Cache.Core.csproj" (el destino "CoreBuild" depende de él):
Usando la tarea "FindAppConfigFile" del ensamblado "Microsoft.Build.Tasks.v12.0, Version=12.0.0.0, Culture=neutral, PublicKeyToken=b03f5f7f11d50a3a".
Tarea "FindAppConfigFile"
Ejecución de la tarea "FindAppConfigFile" terminada.
Tarea "MakeDir"
Ejecución de la tarea "MakeDir" terminada.
Compilación terminada del destino "PrepareForBuild" en el proyecto "NetSteps.Cache.Core.csproj".
Se omitió el destino "PreBuildEvent" debido a una condición falsa (False); ('$(PreBuildEvent)'!='') se evaluó como (''!='').
Destino "BeforeResolveReferences" en el archivo "C:\Program Files (x86)\MSBuild\12.0\bin\Microsoft.Common.CurrentVersion.targets" del proyecto "D:\Repositorio4\GIT REPO\app\common\Core\Cache\NetSteps.Cache.Core\NetSteps.Cache.Core.csproj" (el destino "ResolveReferences" depende de él):
Compilación terminada del destino "BeforeResolveReferences" en el proyecto "NetSteps.Cache.Core.csproj".
Se omitió el destino "AssignProjectConfiguration" debido a una condición falsa (False); ('$(CurrentSolutionConfigurationContents)' != '' or '@(ProjectReference)'!='') se evaluó como ('' != '' or ''!='').
Se omitió el destino "AssignProjectConfiguration" debido a una condición falsa (False); ('$(CurrentSolutionConfigurationContents)' != '' or '@(ProjectReference)'!='') se evaluó como ('' != '' or ''!='').
Se omitió el destino "_SplitProjectReferencesByFileExistence". Compilado previamente de forma correcta.
Destino "ResolveProjectReferences" en el archivo "C:\Program Files (x86)\MSBuild\12.0\bin\Microsoft.Common.CurrentVersion.targets" del proyecto "D:\Repositorio4\GIT REPO\app\common\Core\Cache\NetSteps.Cache.Core\NetSteps.Cache.Core.csproj" (el destino "ResolveReferences" depende de él):
Se omitió la tarea "MSBuild" debido a una condición falsa (False); ('%(_MSBuildProjectReferenceExistent.BuildReference)' == 'true' and '@(ProjectReferenceWithConfiguration)' != '' and ('$(BuildingInsideVisualStudio)' == 'true' or '$(BuildProjectReferences)' != 'true') and '$(VisualStudioVersion)' != '10.0' and '@(_MSBuildProjectReferenceExistent)' != '') se evaluó como ('' == 'true' and '' != '' and ('' == 'true' or 'true' != 'true') and '12.0' != '10.0' and '' != '').
Se omitió la tarea "MSBuild" debido a una condición falsa (False); ('%(_MSBuildProjectReferenceExistent.BuildReference)' == 'true' and '@(ProjectReferenceWithConfiguration)' != '' and ('$(BuildingInsideVisualStudio)' == 'true' or '$(BuildProjectReferences)' != 'true') and '$(VisualStudioVersion)' == '10.0' and '@(_MSBuildProjectReferenceExistent)' != '') se evaluó como ('' == 'true' and '' != '' and ('' == 'true' or 'true' != 'true') and '12.0' == '10.0' and '' != '').
Se omitió la tarea "MSBuild" debido a una condición falsa (False); ('%(_MSBuildProjectReferenceExistent.BuildReference)' == 'true' and '@(ProjectReferenceWithConfiguration)' != '' and '$(BuildingInsideVisualStudio)' != 'true' and '$(BuildProjectReferences)' == 'true' and '@(_MSBuildProjectReferenceExistent)' != '') se evaluó como ('' == 'true' and '' != '' and '' != 'true' and 'true' == 'true' and '' != '').
Se omitió la tarea "MSBuild" debido a una condición falsa (False); ('%(_MSBuildProjectReferenceExistent.BuildReference)' == 'true' and '@(ProjectReferenceWithConfiguration)' != '' and '$(BuildingProject)' == 'true' and '@(_MSBuildProjectReferenceExistent)' != '') se evaluó como ('' == 'true' and '' != '' and 'true' == 'true' and '' != '').
Se omitió la tarea "Warning" debido a una condición falsa (False); ('@(ProjectReferenceWithConfiguration)' != '' and '@(_MSBuildProjectReferenceNonexistent)' != '') se evaluó como ('' != '' and '' != '').
Compilación terminada del destino "ResolveProjectReferences" en el proyecto "NetSteps.Cache.Core.csproj".
Se omitió el destino "FindInvalidProjectReferences" debido a una condición falsa (False); ('$(FindInvalidProjectReferences)' == 'true') se evaluó como ('' == 'true').
Se omitió el destino "ResolveNativeReferences" debido a una condición falsa (False); ('@(NativeReference)'!='') se evaluó como (''!='').
Se omitió el destino "GetFrameworkPaths". Compilado previamente de forma correcta.
Se omitió el destino "GetReferenceAssemblyPaths". Compilado previamente de forma correcta.
Se omitió el destino "PrepareForBuild". Compilado previamente de forma correcta.
Destino "GetInstalledSDKLocations" en el archivo "C:\Program Files (x86)\MSBuild\12.0\bin\Microsoft.Common.CurrentVersion.targets" del proyecto "D:\Repositorio4\GIT REPO\app\common\Core\Cache\NetSteps.Cache.Core\NetSteps.Cache.Core.csproj" (el destino "ResolveSDKReferences" depende de él):
Se omitió la tarea "GetInstalledSDKLocations" debido a una condición falsa (False); ('@(SDKReference)' != '') se evaluó como ('' != '').
Compilación terminada del destino "GetInstalledSDKLocations" en el proyecto "NetSteps.Cache.Core.csproj".
Destino "ResolveSDKReferences" en el archivo "C:\Program Files (x86)\MSBuild\12.0\bin\Microsoft.Common.CurrentVersion.targets" del proyecto "D:\Repositorio4\GIT REPO\app\common\Core\Cache\NetSteps.Cache.Core\NetSteps.Cache.Core.csproj" (el destino "ResolveAssemblyReferences" depende de él):
Se omitió la tarea "ResolveSDKReference" debido a una condición falsa (False); ('@(SDKReference)'!='') se evaluó como (''!='').
Compilación terminada del destino "ResolveSDKReferences" en el proyecto "NetSteps.Cache.Core.csproj".
Se omitió el destino "ResolveSDKReferences". Compilado previamente de forma correcta.
Destino "ExpandSDKReferences" en el archivo "C:\Program Files (x86)\MSBuild\12.0\bin\Microsoft.Common.CurrentVersion.targets" del proyecto "D:\Repositorio4\GIT REPO\app\common\Core\Cache\NetSteps.Cache.Core\NetSteps.Cache.Core.csproj" (el destino "ResolveAssemblyReferences" depende de él):
Se omitió la tarea "GetSDKReferenceFiles" debido a una condición falsa (False); ('@(ResolvedSDKReference)'!='') se evaluó como (''!='').
Compilación terminada del destino "ExpandSDKReferences" en el proyecto "NetSteps.Cache.Core.csproj".
Se omitió el destino "FakesGenerateBeforeBuild" debido a una condición falsa (False); (@(Fakes) != '' AND $(BuildingProject)) se evaluó como ( != '' AND true).
Destino "ResolveAssemblyReferences" en el archivo "C:\Program Files (x86)\MSBuild\12.0\bin\Microsoft.Common.CurrentVersion.targets" del proyecto "D:\Repositorio4\GIT REPO\app\common\Core\Cache\NetSteps.Cache.Core\NetSteps.Cache.Core.csproj" (el destino "ResolveReferences" depende de él):
Usando la tarea "ResolveAssemblyReference" del ensamblado "Microsoft.Build.Tasks.v12.0, Version=12.0.0.0, Culture=neutral, PublicKeyToken=b03f5f7f11d50a3a".
Tarea "ResolveAssemblyReference"
  TargetFrameworkMoniker:
      .NETFramework,Version=v4.0
  TargetFrameworkMonikerDisplayName:
      .NET Framework 4
  TargetedRuntimeVersion:
      v4.0.30319
  Assemblies:
      NetSteps.Encore.Core, Version=2.4.143.0, Culture=neutral, PublicKeyToken=d116fce376e37d09, processorArchitecture=MSIL
          HintPath = '..\..\..\..\BelcorpUSA\packages\NetSteps.Encore.Core_r2_3.2.4.143\lib\net40\NetSteps.Encore.Core.dll'
          SpecificVersion = 'False'
      Newtonsoft.Json, Version=4.5.0.0, Culture=neutral, PublicKeyToken=30ad4fe6b2a6aeed, processorArchitecture=MSIL
          HintPath = '..\..\..\..\BelcorpUSA\packages\Newtonsoft.Json.4.5.11\lib\net40\Newtonsoft.Json.dll'
      ServiceStack.Common
          HintPath = '..\..\..\..\BelcorpUSA\LibrariesEC\ServiceStack\ServiceStack.Common.dll'
      ServiceStack.Interfaces
          HintPath = '..\..\..\..\BelcorpUSA\LibrariesEC\ServiceStack\ServiceStack.Interfaces.dll'
      ServiceStack.Redis
          HintPath = '..\..\..\..\BelcorpUSA\LibrariesEC\ServiceStack\ServiceStack.Redis.dll'
      ServiceStack.Text
          HintPath = '..\..\..\..\BelcorpUSA\LibrariesEC\ServiceStack\ServiceStack.Text.dll'
      System
      System.Configuration
      System.Configuration.Install
      System.Xml.Linq
      System.Data.DataSetExtensions
      Microsoft.CSharp
      System.Data
      System.Xml
      System.Core
  AssemblyFiles:
      C:\Program Files (x86)\Reference Assemblies\Microsoft\Framework\.NETFramework\v4.0\mscorlib.dll
  CandidateAssemblyFiles:
  TargetFrameworkDirectories:
      C:\Program Files (x86)\Reference Assemblies\Microsoft\Framework\.NETFramework\v4.0
  InstalledAssemblyTables:
  IgnoreInstalledAssemblyTable:
      False
  SearchPaths:
      {CandidateAssemblyFiles}
      {HintPathFromItem}
      {TargetFrameworkDirectory}
      {Registry:Software\Microsoft\.NETFramework,v4.0,AssemblyFoldersEx}
      {AssemblyFolders}
      {GAC}
      {RawFileName}
      bin\Release\
  AllowedAssemblyExtensions:
      .winmd
      .dll
      .exe
  AllowedRelatedFileExtensions:
      .pdb
      .xml
      .pri
  AppConfigFile:
      
  AutoUnify:
      True
  CopyLocalDependenciesWhenParentReferenceInGac:
      True
  FindDependencies:
      True
  TargetProcessorArchitecture:
      msil
  StateFile:
      obj\Release\NetSteps.Cache.Core.csprojResolveAssemblyReference.cache
  InstalledAssemblySubsetTables:
  IgnoreInstalledAssemblySubsetTable:
      False
  TargetFrameworkSubsets:
  FullTargetFrameworkSubsetNames:
      Full
  ProfileName:
      
  FullFrameworkFolders:
      C:\Program Files (x86)\Reference Assemblies\Microsoft\Framework\.NETFramework\v4.0
  LatestTargetFrameworkDirectories:
  ProfileTablesLocation:
  Referencia principal unificada "mscorlib, Version=4.0.0.0, Culture=neutral, PublicKeyToken=b77a5c561934e089".
      Se usará esta versión en lugar de la versión original "2.0.0.0" en "D:\Repositorio4\GIT REPO\app\BelcorpUSA\LibrariesEC\ServiceStack\ServiceStack.Common.dll" porque existe una versión más reciente de este archivo de .NET Framework.
      Se usará esta versión en lugar de la versión original "2.0.0.0" en "D:\Repositorio4\GIT REPO\app\BelcorpUSA\LibrariesEC\ServiceStack\ServiceStack.Interfaces.dll" porque existe una versión más reciente de este archivo de .NET Framework.
      Se usará esta versión en lugar de la versión original "2.0.0.0" en "D:\Repositorio4\GIT REPO\app\BelcorpUSA\LibrariesEC\ServiceStack\ServiceStack.Redis.dll" porque existe una versión más reciente de este archivo de .NET Framework.
      Se usará esta versión en lugar de la versión original "2.0.0.0" en "D:\Repositorio4\GIT REPO\app\BelcorpUSA\LibrariesEC\ServiceStack\ServiceStack.Text.dll" porque existe una versión más reciente de este archivo de .NET Framework.
      La ruta de acceso del archivo resuelta es "C:\Program Files (x86)\Reference Assemblies\Microsoft\Framework\.NETFramework\v4.0\mscorlib.dll".
      Se encontró una referencia en la ubicación de ruta de acceso de búsqueda "C:\Program Files (x86)\Reference Assemblies\Microsoft\Framework\.NETFramework\v4.0\mscorlib.dll".
      Esta referencia no es "CopyLocal" porque es un archivo necesario.
      El valor de ImageRuntimeVersion para esta referencia es "v4.0.30319".
  Referencia principal "NetSteps.Encore.Core, Version=2.4.143.0, Culture=neutral, PublicKeyToken=d116fce376e37d09".
      La ruta de acceso del archivo resuelta es "D:\Repositorio4\GIT REPO\app\BelcorpUSA\packages\NetSteps.Encore.Core_r2_3.2.4.143\lib\net40\NetSteps.Encore.Core.dll".
      Se encontró una referencia en la ubicación de ruta de acceso de búsqueda "{HintPathFromItem}".
      Se encontró el archivo "D:\Repositorio4\GIT REPO\app\BelcorpUSA\packages\NetSteps.Encore.Core_r2_3.2.4.143\lib\net40\NetSteps.Encore.Core.pdb" relacionado.
      Se encontró el archivo "D:\Repositorio4\GIT REPO\app\BelcorpUSA\packages\NetSteps.Encore.Core_r2_3.2.4.143\lib\net40\NetSteps.Encore.Core.xml" relacionado.
      El valor de ImageRuntimeVersion para esta referencia es "v4.0.30319".
  Referencia principal "Newtonsoft.Json, Version=4.5.0.0, Culture=neutral, PublicKeyToken=30ad4fe6b2a6aeed".
      La ruta de acceso del archivo resuelta es "D:\Repositorio4\GIT REPO\app\BelcorpUSA\packages\Newtonsoft.Json.4.5.11\lib\net40\Newtonsoft.Json.dll".
      Se encontró una referencia en la ubicación de ruta de acceso de búsqueda "{HintPathFromItem}".
      Se encontró el archivo "D:\Repositorio4\GIT REPO\app\BelcorpUSA\packages\Newtonsoft.Json.4.5.11\lib\net40\Newtonsoft.Json.xml" relacionado.
      El valor de ImageRuntimeVersion para esta referencia es "v4.0.30319".
  Referencia principal "ServiceStack.Common, Version=3.9.58.0, Culture=neutral, PublicKeyToken=null".
      La ruta de acceso del archivo resuelta es "D:\Repositorio4\GIT REPO\app\BelcorpUSA\LibrariesEC\ServiceStack\ServiceStack.Common.dll".
      Se encontró una referencia en la ubicación de ruta de acceso de búsqueda "{HintPathFromItem}".
      El valor de ImageRuntimeVersion para esta referencia es "v2.0.50727".
  Referencia principal "ServiceStack.Interfaces, Version=3.9.58.0, Culture=neutral, PublicKeyToken=null".
      La ruta de acceso del archivo resuelta es "D:\Repositorio4\GIT REPO\app\BelcorpUSA\LibrariesEC\ServiceStack\ServiceStack.Interfaces.dll".
      Se encontró una referencia en la ubicación de ruta de acceso de búsqueda "{HintPathFromItem}".
      El valor de ImageRuntimeVersion para esta referencia es "v2.0.50727".
  Referencia principal "ServiceStack.Redis, Version=3.9.58.0, Culture=neutral, PublicKeyToken=null".
      La ruta de acceso del archivo resuelta es "D:\Repositorio4\GIT REPO\app\BelcorpUSA\LibrariesEC\ServiceStack\ServiceStack.Redis.dll".
      Se encontró una referencia en la ubicación de ruta de acceso de búsqueda "{HintPathFromItem}".
      El valor de ImageRuntimeVersion para esta referencia es "v2.0.50727".
  Referencia principal "ServiceStack.Text, Version=3.9.58.0, Culture=neutral, PublicKeyToken=null".
      La ruta de acceso del archivo resuelta es "D:\Repositorio4\GIT REPO\app\BelcorpUSA\LibrariesEC\ServiceStack\ServiceStack.Text.dll".
      Se encontró una referencia en la ubicación de ruta de acceso de búsqueda "{HintPathFromItem}".
      El valor de ImageRuntimeVersion para esta referencia es "v2.0.50727".
  Referencia principal unificada "System, Version=4.0.0.0, Culture=neutral, PublicKeyToken=b77a5c561934e089".
      Se usará esta versión en lugar de la versión original "2.0.0.0" en "D:\Repositorio4\GIT REPO\app\BelcorpUSA\LibrariesEC\ServiceStack\ServiceStack.Common.dll" porque existe una versión más reciente de este archivo de .NET Framework.
      Se usará esta versión en lugar de la versión original "2.0.0.0" en "D:\Repositorio4\GIT REPO\app\BelcorpUSA\LibrariesEC\ServiceStack\ServiceStack.Interfaces.dll" porque existe una versión más reciente de este archivo de .NET Framework.
      Se usará esta versión en lugar de la versión original "2.0.0.0" en "D:\Repositorio4\GIT REPO\app\BelcorpUSA\LibrariesEC\ServiceStack\ServiceStack.Redis.dll" porque existe una versión más reciente de este archivo de .NET Framework.
      Se usará esta versión en lugar de la versión original "2.0.0.0" en "D:\Repositorio4\GIT REPO\app\BelcorpUSA\LibrariesEC\ServiceStack\ServiceStack.Text.dll" porque existe una versión más reciente de este archivo de .NET Framework.
      La ruta de acceso del archivo resuelta es "C:\Program Files (x86)\Reference Assemblies\Microsoft\Framework\.NETFramework\v4.0\System.dll".
      Se encontró una referencia en la ubicación de ruta de acceso de búsqueda "{TargetFrameworkDirectory}".
          Para SearchPath "{TargetFrameworkDirectory}".
          Se consideró "C:\Program Files (x86)\Reference Assemblies\Microsoft\Framework\.NETFramework\v4.0\System.winmd", pero no existía.
      Esta referencia no es "CopyLocal" porque es un archivo necesario.
      El valor de ImageRuntimeVersion para esta referencia es "v4.0.30319".
  Referencia principal "System.Configuration, Version=4.0.0.0, Culture=neutral, PublicKeyToken=b03f5f7f11d50a3a".
      La ruta de acceso del archivo resuelta es "C:\Program Files (x86)\Reference Assemblies\Microsoft\Framework\.NETFramework\v4.0\System.Configuration.dll".
      Se encontró una referencia en la ubicación de ruta de acceso de búsqueda "{TargetFrameworkDirectory}".
          Para SearchPath "{TargetFrameworkDirectory}".
          Se consideró "C:\Program Files (x86)\Reference Assemblies\Microsoft\Framework\.NETFramework\v4.0\System.Configuration.winmd", pero no existía.
      Esta referencia no es "CopyLocal" porque es un archivo necesario.
      El valor de ImageRuntimeVersion para esta referencia es "v4.0.30319".
  Referencia principal "System.Configuration.Install, Version=4.0.0.0, Culture=neutral, PublicKeyToken=b03f5f7f11d50a3a".
      La ruta de acceso del archivo resuelta es "C:\Program Files (x86)\Reference Assemblies\Microsoft\Framework\.NETFramework\v4.0\System.Configuration.Install.dll".
      Se encontró una referencia en la ubicación de ruta de acceso de búsqueda "{TargetFrameworkDirectory}".
          Para SearchPath "{TargetFrameworkDirectory}".
          Se consideró "C:\Program Files (x86)\Reference Assemblies\Microsoft\Framework\.NETFramework\v4.0\System.Configuration.Install.winmd", pero no existía.
      Esta referencia no es "CopyLocal" porque es un archivo necesario.
      El valor de ImageRuntimeVersion para esta referencia es "v4.0.30319".
  Referencia principal unificada "System.Xml.Linq, Version=4.0.0.0, Culture=neutral, PublicKeyToken=b77a5c561934e089".
      Se usará esta versión en lugar de la versión original "3.5.0.0" en "D:\Repositorio4\GIT REPO\app\BelcorpUSA\LibrariesEC\ServiceStack\ServiceStack.Common.dll" porque existe una versión más reciente de este archivo de .NET Framework.
      La ruta de acceso del archivo resuelta es "C:\Program Files (x86)\Reference Assemblies\Microsoft\Framework\.NETFramework\v4.0\System.Xml.Linq.dll".
      Se encontró una referencia en la ubicación de ruta de acceso de búsqueda "{TargetFrameworkDirectory}".
          Para SearchPath "{TargetFrameworkDirectory}".
          Se consideró "C:\Program Files (x86)\Reference Assemblies\Microsoft\Framework\.NETFramework\v4.0\System.Xml.Linq.winmd", pero no existía.
      Esta referencia no es "CopyLocal" porque es un archivo necesario.
      El valor de ImageRuntimeVersion para esta referencia es "v4.0.30319".
  Referencia principal "System.Data.DataSetExtensions, Version=4.0.0.0, Culture=neutral, PublicKeyToken=b77a5c561934e089".
      La ruta de acceso del archivo resuelta es "C:\Program Files (x86)\Reference Assemblies\Microsoft\Framework\.NETFramework\v4.0\System.Data.DataSetExtensions.dll".
      Se encontró una referencia en la ubicación de ruta de acceso de búsqueda "{TargetFrameworkDirectory}".
          Para SearchPath "{TargetFrameworkDirectory}".
          Se consideró "C:\Program Files (x86)\Reference Assemblies\Microsoft\Framework\.NETFramework\v4.0\System.Data.DataSetExtensions.winmd", pero no existía.
      Esta referencia no es "CopyLocal" porque es un archivo necesario.
      El valor de ImageRuntimeVersion para esta referencia es "v4.0.30319".
  Referencia principal "Microsoft.CSharp, Version=4.0.0.0, Culture=neutral, PublicKeyToken=b03f5f7f11d50a3a".
      La ruta de acceso del archivo resuelta es "C:\Program Files (x86)\Reference Assemblies\Microsoft\Framework\.NETFramework\v4.0\Microsoft.CSharp.dll".
      Se encontró una referencia en la ubicación de ruta de acceso de búsqueda "{TargetFrameworkDirectory}".
          Para SearchPath "{TargetFrameworkDirectory}".
          Se consideró "C:\Program Files (x86)\Reference Assemblies\Microsoft\Framework\.NETFramework\v4.0\Microsoft.CSharp.winmd", pero no existía.
      Esta referencia no es "CopyLocal" porque es un archivo necesario.
      El valor de ImageRuntimeVersion para esta referencia es "v4.0.30319".
  Referencia principal unificada "System.Data, Version=4.0.0.0, Culture=neutral, PublicKeyToken=b77a5c561934e089".
      Se usará esta versión en lugar de la versión original "2.0.0.0" en "D:\Repositorio4\GIT REPO\app\BelcorpUSA\LibrariesEC\ServiceStack\ServiceStack.Interfaces.dll" porque existe una versión más reciente de este archivo de .NET Framework.
      La ruta de acceso del archivo resuelta es "C:\Program Files (x86)\Reference Assemblies\Microsoft\Framework\.NETFramework\v4.0\System.Data.dll".
      Se encontró una referencia en la ubicación de ruta de acceso de búsqueda "{TargetFrameworkDirectory}".
          Para SearchPath "{TargetFrameworkDirectory}".
          Se consideró "C:\Program Files (x86)\Reference Assemblies\Microsoft\Framework\.NETFramework\v4.0\System.Data.winmd", pero no existía.
      Esta referencia no es "CopyLocal" porque es un archivo necesario.
      El valor de ImageRuntimeVersion para esta referencia es "v4.0.30319".
  Referencia principal unificada "System.Xml, Version=4.0.0.0, Culture=neutral, PublicKeyToken=b77a5c561934e089".
      Se usará esta versión en lugar de la versión original "2.0.0.0" en "D:\Repositorio4\GIT REPO\app\BelcorpUSA\LibrariesEC\ServiceStack\ServiceStack.Common.dll" porque existe una versión más reciente de este archivo de .NET Framework.
      Se usará esta versión en lugar de la versión original "2.0.0.0" en "D:\Repositorio4\GIT REPO\app\BelcorpUSA\LibrariesEC\ServiceStack\ServiceStack.Text.dll" porque existe una versión más reciente de este archivo de .NET Framework.
      La ruta de acceso del archivo resuelta es "C:\Program Files (x86)\Reference Assemblies\Microsoft\Framework\.NETFramework\v4.0\System.Xml.dll".
      Se encontró una referencia en la ubicación de ruta de acceso de búsqueda "{TargetFrameworkDirectory}".
          Para SearchPath "{TargetFrameworkDirectory}".
          Se consideró "C:\Program Files (x86)\Reference Assemblies\Microsoft\Framework\.NETFramework\v4.0\System.Xml.winmd", pero no existía.
      Esta referencia no es "CopyLocal" porque es un archivo necesario.
      El valor de ImageRuntimeVersion para esta referencia es "v4.0.30319".
  Referencia principal unificada "System.Core, Version=4.0.0.0, Culture=neutral, PublicKeyToken=b77a5c561934e089".
      Se usará esta versión en lugar de la versión original "3.5.0.0" en "D:\Repositorio4\GIT REPO\app\BelcorpUSA\LibrariesEC\ServiceStack\ServiceStack.Common.dll" porque existe una versión más reciente de este archivo de .NET Framework.
      Se usará esta versión en lugar de la versión original "3.5.0.0" en "D:\Repositorio4\GIT REPO\app\BelcorpUSA\LibrariesEC\ServiceStack\ServiceStack.Interfaces.dll" porque existe una versión más reciente de este archivo de .NET Framework.
      Se usará esta versión en lugar de la versión original "3.5.0.0" en "D:\Repositorio4\GIT REPO\app\BelcorpUSA\LibrariesEC\ServiceStack\ServiceStack.Redis.dll" porque existe una versión más reciente de este archivo de .NET Framework.
      Se usará esta versión en lugar de la versión original "3.5.0.0" en "D:\Repositorio4\GIT REPO\app\BelcorpUSA\LibrariesEC\ServiceStack\ServiceStack.Text.dll" porque existe una versión más reciente de este archivo de .NET Framework.
      La ruta de acceso del archivo resuelta es "C:\Program Files (x86)\Reference Assemblies\Microsoft\Framework\.NETFramework\v4.0\System.Core.dll".
      Se encontró una referencia en la ubicación de ruta de acceso de búsqueda "{TargetFrameworkDirectory}".
          Para SearchPath "{TargetFrameworkDirectory}".
          Se consideró "C:\Program Files (x86)\Reference Assemblies\Microsoft\Framework\.NETFramework\v4.0\System.Core.winmd", pero no existía.
      Esta referencia no es "CopyLocal" porque es un archivo necesario.
      El valor de ImageRuntimeVersion para esta referencia es "v4.0.30319".
  Dependencia unificada "System.Runtime.Serialization, Version=4.0.0.0, Culture=neutral, PublicKeyToken=b77a5c561934e089".
      Se usará esta versión en lugar de la versión original "3.0.0.0" en "D:\Repositorio4\GIT REPO\app\BelcorpUSA\LibrariesEC\ServiceStack\ServiceStack.Common.dll" porque existe una versión más reciente de este archivo de .NET Framework.
      Se usará esta versión en lugar de la versión original "3.0.0.0" en "D:\Repositorio4\GIT REPO\app\BelcorpUSA\LibrariesEC\ServiceStack\ServiceStack.Interfaces.dll" porque existe una versión más reciente de este archivo de .NET Framework.
      Se usará esta versión en lugar de la versión original "3.0.0.0" en "D:\Repositorio4\GIT REPO\app\BelcorpUSA\LibrariesEC\ServiceStack\ServiceStack.Text.dll" porque existe una versión más reciente de este archivo de .NET Framework.
      La ruta de acceso del archivo resuelta es "C:\Program Files (x86)\Reference Assemblies\Microsoft\Framework\.NETFramework\v4.0\System.Runtime.Serialization.dll".
      Se encontró una referencia en la ubicación de ruta de acceso de búsqueda "{TargetFrameworkDirectory}".
          Para SearchPath "D:\Repositorio4\GIT REPO\app\BelcorpUSA\packages\Newtonsoft.Json.4.5.11\lib\net40".
          Se consideró "D:\Repositorio4\GIT REPO\app\BelcorpUSA\packages\Newtonsoft.Json.4.5.11\lib\net40\System.Runtime.Serialization.winmd", pero no existía.
          Se consideró "D:\Repositorio4\GIT REPO\app\BelcorpUSA\packages\Newtonsoft.Json.4.5.11\lib\net40\System.Runtime.Serialization.dll", pero no existía.
          Se consideró "D:\Repositorio4\GIT REPO\app\BelcorpUSA\packages\Newtonsoft.Json.4.5.11\lib\net40\System.Runtime.Serialization.exe", pero no existía.
          Para SearchPath "{TargetFrameworkDirectory}".
          Se consideró "C:\Program Files (x86)\Reference Assemblies\Microsoft\Framework\.NETFramework\v4.0\System.Runtime.Serialization.winmd", pero no existía.
      Requerido por "ServiceStack.Redis".
      Requerido por "ServiceStack.Common".
      Requerido por "Newtonsoft.Json, Version=4.5.0.0, Culture=neutral, PublicKeyToken=30ad4fe6b2a6aeed, processorArchitecture=MSIL".
      Requerido por "NetSteps.Encore.Core, Version=2.4.143.0, Culture=neutral, PublicKeyToken=d116fce376e37d09, processorArchitecture=MSIL".
      Requerido por "ServiceStack.Text".
      Requerido por "ServiceStack.Interfaces".
      Esta referencia no es "CopyLocal" porque es un archivo necesario.
      El valor de ImageRuntimeVersion para esta referencia es "v4.0.30319".
  Dependencia unificada "System.ServiceModel, Version=4.0.0.0, Culture=neutral, PublicKeyToken=b77a5c561934e089".
      Se usará esta versión en lugar de la versión original "3.0.0.0" en "D:\Repositorio4\GIT REPO\app\BelcorpUSA\LibrariesEC\ServiceStack\ServiceStack.Common.dll" porque existe una versión más reciente de este archivo de .NET Framework.
      La ruta de acceso del archivo resuelta es "C:\Program Files (x86)\Reference Assemblies\Microsoft\Framework\.NETFramework\v4.0\System.ServiceModel.dll".
      Se encontró una referencia en la ubicación de ruta de acceso de búsqueda "{TargetFrameworkDirectory}".
          Para SearchPath "D:\Repositorio4\GIT REPO\app\BelcorpUSA\LibrariesEC\ServiceStack".
          Se consideró "D:\Repositorio4\GIT REPO\app\BelcorpUSA\LibrariesEC\ServiceStack\System.ServiceModel.winmd", pero no existía.
          Se consideró "D:\Repositorio4\GIT REPO\app\BelcorpUSA\LibrariesEC\ServiceStack\System.ServiceModel.dll", pero no existía.
          Se consideró "D:\Repositorio4\GIT REPO\app\BelcorpUSA\LibrariesEC\ServiceStack\System.ServiceModel.exe", pero no existía.
          Para SearchPath "{TargetFrameworkDirectory}".
          Se consideró "C:\Program Files (x86)\Reference Assemblies\Microsoft\Framework\.NETFramework\v4.0\System.ServiceModel.winmd", pero no existía.
      Requerido por "ServiceStack.Common".
      Requerido por "ServiceStack.Redis".
      Esta referencia no es "CopyLocal" porque es un archivo necesario.
      El valor de ImageRuntimeVersion para esta referencia es "v4.0.30319".
  Dependencia unificada "System.Web, Version=4.0.0.0, Culture=neutral, PublicKeyToken=b03f5f7f11d50a3a".
      Se usará esta versión en lugar de la versión original "2.0.0.0" en "D:\Repositorio4\GIT REPO\app\BelcorpUSA\LibrariesEC\ServiceStack\ServiceStack.Common.dll" porque existe una versión más reciente de este archivo de .NET Framework.
      La ruta de acceso del archivo resuelta es "C:\Program Files (x86)\Reference Assemblies\Microsoft\Framework\.NETFramework\v4.0\System.Web.dll".
      Se encontró una referencia en la ubicación de ruta de acceso de búsqueda "{TargetFrameworkDirectory}".
          Para SearchPath "D:\Repositorio4\GIT REPO\app\BelcorpUSA\LibrariesEC\ServiceStack".
          Se consideró "D:\Repositorio4\GIT REPO\app\BelcorpUSA\LibrariesEC\ServiceStack\System.Web.winmd", pero no existía.
          Se consideró "D:\Repositorio4\GIT REPO\app\BelcorpUSA\LibrariesEC\ServiceStack\System.Web.dll", pero no existía.
          Se consideró "D:\Repositorio4\GIT REPO\app\BelcorpUSA\LibrariesEC\ServiceStack\System.Web.exe", pero no existía.
          Para SearchPath "{TargetFrameworkDirectory}".
          Se consideró "C:\Program Files (x86)\Reference Assemblies\Microsoft\Framework\.NETFramework\v4.0\System.Web.winmd", pero no existía.
      Requerido por "ServiceStack.Common".
      Requerido por "ServiceStack.Redis".
      Esta referencia no es "CopyLocal" porque es un archivo necesario.
      El valor de ImageRuntimeVersion para esta referencia es "v4.0.30319".
  Dependencia unificada "System.ServiceModel.Web, Version=4.0.0.0, Culture=neutral, PublicKeyToken=31bf3856ad364e35".
      Se usará esta versión en lugar de la versión original "3.5.0.0" en "D:\Repositorio4\GIT REPO\app\BelcorpUSA\LibrariesEC\ServiceStack\ServiceStack.Common.dll" porque existe una versión más reciente de este archivo de .NET Framework.
      La ruta de acceso del archivo resuelta es "C:\Program Files (x86)\Reference Assemblies\Microsoft\Framework\.NETFramework\v4.0\System.ServiceModel.Web.dll".
      Se encontró una referencia en la ubicación de ruta de acceso de búsqueda "{TargetFrameworkDirectory}".
          Para SearchPath "D:\Repositorio4\GIT REPO\app\BelcorpUSA\LibrariesEC\ServiceStack".
          Se consideró "D:\Repositorio4\GIT REPO\app\BelcorpUSA\LibrariesEC\ServiceStack\System.ServiceModel.Web.winmd", pero no existía.
          Se consideró "D:\Repositorio4\GIT REPO\app\BelcorpUSA\LibrariesEC\ServiceStack\System.ServiceModel.Web.dll", pero no existía.
          Se consideró "D:\Repositorio4\GIT REPO\app\BelcorpUSA\LibrariesEC\ServiceStack\System.ServiceModel.Web.exe", pero no existía.
          Para SearchPath "{TargetFrameworkDirectory}".
          Se consideró "C:\Program Files (x86)\Reference Assemblies\Microsoft\Framework\.NETFramework\v4.0\System.ServiceModel.Web.winmd", pero no existía.
      Requerido por "ServiceStack.Common".
      Requerido por "ServiceStack.Redis".
      Esta referencia no es "CopyLocal" porque es un archivo necesario.
      El valor de ImageRuntimeVersion para esta referencia es "v4.0.30319".
  Dependencia unificada "System.Data.Linq, Version=4.0.0.0, Culture=neutral, PublicKeyToken=b77a5c561934e089".
      Se usará esta versión en lugar de la versión original "3.5.0.0" en "D:\Repositorio4\GIT REPO\app\BelcorpUSA\LibrariesEC\ServiceStack\ServiceStack.Text.dll" porque existe una versión más reciente de este archivo de .NET Framework.
      La ruta de acceso del archivo resuelta es "C:\Program Files (x86)\Reference Assemblies\Microsoft\Framework\.NETFramework\v4.0\System.Data.Linq.dll".
      Se encontró una referencia en la ubicación de ruta de acceso de búsqueda "{TargetFrameworkDirectory}".
          Para SearchPath "D:\Repositorio4\GIT REPO\app\BelcorpUSA\LibrariesEC\ServiceStack".
          Se consideró "D:\Repositorio4\GIT REPO\app\BelcorpUSA\LibrariesEC\ServiceStack\System.Data.Linq.winmd", pero no existía.
          Se consideró "D:\Repositorio4\GIT REPO\app\BelcorpUSA\LibrariesEC\ServiceStack\System.Data.Linq.dll", pero no existía.
          Se consideró "D:\Repositorio4\GIT REPO\app\BelcorpUSA\LibrariesEC\ServiceStack\System.Data.Linq.exe", pero no existía.
          Para SearchPath "{TargetFrameworkDirectory}".
          Se consideró "C:\Program Files (x86)\Reference Assemblies\Microsoft\Framework\.NETFramework\v4.0\System.Data.Linq.winmd", pero no existía.
      Requerido por "ServiceStack.Common".
      Requerido por "ServiceStack.Redis".
      Requerido por "ServiceStack.Text".
      Esta referencia no es "CopyLocal" porque es un archivo necesario.
      El valor de ImageRuntimeVersion para esta referencia es "v4.0.30319".
Ejecución de la tarea "ResolveAssemblyReference" terminada.
Compilación terminada del destino "ResolveAssemblyReferences" en el proyecto "NetSteps.Cache.Core.csproj".
Se omitió el destino "GenerateBindingRedirects" debido a una condición falsa (False); ('$(AutoGenerateBindingRedirects)' == 'true' and '$(GenerateBindingRedirectsOutputType)' == 'true') se evaluó como ('' == 'true' and '' == 'true').
Se omitió el destino "ResolveComReferences" debido a una condición falsa (False); ('@(COMReference)'!='' or '@(COMFileReference)'!='') se evaluó como (''!='' or ''!='').
Destino "AfterResolveReferences" en el archivo "C:\Program Files (x86)\MSBuild\12.0\bin\Microsoft.Common.CurrentVersion.targets" del proyecto "D:\Repositorio4\GIT REPO\app\common\Core\Cache\NetSteps.Cache.Core\NetSteps.Cache.Core.csproj" (el destino "ResolveReferences" depende de él):
Compilación terminada del destino "AfterResolveReferences" en el proyecto "NetSteps.Cache.Core.csproj".
Se omitió el destino "ImplicitlyExpandDesignTimeFacades" debido a una condición falsa (False); ('$(ImplicitlyExpandDesignTimeFacades)' == 'true') se evaluó como ('' == 'true').
Se omitió el destino "ResolveTestReferences" debido a una condición falsa (False); ('@(Shadow)'!='') se evaluó como (''!='').
Destino "ResolveReferences" en el archivo "C:\Program Files (x86)\MSBuild\12.0\bin\Microsoft.Common.CurrentVersion.targets" del proyecto "D:\Repositorio4\GIT REPO\app\common\Core\Cache\NetSteps.Cache.Core\NetSteps.Cache.Core.csproj" (el destino "CoreBuild" depende de él):
Compilación terminada del destino "ResolveReferences" en el proyecto "NetSteps.Cache.Core.csproj".
Se omitió el destino "XamlMarkupCompilePass1" debido a una condición falsa (False); ('@(XamlPage)' != '' or '@(XamlAppDef)' != '') se evaluó como ('' != '' or '' != '').
Se omitió el destino "XamlMarkupCompileReadGeneratedFileList" debido a una condición falsa (False); ('@(XamlPage)' != '' or '@(XamlAppDef)' != '') se evaluó como ('' != '' or '' != '').
Se omitió el destino "XamlMarkupCompileAddFilesGenerated" debido a una condición falsa (False); ('@(XamlPage)' != '' or '@(XamlAppDef)' != '') se evaluó como ('' != '' or '' != '').
Se omitió el destino "XamlMarkupCompilePass2" debido a una condición falsa (False); ('$(XamlRequiresCompilationPass2)' == 'true' ) se evaluó como ('false' == 'true' ).
Se omitió el destino "XamlMarkupCompileReadPass2Flag" debido a una condición falsa (False); ('@(XamlPage)' != '' or '@(XamlAppDef)' != '') se evaluó como ('' != '' or '' != '').
Se omitió el destino "XamlMarkupCompileAddExtensionFilesGenerated" debido a una condición falsa (False); ('@(XamlPage)' != '' or '@(XamlAppDef)' != '') se evaluó como ('' != '' or '' != '').
Se omitió el destino "MarkupCompilePass1" debido a una condición falsa (False); ('@(Page)' != '' or '@(ApplicationDefinition)' != '' ) se evaluó como ('' != '' or '' != '' ).
Destino "AfterMarkupCompilePass1" en el archivo "C:\Windows\Microsoft.NET\Framework\v4.0.30319\Microsoft.WinFx.targets" del proyecto "D:\Repositorio4\GIT REPO\app\common\Core\Cache\NetSteps.Cache.Core\NetSteps.Cache.Core.csproj" (el destino "PrepareResources" depende de él):
Compilación terminada del destino "AfterMarkupCompilePass1" en el proyecto "NetSteps.Cache.Core.csproj".
Se omitió el destino "MarkupCompilePass2ForMainAssembly" debido a una condición falsa (False); ('$(_RequireMCPass2ForMainAssembly)' == 'true' ) se evaluó como ('false' == 'true' ).
Destino "FileClassification" en el archivo "C:\Windows\Microsoft.NET\Framework\v4.0.30319\Microsoft.WinFx.targets" del proyecto "D:\Repositorio4\GIT REPO\app\common\Core\Cache\NetSteps.Cache.Core\NetSteps.Cache.Core.csproj" (el destino "PrepareResources" depende de él):
Se omitió la tarea "FileClassifier" debido a una condición falsa (False); ('@(GeneratedBaml)' != '' or '@(Resource)' != '' or '@(Font)' != '') se evaluó como ('' != '' or '' != '' or '' != '').
Se omitió la tarea "Message" debido a una condición falsa (False); ('$(MSBuildTargetsVerbose)'=='true') se evaluó como (''=='true').
Se omitió la tarea "Message" debido a una condición falsa (False); ('$(MSBuildTargetsVerbose)'=='true') se evaluó como (''=='true').
Compilación terminada del destino "FileClassification" en el proyecto "NetSteps.Cache.Core.csproj".
Se omitió el destino "MainResourcesGeneration" debido a una condición falsa (False); ('@(MainEmbeddedFiles)' != '') se evaluó como ('' != '').
Se omitió el destino "AssignWinFXEmbeddedResource" debido a una condición falsa (False); ('@(WinFXEmbeddedResource)' != '') se evaluó como ('' != '').
Destino "AssignTargetPaths" en el archivo "C:\Program Files (x86)\MSBuild\12.0\bin\Microsoft.Common.CurrentVersion.targets" del proyecto "D:\Repositorio4\GIT REPO\app\common\Core\Cache\NetSteps.Cache.Core\NetSteps.Cache.Core.csproj" (el destino "PrepareResourceNames" depende de él):
Usando la tarea "AssignTargetPath" del ensamblado "Microsoft.Build.Tasks.v12.0, Version=12.0.0.0, Culture=neutral, PublicKeyToken=b03f5f7f11d50a3a".
Tarea "AssignTargetPath"
Ejecución de la tarea "AssignTargetPath" terminada.
Tarea "AssignTargetPath"
Ejecución de la tarea "AssignTargetPath" terminada.
Tarea "AssignTargetPath"
Ejecución de la tarea "AssignTargetPath" terminada.
Tarea "AssignTargetPath"
Ejecución de la tarea "AssignTargetPath" terminada.
Se omitió la tarea "AssignTargetPath" debido a una condición falsa (False); ('@(_DeploymentBaseManifestWithTargetPath)'=='' and '%(None.Extension)'=='.manifest') se evaluó como (''=='' and '.snk'=='.manifest').
Se omitió la tarea "AssignTargetPath" debido a una condición falsa (False); ('@(_DeploymentBaseManifestWithTargetPath)'=='' and '%(None.Extension)'=='.manifest') se evaluó como (''=='' and '.config'=='.manifest').
Compilación terminada del destino "AssignTargetPaths" en el proyecto "NetSteps.Cache.Core.csproj".
Se omitió el destino "AssignTargetPaths". Compilado previamente de forma correcta.
Destino "SplitResourcesByCulture" en el archivo "C:\Program Files (x86)\MSBuild\12.0\bin\Microsoft.Common.CurrentVersion.targets" del proyecto "D:\Repositorio4\GIT REPO\app\common\Core\Cache\NetSteps.Cache.Core\NetSteps.Cache.Core.csproj" (el destino "PrepareResourceNames" depende de él):
Se omitió la tarea "Warning" debido a una condición falsa (False); ('@(ResxWithNoCulture)'!='') se evaluó como (''!='').
Se omitió la tarea "Warning" debido a una condición falsa (False); ('@(ResxWithCulture)'!='') se evaluó como (''!='').
Se omitió la tarea "Warning" debido a una condición falsa (False); ('@(NonResxWithCulture)'!='') se evaluó como (''!='').
Se omitió la tarea "Warning" debido a una condición falsa (False); ('@(NonResxWithNoCulture)'!='') se evaluó como (''!='').
Usando la tarea "AssignCulture" del ensamblado "Microsoft.Build.Tasks.v12.0, Version=12.0.0.0, Culture=neutral, PublicKeyToken=b03f5f7f11d50a3a".
Tarea "AssignCulture"
  La referencia cultural "" se asignó al archivo "Properties\Resources.resx".
Ejecución de la tarea "AssignCulture" terminada.
Compilación terminada del destino "SplitResourcesByCulture" en el proyecto "NetSteps.Cache.Core.csproj".
Destino "CreateManifestResourceNames" en el archivo "C:\Program Files (x86)\MSBuild\12.0\bin\Microsoft.CSharp.CurrentVersion.targets" del proyecto "D:\Repositorio4\GIT REPO\app\common\Core\Cache\NetSteps.Cache.Core\NetSteps.Cache.Core.csproj" (el destino "PrepareResourceNames" depende de él):
Usando la tarea "CreateCSharpManifestResourceName" del ensamblado "Microsoft.Build.Tasks.v12.0, Version=12.0.0.0, Culture=neutral, PublicKeyToken=b03f5f7f11d50a3a".
Tarea "CreateCSharpManifestResourceName"
  El espacio de nombres de la raíz es 'NetSteps.Core.Cache'.
  El archivo de recursos 'Properties\Resources.resx' no depende de ningún otro archivo.
  El archivo de recursos 'Properties\Resources.resx' obtiene el nombre del recurso de manifiesto 'NetSteps.Core.Cache.Properties.Resources'.
Ejecución de la tarea "CreateCSharpManifestResourceName" terminada.
Se omitió la tarea "CreateCSharpManifestResourceName" debido a una condición falsa (False); ('%(EmbeddedResource.ManifestResourceName)' == '' and '%(EmbeddedResource.WithCulture)' == 'true' and '%(EmbeddedResource.Type)' == 'Non-Resx') se evaluó como ('' == '' and 'false' == 'true' and 'Resx' == 'Non-Resx').
Compilación terminada del destino "CreateManifestResourceNames" en el proyecto "NetSteps.Cache.Core.csproj".
Destino "CreateCustomManifestResourceNames" en el archivo "C:\Program Files (x86)\MSBuild\12.0\bin\Microsoft.Common.CurrentVersion.targets" del proyecto "D:\Repositorio4\GIT REPO\app\common\Core\Cache\NetSteps.Cache.Core\NetSteps.Cache.Core.csproj" (el destino "PrepareResourceNames" depende de él):
Compilación terminada del destino "CreateCustomManifestResourceNames" en el proyecto "NetSteps.Cache.Core.csproj".
Destino "PrepareResourceNames" en el archivo "C:\Program Files (x86)\MSBuild\12.0\bin\Microsoft.Common.CurrentVersion.targets" del proyecto "D:\Repositorio4\GIT REPO\app\common\Core\Cache\NetSteps.Cache.Core\NetSteps.Cache.Core.csproj" (el destino "PrepareResources" depende de él):
Compilación terminada del destino "PrepareResourceNames" en el proyecto "NetSteps.Cache.Core.csproj".
Se omitió el destino "ResolveAssemblyReferences". Compilado previamente de forma correcta.
Se omitió el destino "SplitResourcesByCulture". Compilado previamente de forma correcta.
Destino "BeforeResGen" en el archivo "C:\Program Files (x86)\MSBuild\12.0\bin\Microsoft.Common.CurrentVersion.targets" del proyecto "D:\Repositorio4\GIT REPO\app\common\Core\Cache\NetSteps.Cache.Core\NetSteps.Cache.Core.csproj" (el destino "ResGen" depende de él):
Compilación terminada del destino "BeforeResGen" en el proyecto "NetSteps.Cache.Core.csproj".
Destino "CoreResGen" en el archivo "C:\Program Files (x86)\MSBuild\12.0\bin\Microsoft.Common.CurrentVersion.targets" del proyecto "D:\Repositorio4\GIT REPO\app\common\Core\Cache\NetSteps.Cache.Core\NetSteps.Cache.Core.csproj" (el destino "ResGen" depende de él):
Usando la tarea "GenerateResource" del ensamblado "Microsoft.Build.Tasks.v12.0, Version=12.0.0.0, Culture=neutral, PublicKeyToken=b03f5f7f11d50a3a".
Tarea "GenerateResource"
  "C:\Program Files (x86)\Microsoft SDKs\Windows\v8.1A\bin\NETFX 4.5.1 Tools\resgen.exe" /useSourcePath /r:"C:\Program Files (x86)\Reference Assemblies\Microsoft\Framework\.NETFramework\v4.0\Microsoft.CSharp.dll" /r:"C:\Program Files (x86)\Reference Assemblies\Microsoft\Framework\.NETFramework\v4.0\mscorlib.dll" /r:"D:\Repositorio4\GIT REPO\app\BelcorpUSA\packages\NetSteps.Encore.Core_r2_3.2.4.143\lib\net40\NetSteps.Encore.Core.dll" /r:"D:\Repositorio4\GIT REPO\app\BelcorpUSA\packages\Newtonsoft.Json.4.5.11\lib\net40\Newtonsoft.Json.dll" /r:"D:\Repositorio4\GIT REPO\app\BelcorpUSA\LibrariesEC\ServiceStack\ServiceStack.Common.dll" /r:"D:\Repositorio4\GIT REPO\app\BelcorpUSA\LibrariesEC\ServiceStack\ServiceStack.Interfaces.dll" /r:"D:\Repositorio4\GIT REPO\app\BelcorpUSA\LibrariesEC\ServiceStack\ServiceStack.Redis.dll" /r:"D:\Repositorio4\GIT REPO\app\BelcorpUSA\LibrariesEC\ServiceStack\ServiceStack.Text.dll" /r:"C:\Program Files (x86)\Reference Assemblies\Microsoft\Framework\.NETFramework\v4.0\System.Configuration.dll" /r:"C:\Program Files (x86)\Reference Assemblies\Microsoft\Framework\.NETFramework\v4.0\System.Configuration.Install.dll" /r:"C:\Program Files (x86)\Reference Assemblies\Microsoft\Framework\.NETFramework\v4.0\System.Core.dll" /r:"C:\Program Files (x86)\Reference Assemblies\Microsoft\Framework\.NETFramework\v4.0\System.Data.DataSetExtensions.dll" /r:"C:\Program Files (x86)\Reference Assemblies\Microsoft\Framework\.NETFramework\v4.0\System.Data.dll" /r:"C:\Program Files (x86)\Reference Assemblies\Microsoft\Framework\.NETFramework\v4.0\System.dll" /r:"C:\Program Files (x86)\Reference Assemblies\Microsoft\Framework\.NETFramework\v4.0\System.Xml.dll" /r:"C:\Program Files (x86)\Reference Assemblies\Microsoft\Framework\.NETFramework\v4.0\System.Xml.Linq.dll" /compile Properties\Resources.resx,obj\Release\NetSteps.Core.Cache.Properties.Resources.resources
  Procesando archivo de recursos "Properties\Resources.resx" en "obj\Release\NetSteps.Core.Cache.Properties.Resources.resources".
  Procesando 0 recursos del archivo "Properties\Resources.resx".
Ejecución de la tarea "GenerateResource" terminada.
Se omitió la tarea "GenerateResource" debido a una condición falsa (False); ('%(EmbeddedResource.Type)' == 'Resx' and '%(EmbeddedResource.GenerateResource)' != 'false' and '$(GenerateResourceMSBuildRuntime)' == 'CLR2') se evaluó como ('Resx' == 'Resx' and '' != 'false' and 'CLR4' == 'CLR2').
Compilación terminada del destino "CoreResGen" en el proyecto "NetSteps.Cache.Core.csproj".
Destino "AfterResGen" en el archivo "C:\Program Files (x86)\MSBuild\12.0\bin\Microsoft.Common.CurrentVersion.targets" del proyecto "D:\Repositorio4\GIT REPO\app\common\Core\Cache\NetSteps.Cache.Core\NetSteps.Cache.Core.csproj" (el destino "ResGen" depende de él):
Compilación terminada del destino "AfterResGen" en el proyecto "NetSteps.Cache.Core.csproj".
Destino "ResGen" en el archivo "C:\Program Files (x86)\MSBuild\12.0\bin\Microsoft.Common.CurrentVersion.targets" del proyecto "D:\Repositorio4\GIT REPO\app\common\Core\Cache\NetSteps.Cache.Core\NetSteps.Cache.Core.csproj" (el destino "PrepareResources" depende de él):
Compilación terminada del destino "ResGen" en el proyecto "NetSteps.Cache.Core.csproj".
Se omitió el destino "CompileLicxFiles" debido a una condición falsa (False); ('@(_LicxFile)'!='') se evaluó como (''!='').
Destino "PrepareRdlFiles" en el archivo "C:\Program Files (x86)\MSBuild\Microsoft\VisualStudio\v12.0\ReportingServices\Microsoft.ReportingServices.targets" del proyecto "D:\Repositorio4\GIT REPO\app\common\Core\Cache\NetSteps.Cache.Core\NetSteps.Cache.Core.csproj" (el destino "CompileRdlFiles" depende de él):
Se omitió la tarea "CreateItem" debido a una condición falsa (False); ('%(Extension)'=='.rdlc') se evaluó como ('.resx'=='.rdlc').
Compilación terminada del destino "PrepareRdlFiles" en el proyecto "NetSteps.Cache.Core.csproj".
Se omitió el destino "RunRdlCompiler" debido a una condición falsa (False); ('@(RdlFile)'!='') se evaluó como (''!='').
Destino "CompileRdlFiles" en el archivo "C:\Program Files (x86)\MSBuild\Microsoft\VisualStudio\v12.0\ReportingServices\Microsoft.ReportingServices.targets" del proyecto "D:\Repositorio4\GIT REPO\app\common\Core\Cache\NetSteps.Cache.Core\NetSteps.Cache.Core.csproj" (el destino "PrepareResources" depende de él):
Compilación terminada del destino "CompileRdlFiles" en el proyecto "NetSteps.Cache.Core.csproj".
Destino "PrepareResources" en el archivo "C:\Program Files (x86)\MSBuild\12.0\bin\Microsoft.Common.CurrentVersion.targets" del proyecto "D:\Repositorio4\GIT REPO\app\common\Core\Cache\NetSteps.Cache.Core\NetSteps.Cache.Core.csproj" (el destino "CoreBuild" depende de él):
Compilación terminada del destino "PrepareResources" en el proyecto "NetSteps.Cache.Core.csproj".
Se omitió el destino "ResolveKeySource" debido a una condición falsa (False); ($(SignManifests) == 'true' or $(SignAssembly) == 'true') se evaluó como ( == 'true' or false == 'true').
Destino "CodeContractsSlipInDefineSymbolDynamically" en el archivo "C:\Program Files (x86)\Microsoft\Contracts\MsBuild\v12.0\Microsoft.CodeContracts.targets" del proyecto "D:\Repositorio4\GIT REPO\app\common\Core\Cache\NetSteps.Cache.Core\NetSteps.Cache.Core.csproj" (el destino "Compile" depende de él):
Usando la tarea "CreateProperty" del ensamblado "Microsoft.Build.Tasks.v12.0, Version=12.0.0.0, Culture=neutral, PublicKeyToken=b03f5f7f11d50a3a".
Tarea "CreateProperty"
Ejecución de la tarea "CreateProperty" terminada.
Se omitió la tarea "CreateProperty" debido a una condición falsa (False); ('$(Language)'=='VB') se evaluó como ('C#'=='VB').
Compilación terminada del destino "CodeContractsSlipInDefineSymbolDynamically" en el proyecto "NetSteps.Cache.Core.csproj".
Se omitió el destino "ResolveReferences". Compilado previamente de forma correcta.
Se omitió el destino "ResolveKeySource" debido a una condición falsa (False); ($(SignManifests) == 'true' or $(SignAssembly) == 'true') se evaluó como ( == 'true' or false == 'true').
Se omitió el destino "ResolveComReferences" debido a una condición falsa (False); ('@(COMReference)'!='' or '@(COMFileReference)'!='') se evaluó como (''!='' or ''!='').
Se omitió el destino "ResolveNativeReferences" debido a una condición falsa (False); ('@(NativeReference)'!='') se evaluó como (''!='').
Se omitió el destino "_SetExternalWin32ManifestProperties" debido a una condición falsa (False); ('$(GenerateClickOnceManifests)'=='true' or '@(NativeReference)'!='' or '@(ResolvedIsolatedComModules)'!='') se evaluó como (''=='true' or ''!='' or ''!='').
Destino "_SetEmbeddedWin32ManifestProperties" en el archivo "C:\Program Files (x86)\MSBuild\12.0\bin\Microsoft.Common.CurrentVersion.targets" del proyecto "D:\Repositorio4\GIT REPO\app\common\Core\Cache\NetSteps.Cache.Core\NetSteps.Cache.Core.csproj" (el destino "SetWin32ManifestProperties" depende de él):
Usando la tarea "GetFrameworkPath" del ensamblado "Microsoft.Build.Tasks.v12.0, Version=12.0.0.0, Culture=neutral, PublicKeyToken=b03f5f7f11d50a3a".
Tarea "GetFrameworkPath"
Ejecución de la tarea "GetFrameworkPath" terminada.
Compilación terminada del destino "_SetEmbeddedWin32ManifestProperties" en el proyecto "NetSteps.Cache.Core.csproj".
Destino "SetWin32ManifestProperties" en el archivo "C:\Program Files (x86)\MSBuild\12.0\bin\Microsoft.Common.CurrentVersion.targets" del proyecto "D:\Repositorio4\GIT REPO\app\common\Core\Cache\NetSteps.Cache.Core\NetSteps.Cache.Core.csproj" (el destino "Compile" depende de él):
Compilación terminada del destino "SetWin32ManifestProperties" en el proyecto "NetSteps.Cache.Core.csproj".
Destino "_GenerateCompileInputs" en el archivo "C:\Program Files (x86)\MSBuild\12.0\bin\Microsoft.Common.CurrentVersion.targets" del proyecto "D:\Repositorio4\GIT REPO\app\common\Core\Cache\NetSteps.Cache.Core\NetSteps.Cache.Core.csproj" (el destino "Compile" depende de él):
Se omitió la tarea "Warning" debido a una condición falsa (False); ('@(ManifestResourceWithNoCulture)'!='' and '%(ManifestResourceWithNoCulture.EmittedForCompatibilityOnly)'=='') se evaluó como ('obj\Release\NetSteps.Core.Cache.Properties.Resources.resources'!='' and 'true'=='').
Se omitió la tarea "Warning" debido a una condición falsa (False); ('@(ManifestNonResxWithNoCultureOnDisk)'!='' and '%(ManifestNonResxWithNoCultureOnDisk.EmittedForCompatibilityOnly)'=='') se evaluó como (''!='' and ''=='').
Compilación terminada del destino "_GenerateCompileInputs" en el proyecto "NetSteps.Cache.Core.csproj".
Se omitió el destino "PrepareForBuild". Compilado previamente de forma correcta.
Se omitió el destino "GetReferenceAssemblyPaths". Compilado previamente de forma correcta.
Destino "_SetTargetFrameworkMonikerAttribute" en el archivo "C:\Program Files (x86)\MSBuild\12.0\bin\Microsoft.CSharp.CurrentVersion.targets" del proyecto "D:\Repositorio4\GIT REPO\app\common\Core\Cache\NetSteps.Cache.Core\NetSteps.Cache.Core.csproj" (el destino "GenerateTargetFrameworkMonikerAttribute" depende de él):
Compilación terminada del destino "_SetTargetFrameworkMonikerAttribute" en el proyecto "NetSteps.Cache.Core.csproj".
Destino "GenerateTargetFrameworkMonikerAttribute" en el archivo "C:\Program Files (x86)\MSBuild\12.0\bin\Microsoft.Common.CurrentVersion.targets" del proyecto "D:\Repositorio4\GIT REPO\app\common\Core\Cache\NetSteps.Cache.Core\NetSteps.Cache.Core.csproj" (el destino "BeforeCompile" depende de él):
Se omitirá el destino "GenerateTargetFrameworkMonikerAttribute" porque todos los archivos de salida están actualizados respecto a los archivos de entrada.
Archivos de entrada: C:\Program Files (x86)\MSBuild\12.0\bin\Microsoft.Common.targets
Archivos de salida: C:\Users\FRANK\AppData\Local\Temp\.NETFramework,Version=v4.0.AssemblyAttributes.cs
Compilación terminada del destino "GenerateTargetFrameworkMonikerAttribute" en el proyecto "NetSteps.Cache.Core.csproj".
Se omitió el destino "GenerateAdditionalSources" debido a una condición falsa (False); ('@(AssemblyAttributes)' != '' and '$(GenerateAdditionalSources)' == 'true') se evaluó como ('' != '' and '' == 'true').
Destino "BeforeCompile" en el archivo "C:\Program Files (x86)\MSBuild\12.0\bin\Microsoft.Common.CurrentVersion.targets" del proyecto "D:\Repositorio4\GIT REPO\app\common\Core\Cache\NetSteps.Cache.Core\NetSteps.Cache.Core.csproj" (el destino "Compile" depende de él):
Compilación terminada del destino "BeforeCompile" en el proyecto "NetSteps.Cache.Core.csproj".
Se omitió el destino "_TimeStampBeforeCompile" debido a una condición falsa (False); ('$(RunPostBuildEvent)'=='OnOutputUpdated' or ('$(RegisterForComInterop)'=='true' and '$(OutputType)'=='library')) se evaluó como (''=='OnOutputUpdated' or (''=='true' and 'Library'=='library')).
Se omitió el destino "_ComputeNonExistentFileProperty" debido a una condición falsa (False); (('$(BuildingInsideVisualStudio)' == 'true') and ('$(BuildingOutOfProcess)' != 'true') and (('$(BuildingProject)' == 'false') or ('$(UseHostCompilerIfAvailable)' == 'true'))) se evaluó como (('' == 'true') and ('' != 'true') and (('true' == 'false') or ('true' == 'true'))).
Destino "PreXsdCodeGen" en el archivo "C:\Windows\Microsoft.NET\Framework\v4.0.30319\Microsoft.ServiceModel.targets" del proyecto "D:\Repositorio4\GIT REPO\app\common\Core\Cache\NetSteps.Cache.Core\NetSteps.Cache.Core.csproj" (el destino "CoreCompile" depende de él):
Usando la tarea "CallTarget" del ensamblado "Microsoft.Build.Tasks.v12.0, Version=12.0.0.0, Culture=neutral, PublicKeyToken=b03f5f7f11d50a3a".
Tarea "CallTarget"
Se omitió el destino "CleanXsdCodeGen". Compilado previamente de forma correcta.
Ejecución de la tarea "CallTarget" terminada.
Compilación terminada del destino "PreXsdCodeGen" en el proyecto "NetSteps.Cache.Core.csproj".
Se omitió el destino "XsdCodeGen" debido a una condición falsa (False); ( '$(XsdCodeGenPreCondition)' == 'True' ) se evaluó como ( 'False' == 'True' ).
Destino "CoreCompile" en el archivo "C:\Program Files (x86)\MSBuild\12.0\bin\Microsoft.CSharp.CurrentVersion.targets" del proyecto "D:\Repositorio4\GIT REPO\app\common\Core\Cache\NetSteps.Cache.Core\NetSteps.Cache.Core.csproj" (el destino "Compile" depende de él):
Compilando completamente el destino "CoreCompile".
El archivo de salida "bin\Release\NetSteps.Core.Cache.xml" no existe.
Usando la tarea "Csc" del ensamblado "Microsoft.Build.Tasks.v12.0, Version=12.0.0.0, Culture=neutral, PublicKeyToken=b03f5f7f11d50a3a".
Tarea "Csc"
  C:\Program Files (x86)\MSBuild\12.0\bin\Csc.exe /noconfig /nowarn:1701,1702 /nostdlib+ /errorreport:prompt /warn:4 /doc:bin\Release\NetSteps.Core.Cache.xml /define:CONTRACTS_FULL;CODE_ANALYSIS;TRACE /highentropyva- /reference:"C:\Program Files (x86)\Reference Assemblies\Microsoft\Framework\.NETFramework\v4.0\Microsoft.CSharp.dll" /reference:"C:\Program Files (x86)\Reference Assemblies\Microsoft\Framework\.NETFramework\v4.0\mscorlib.dll" /reference:"D:\Repositorio4\GIT REPO\app\BelcorpUSA\packages\NetSteps.Encore.Core_r2_3.2.4.143\lib\net40\NetSteps.Encore.Core.dll" /reference:"D:\Repositorio4\GIT REPO\app\BelcorpUSA\packages\Newtonsoft.Json.4.5.11\lib\net40\Newtonsoft.Json.dll" /reference:"D:\Repositorio4\GIT REPO\app\BelcorpUSA\LibrariesEC\ServiceStack\ServiceStack.Common.dll" /reference:"D:\Repositorio4\GIT REPO\app\BelcorpUSA\LibrariesEC\ServiceStack\ServiceStack.Interfaces.dll" /reference:"D:\Repositorio4\GIT REPO\app\BelcorpUSA\LibrariesEC\ServiceStack\ServiceStack.Redis.dll" /reference:"D:\Repositorio4\GIT REPO\app\BelcorpUSA\LibrariesEC\ServiceStack\ServiceStack.Text.dll" /reference:"C:\Program Files (x86)\Reference Assemblies\Microsoft\Framework\.NETFramework\v4.0\System.Configuration.dll" /reference:"C:\Program Files (x86)\Reference Assemblies\Microsoft\Framework\.NETFramework\v4.0\System.Configuration.Install.dll" /reference:"C:\Program Files (x86)\Reference Assemblies\Microsoft\Framework\.NETFramework\v4.0\System.Core.dll" /reference:"C:\Program Files (x86)\Reference Assemblies\Microsoft\Framework\.NETFramework\v4.0\System.Data.DataSetExtensions.dll" /reference:"C:\Program Files (x86)\Reference Assemblies\Microsoft\Framework\.NETFramework\v4.0\System.Data.dll" /reference:"C:\Program Files (x86)\Reference Assemblies\Microsoft\Framework\.NETFramework\v4.0\System.dll" /reference:"C:\Program Files (x86)\Reference Assemblies\Microsoft\Framework\.NETFramework\v4.0\System.Xml.dll" /reference:"C:\Program Files (x86)\Reference Assemblies\Microsoft\Framework\.NETFramework\v4.0\System.Xml.Linq.dll" /debug:pdbonly /filealign:512 /optimize+ /out:obj\Release\NetSteps.Core.Cache.dll /resource:obj\Release\NetSteps.Core.Cache.Properties.Resources.resources /target:library /warnaserror+ /utf8output "..\..\Solution Items\AssemblyInfo.corporate.cs" ActiveCacheStats.cs ActiveMruLocalMemoryCache.cs CacheItemIdentifier.cs CacheItemIdentifier.identifiables.cs CacheItemResolver.cs CacheItemResolver.demultiplexing.cs CacheItemResolver.demultiplexing.delegated.cs CacheManyItemResolver.cs CacheNet\CacheNetEndianness.cs CacheNet\CacheNetMessage.cs CacheNet\CacheNetMessageHeader.cs CacheNet\CacheNetProtocol.cs CacheNet\Enums.cs CacheNet\ExpirationByIdMessage.cs CacheNet\KnownEndpoint.cs CacheStats.cs CacheStatsInstaller.cs CacheStatsInstaller.Designer.cs Config\CacheConfigSection.cs Config\NamedCacheConfigElement.cs Config\NamedCacheConfigElementCollection.cs DelegatedDemuxCacheManyItemResolver.cs DemuxCacheManyItemResolver.cs IActiveCacheStatsCollector.cs ICache.cs ICacheAxis.cs ICachedList.cs ICacheEvictionManager.cs ICacheEvictionMonitor.cs ICacheItemIdentifier.cs ICacheItemResolver.cs ICacheManagement.cs ICacheMany.cs ICacheManyItemResolver.cs ICacheStatsCollector.cs IIdentifiable.cs LocalMemoryCache.cs ActiveLocalMemoryCachedListBase.cs ModuleWireup.cs MruCacheOptions.cs MruLocalMemoryCache.cs Properties\AssemblyInfo.cs Properties\Resources.Designer.cs UtilElastiCache.cs "C:\Users\FRANK\AppData\Local\Temp\.NETFramework,Version=v4.0.AssemblyAttributes.cs"
  Microsoft (R) Visual C# Compiler version 12.0.21005.1
  
  for C# 5
  (C) Microsoft Corporation. Reservados todos los derechos.
  
Ejecución de la tarea "Csc" terminada.
Se omitió la tarea "CallTarget" debido a una condición falsa (False); ('$(TargetsTriggeredByCompilation)' != '') se evaluó como ('' != '').
Compilación terminada del destino "CoreCompile" en el proyecto "NetSteps.Cache.Core.csproj".
Se omitió el destino "_TimeStampAfterCompile" debido a una condición falsa (False); ('$(RunPostBuildEvent)'=='OnOutputUpdated' or ('$(RegisterForComInterop)'=='true' and '$(OutputType)'=='library')) se evaluó como (''=='OnOutputUpdated' or (''=='true' and 'Library'=='library')).
Destino "AfterCompile" en el archivo "C:\Program Files (x86)\MSBuild\12.0\bin\Microsoft.Common.CurrentVersion.targets" del proyecto "D:\Repositorio4\GIT REPO\app\common\Core\Cache\NetSteps.Cache.Core\NetSteps.Cache.Core.csproj" (el destino "Compile" depende de él):
Compilación terminada del destino "AfterCompile" en el proyecto "NetSteps.Cache.Core.csproj".
Se omitió el destino "CreateTfsBuildInfoResource" debido a una condición falsa (False); ( $(AddBuildInfoToAssembly)==true ) se evaluó como ( false==true ).
Se omitió el destino "CreateTfsBuildInfoFile" debido a una condición falsa (False); ( $(GenerateBuildInfoConfigFile)==true AND $(WebProjectOutputDir)!='') se evaluó como ( false==true AND !='').
Destino "SetBuildInfoDefaults" en el archivo "C:\Program Files (x86)\MSBuild\Microsoft\VisualStudio\v12.0\BuildInfo\Microsoft.VisualStudio.ReleaseManagement.BuildInfo.targets" del proyecto "D:\Repositorio4\GIT REPO\app\common\Core\Cache\NetSteps.Cache.Core\NetSteps.Cache.Core.csproj" (el destino "DeleteBuildInfoFile" depende de él):
Compilación terminada del destino "SetBuildInfoDefaults" en el proyecto "NetSteps.Cache.Core.csproj".
Destino "DeleteBuildInfoFile" en el archivo "C:\Program Files (x86)\MSBuild\Microsoft\VisualStudio\v12.0\BuildInfo\Microsoft.VisualStudio.ReleaseManagement.BuildInfo.targets" del proyecto "D:\Repositorio4\GIT REPO\app\common\Core\Cache\NetSteps.Cache.Core\NetSteps.Cache.Core.csproj" (el destino "Compile" depende de él):
Se omitió la tarea "Delete" debido a una condición falsa (False); (EXISTS('$(BuildInfoConfigFileName)')) se evaluó como (EXISTS(' D:\Repositorio4\GIT REPO\app\common\Core\Cache\NetSteps.Cache.Core\bin\Release\NetSteps.Core.Cache.BuildInfo.config')).
Compilación terminada del destino "DeleteBuildInfoFile" en el proyecto "NetSteps.Cache.Core.csproj".
Se omitió el destino "SetBuildInfoDefaults". Compilado previamente de forma correcta.
Destino "DeleteBuildInfoResource" en el archivo "C:\Program Files (x86)\MSBuild\Microsoft\VisualStudio\v12.0\BuildInfo\Microsoft.VisualStudio.ReleaseManagement.BuildInfo.targets" del proyecto "D:\Repositorio4\GIT REPO\app\common\Core\Cache\NetSteps.Cache.Core\NetSteps.Cache.Core.csproj" (el destino "Compile" depende de él):
Se omitió la tarea "Delete" debido a una condición falsa (False); (EXISTS('$(BuildInfoResourceFileName)')) se evaluó como (EXISTS(' obj\Release\NetSteps.Core.Cache.BuildInfo.config')).
Compilación terminada del destino "DeleteBuildInfoResource" en el proyecto "NetSteps.Cache.Core.csproj".
Se omitió el destino "PrepareResourcesForSatelliteAssemblies" debido a una condición falsa (False); ('$(UICulture)' != '') se evaluó como ('' != '').
Se omitió el destino "MergeLocalizationDirectives" debido a una condición falsa (False); ('@(GeneratedLocalizationFiles)' !='') se evaluó como ('' !='').
Destino "AfterCompileWinFX" en el archivo "C:\Windows\Microsoft.NET\Framework\v4.0.30319\Microsoft.WinFx.targets" del proyecto "D:\Repositorio4\GIT REPO\app\common\Core\Cache\NetSteps.Cache.Core\NetSteps.Cache.Core.csproj" (el destino "_AfterCompileWinFXInternal" depende de él):
Compilación terminada del destino "AfterCompileWinFX" en el proyecto "NetSteps.Cache.Core.csproj".
Destino "_AfterCompileWinFXInternal" en el archivo "C:\Windows\Microsoft.NET\Framework\v4.0.30319\Microsoft.WinFx.targets" del proyecto "D:\Repositorio4\GIT REPO\app\common\Core\Cache\NetSteps.Cache.Core\NetSteps.Cache.Core.csproj" (el destino "Compile" depende de él):
Compilación terminada del destino "_AfterCompileWinFXInternal" en el proyecto "NetSteps.Cache.Core.csproj".
Destino "ContractsMakeDeclDir" en el archivo "C:\Program Files (x86)\Microsoft\Contracts\MsBuild\v12.0\Microsoft.CodeContracts.targets" del proyecto "D:\Repositorio4\GIT REPO\app\common\Core\Cache\NetSteps.Cache.Core\NetSteps.Cache.Core.csproj" (el destino "ContractDeclarativeAssembly" depende de él):
Tarea "MakeDir"
  Creando directorio "obj\Release\Decl\".
Ejecución de la tarea "MakeDir" terminada.
Compilación terminada del destino "ContractsMakeDeclDir" en el proyecto "NetSteps.Cache.Core.csproj".
Se omitió el destino "ResolveReferences". Compilado previamente de forma correcta.
Se omitió el destino "ResolveKeySource" debido a una condición falsa (False); ($(SignManifests) == 'true' or $(SignAssembly) == 'true') se evaluó como ( == 'true' or false == 'true').
Destino "ContractDeclarativeAssemblyCS" en el archivo "C:\Program Files (x86)\Microsoft\Contracts\MsBuild\v12.0\Microsoft.CodeContracts.targets" del proyecto "D:\Repositorio4\GIT REPO\app\common\Core\Cache\NetSteps.Cache.Core\NetSteps.Cache.Core.csproj" (el destino "ContractDeclarativeAssembly" depende de él):
Compilando completamente el destino "ContractDeclarativeAssemblyCS".
El archivo de salida "D:\Repositorio4\GIT REPO\app\common\Core\Cache\NetSteps.Cache.Core\obj\Release\Decl\NetSteps.Core.Cache.dll" no existe.
Tarea "Message"
  Build Declarative Contract Assembly for C# D:\Repositorio4\GIT REPO\app\common\Core\Cache\NetSteps.Cache.Core\bin\Release\NetSteps.Core.Cache.dll
Ejecución de la tarea "Message" terminada.
Tarea "Csc"
  C:\Program Files (x86)\MSBuild\12.0\bin\Csc.exe /noconfig /nowarn:1701,1702 /pdb:obj\Release\Decl\NetSteps.Core.Cache.pdb /nostdlib+ /errorreport:prompt /warn:0 /define:CONTRACTS_FULL;CODE_ANALYSIS;TRACE;CONTRACTS_FULL;CODE_ANALYSIS /reference:"C:\Program Files (x86)\Reference Assemblies\Microsoft\Framework\.NETFramework\v4.0\Microsoft.CSharp.dll" /reference:"C:\Program Files (x86)\Reference Assemblies\Microsoft\Framework\.NETFramework\v4.0\mscorlib.dll" /reference:"D:\Repositorio4\GIT REPO\app\BelcorpUSA\packages\NetSteps.Encore.Core_r2_3.2.4.143\lib\net40\NetSteps.Encore.Core.dll" /reference:"D:\Repositorio4\GIT REPO\app\BelcorpUSA\packages\Newtonsoft.Json.4.5.11\lib\net40\Newtonsoft.Json.dll" /reference:"D:\Repositorio4\GIT REPO\app\BelcorpUSA\LibrariesEC\ServiceStack\ServiceStack.Common.dll" /reference:"D:\Repositorio4\GIT REPO\app\BelcorpUSA\LibrariesEC\ServiceStack\ServiceStack.Interfaces.dll" /reference:"D:\Repositorio4\GIT REPO\app\BelcorpUSA\LibrariesEC\ServiceStack\ServiceStack.Redis.dll" /reference:"D:\Repositorio4\GIT REPO\app\BelcorpUSA\LibrariesEC\ServiceStack\ServiceStack.Text.dll" /reference:"C:\Program Files (x86)\Reference Assemblies\Microsoft\Framework\.NETFramework\v4.0\System.Configuration.dll" /reference:"C:\Program Files (x86)\Reference Assemblies\Microsoft\Framework\.NETFramework\v4.0\System.Configuration.Install.dll" /reference:"C:\Program Files (x86)\Reference Assemblies\Microsoft\Framework\.NETFramework\v4.0\System.Core.dll" /reference:"C:\Program Files (x86)\Reference Assemblies\Microsoft\Framework\.NETFramework\v4.0\System.Data.DataSetExtensions.dll" /reference:"C:\Program Files (x86)\Reference Assemblies\Microsoft\Framework\.NETFramework\v4.0\System.Data.dll" /reference:"C:\Program Files (x86)\Reference Assemblies\Microsoft\Framework\.NETFramework\v4.0\System.dll" /reference:"C:\Program Files (x86)\Reference Assemblies\Microsoft\Framework\.NETFramework\v4.0\System.Xml.dll" /reference:"C:\Program Files (x86)\Reference Assemblies\Microsoft\Framework\.NETFramework\v4.0\System.Xml.Linq.dll" /debug+ /debug:full /filealign:512 /optimize+ /out:obj\Release\Decl\NetSteps.Core.Cache.dll /target:library /warnaserror- /utf8output "..\..\Solution Items\AssemblyInfo.corporate.cs" ActiveCacheStats.cs ActiveMruLocalMemoryCache.cs CacheItemIdentifier.cs CacheItemIdentifier.identifiables.cs CacheItemResolver.cs CacheItemResolver.demultiplexing.cs CacheItemResolver.demultiplexing.delegated.cs CacheManyItemResolver.cs CacheNet\CacheNetEndianness.cs CacheNet\CacheNetMessage.cs CacheNet\CacheNetMessageHeader.cs CacheNet\CacheNetProtocol.cs CacheNet\Enums.cs CacheNet\ExpirationByIdMessage.cs CacheNet\KnownEndpoint.cs CacheStats.cs CacheStatsInstaller.cs CacheStatsInstaller.Designer.cs Config\CacheConfigSection.cs Config\NamedCacheConfigElement.cs Config\NamedCacheConfigElementCollection.cs DelegatedDemuxCacheManyItemResolver.cs DemuxCacheManyItemResolver.cs IActiveCacheStatsCollector.cs ICache.cs ICacheAxis.cs ICachedList.cs ICacheEvictionManager.cs ICacheEvictionMonitor.cs ICacheItemIdentifier.cs ICacheItemResolver.cs ICacheManagement.cs ICacheMany.cs ICacheManyItemResolver.cs ICacheStatsCollector.cs IIdentifiable.cs LocalMemoryCache.cs ActiveLocalMemoryCachedListBase.cs ModuleWireup.cs MruCacheOptions.cs MruLocalMemoryCache.cs Properties\AssemblyInfo.cs Properties\Resources.Designer.cs UtilElastiCache.cs "C:\Users\FRANK\AppData\Local\Temp\.NETFramework,Version=v4.0.AssemblyAttributes.cs" "C:\Program Files (x86)\Microsoft\Contracts\Languages\CSharp\ContractDeclarativeAssemblyAttribute.cs"
