Microsoft (R) Build Engine version 4.0.30319.17929
[Microsoft .NET Framework, version 4.0.30319.18051]
Copyright (C) Microsoft Corporation. All rights reserved.

Build started 9/2/2013 3:02:05 PM.
     1>Project "C:\Project\Components\Utils\trunk\Utils.MSOffice\NetSteps.Utils.MSOffice.sln" on node 1 (default targets).
     1>Building with tools version "2.0".
     1>Target "ValidateSolutionConfiguration" in file "C:\Project\Components\Utils\trunk\Utils.MSOffice\NetSteps.Utils.MSOffice.sln.metaproj" from project "C:\Project\Components\Utils\trunk\Utils.MSOffice\NetSteps.Utils.MSOffice.sln" (entry point):
       Task "Error" skipped, due to false condition; (('$(CurrentSolutionConfigurationContents)' == '') and ('$(SkipInvalidConfigurations)' != 'true')) was evaluated as (('<SolutionConfiguration>
         <ProjectConfiguration Project="{2026F227-DB43-4FEC-8C27-7104477C97D7}" AbsolutePath="C:\Project\Components\Utils\trunk\Utils.MSOffice\Source\NetSteps.Utils.MSOffice.csproj" BuildProjectInSolution="True">Debug|AnyCPU</ProjectConfiguration>
       </SolutionConfiguration>' == '') and ('' != 'true')).
       Task "Warning" skipped, due to false condition; (('$(CurrentSolutionConfigurationContents)' == '') and ('$(SkipInvalidConfigurations)' == 'true')) was evaluated as (('<SolutionConfiguration>
         <ProjectConfiguration Project="{2026F227-DB43-4FEC-8C27-7104477C97D7}" AbsolutePath="C:\Project\Components\Utils\trunk\Utils.MSOffice\Source\NetSteps.Utils.MSOffice.csproj" BuildProjectInSolution="True">Debug|AnyCPU</ProjectConfiguration>
       </SolutionConfiguration>' == '') and ('' == 'true')).
       Using "Message" task from assembly "Microsoft.Build.Tasks.v4.0, Version=4.0.0.0, Culture=neutral, PublicKeyToken=b03f5f7f11d50a3a".
       Task "Message"
         Building solution configuration "Debug|Any CPU".
       Done executing task "Message".
     1>Done building target "ValidateSolutionConfiguration" in project "NetSteps.Utils.MSOffice.sln".
     1>Target "ValidateToolsVersions" in file "C:\Project\Components\Utils\trunk\Utils.MSOffice\NetSteps.Utils.MSOffice.sln.metaproj" from project "C:\Project\Components\Utils\trunk\Utils.MSOffice\NetSteps.Utils.MSOffice.sln" (entry point):
       Task "Error" skipped, due to false condition; ('$(MSBuildToolsVersion)' == '2.0' and ('$(ProjectToolsVersion)' != '2.0' and '$(ProjectToolsVersion)' != '')) was evaluated as ('4.0' == '2.0' and ('' != '2.0' and '' != '')).
     1>Done building target "ValidateToolsVersions" in project "NetSteps.Utils.MSOffice.sln".
     1>Target "ValidateProjects" in file "C:\Project\Components\Utils\trunk\Utils.MSOffice\NetSteps.Utils.MSOffice.sln.metaproj" from project "C:\Project\Components\Utils\trunk\Utils.MSOffice\NetSteps.Utils.MSOffice.sln" (entry point):
     1>Done building target "ValidateProjects" in project "NetSteps.Utils.MSOffice.sln".
     1>Target "Build" in file "C:\Project\Components\Utils\trunk\Utils.MSOffice\NetSteps.Utils.MSOffice.sln.metaproj" from project "C:\Project\Components\Utils\trunk\Utils.MSOffice\NetSteps.Utils.MSOffice.sln" (entry point):
       Using "MSBuild" task from assembly "Microsoft.Build.Tasks.v4.0, Version=4.0.0.0, Culture=neutral, PublicKeyToken=b03f5f7f11d50a3a".
       Task "MSBuild"
         Global Properties:
           BuildingSolutionFile=true
           CurrentSolutionConfigurationContents=<SolutionConfiguration>
           <ProjectConfiguration Project="{2026F227-DB43-4FEC-8C27-7104477C97D7}" AbsolutePath="C:\Project\Components\Utils\trunk\Utils.MSOffice\Source\NetSteps.Utils.MSOffice.csproj" BuildProjectInSolution="True">Debug|AnyCPU</ProjectConfiguration>
         </SolutionConfiguration>
           SolutionDir=C:\Project\Components\Utils\trunk\Utils.MSOffice\
           SolutionExt=.sln
           SolutionFileName=NetSteps.Utils.MSOffice.sln
           SolutionName=NetSteps.Utils.MSOffice
           SolutionPath=C:\Project\Components\Utils\trunk\Utils.MSOffice\NetSteps.Utils.MSOffice.sln
         Additional Properties for project "C:\Project\Components\Utils\trunk\Utils.MSOffice\Source\NetSteps.Utils.MSOffice.csproj":
           Configuration=Debug
           Platform=AnyCPU
           VisualStudioVersion=10.0
     0>Overriding target "GetFrameworkPaths" in project "C:\Windows\Microsoft.NET\Framework\v4.0.30319\Microsoft.Common.targets" with target "GetFrameworkPaths" from project "C:\Windows\Microsoft.NET\Framework\v4.0.30319\Microsoft.NETFramework.targets".
       Overriding target "SatelliteDllsProjectOutputGroup" in project "C:\Windows\Microsoft.NET\Framework\v4.0.30319\Microsoft.Common.targets" with target "SatelliteDllsProjectOutputGroup" from project "C:\Windows\Microsoft.NET\Framework\v4.0.30319\Microsoft.WinFX.targets".
     1>Project "C:\Project\Components\Utils\trunk\Utils.MSOffice\NetSteps.Utils.MSOffice.sln" (1) is building "C:\Project\Components\Utils\trunk\Utils.MSOffice\Source\NetSteps.Utils.MSOffice.csproj" (2) on node 1 (default targets).
     2>Building with tools version "4.0".
     2>Target "_CheckForInvalidConfigurationAndPlatform" in file "C:\Windows\Microsoft.NET\Framework\v4.0.30319\Microsoft.Common.targets" from project "C:\Project\Components\Utils\trunk\Utils.MSOffice\Source\NetSteps.Utils.MSOffice.csproj" (entry point):
       Task "Error" skipped, due to false condition; ( '$(_InvalidConfigurationError)' == 'true' ) was evaluated as ( '' == 'true' ).
       Task "Warning" skipped, due to false condition; ( '$(_InvalidConfigurationWarning)' == 'true' ) was evaluated as ( '' == 'true' ).
       Using "Message" task from assembly "Microsoft.Build.Tasks.v4.0, Version=4.0.0.0, Culture=neutral, PublicKeyToken=b03f5f7f11d50a3a".
       Task "Message"
         Configuration=Debug
       Done executing task "Message".
       Task "Message"
         Platform=AnyCPU
       Done executing task "Message".
       Task "Error" skipped, due to false condition; ('$(OutDir)' != '' and !HasTrailingSlash('$(OutDir)')) was evaluated as ('bin\Debug\' != '' and !HasTrailingSlash('bin\Debug\')).
       Task "Error" skipped, due to false condition; ('$(BaseIntermediateOutputPath)' != '' and !HasTrailingSlash('$(BaseIntermediateOutputPath)')) was evaluated as ('obj\' != '' and !HasTrailingSlash('obj\')).
       Task "Error" skipped, due to false condition; ('$(IntermediateOutputPath)' != '' and !HasTrailingSlash('$(IntermediateOutputPath)')) was evaluated as ('obj\Debug\' != '' and !HasTrailingSlash('obj\Debug\')).
     2>Done building target "_CheckForInvalidConfigurationAndPlatform" in project "NetSteps.Utils.MSOffice.csproj".
     2>Target "CheckPrerequisites" in file "C:\Project\Components\Utils\trunk\Utils.MSOffice\.build\3rdParty\NuGet\NuGet.targets" from project "C:\Project\Components\Utils\trunk\Utils.MSOffice\Source\NetSteps.Utils.MSOffice.csproj" (target "RestorePackages" depends on it):
       Task "Error" skipped, due to false condition; ('$(DownloadNuGetExe)' != 'true' AND !Exists('$(NuGetExePath)')) was evaluated as ('false' != 'true' AND !Exists('C:\Project\Components\Utils\trunk\Utils.MSOffice\.build\3rdParty\NuGet\\nuget.exe')).
       Initializing task factory "CodeTaskFactory" from assembly "C:\Windows\Microsoft.NET\Framework\v4.0.30319\Microsoft.Build.Tasks.v4.0.dll".
       Using "SetEnvironmentVariable" task from the task factory "Code Task Factory".
       Task "SetEnvironmentVariable"
       Done executing task "SetEnvironmentVariable".
       Task "DownloadNuGet" skipped, due to false condition; ( '$(DownloadNuGetExe)' == 'true' AND !Exists('$(NuGetExePath)')) was evaluated as ( 'false' == 'true' AND !Exists('C:\Project\Components\Utils\trunk\Utils.MSOffice\.build\3rdParty\NuGet\\nuget.exe')).
     2>Done building target "CheckPrerequisites" in project "NetSteps.Utils.MSOffice.csproj".
     2>Target "RestorePackages" in file "C:\Project\Components\Utils\trunk\Utils.MSOffice\.build\3rdParty\NuGet\NuGet.targets" from project "C:\Project\Components\Utils\trunk\Utils.MSOffice\Source\NetSteps.Utils.MSOffice.csproj" (target "Build" depends on it):
       Task "Exec" skipped, due to false condition; ('$(OS)' != 'Windows_NT' And Exists('$(PackagesConfig)')) was evaluated as ('Windows_NT' != 'Windows_NT' And Exists('C:\Project\Components\Utils\trunk\Utils.MSOffice\Source\packages.config')).
       Using "Exec" task from assembly "Microsoft.Build.Tasks.v4.0, Version=4.0.0.0, Culture=neutral, PublicKeyToken=b03f5f7f11d50a3a".
       Task "Exec"
         "C:\Project\Components\Utils\trunk\Utils.MSOffice\.build\3rdParty\NuGet\\nuget.exe" install "C:\Project\Components\Utils\trunk\Utils.MSOffice\Source\packages.config" -source "" -o "C:\Project\Components\Utils\trunk\Utils.MSOffice\packages"
         Restoring NuGet packages...
         To prevent NuGet from downloading packages during build, open the Visual Studio Options dialog, click on the Package Manager node and uncheck 'Allow NuGet to download missing packages'.
         Installing 'fasterflect 2.1.0'.
         Installing 'DocumentFormat.OpenXml 1.0'.
         Successfully installed 'fasterflect 2.1.0'.
         Successfully installed 'DocumentFormat.OpenXml 1.0'.
       Done executing task "Exec".
     2>Done building target "RestorePackages" in project "NetSteps.Utils.MSOffice.csproj".
       Target "EntityDeploy" skipped, due to false condition; ('@(EntityDeploy)' != '') was evaluated as ('' != '').
     2>Target "SvnVersioningPrerequisites" in file "C:\Project\Components\Utils\trunk\Utils.MSOffice\VersionRoot.targets" from project "C:\Project\Components\Utils\trunk\Utils.MSOffice\Source\NetSteps.Utils.MSOffice.csproj" (target "SvnVersioning" depends on it):
       Using "SvnInfo" task from assembly "C:\Program Files (x86)\MSBuild\MSBuildCommunityTasks\MSBuild.Community.Tasks.dll".
       Task "SvnInfo"
         C:\Program Files (x86)\VisualSVN\bin\svn.exe info --xml --non-interactive --no-auth-cache 
         The "SvnInfo" task is using "svn.exe" from "C:\Program Files (x86)\VisualSVN\bin\svn.exe".
       Done executing task "SvnInfo".
       Using "WriteLinesToFile" task from assembly "Microsoft.Build.Tasks.v4.0, Version=4.0.0.0, Culture=neutral, PublicKeyToken=b03f5f7f11d50a3a".
       Task "WriteLinesToFile"
       Done executing task "WriteLinesToFile".
     2>Done building target "SvnVersioningPrerequisites" in project "NetSteps.Utils.MSOffice.csproj".
     2>Target "SvnVersioning" in file "C:\Project\Components\Utils\trunk\Utils.MSOffice\VersionRoot.targets" from project "C:\Project\Components\Utils\trunk\Utils.MSOffice\Source\NetSteps.Utils.MSOffice.csproj" (target "BeforeBuild" depends on it):
       Using "CreateItem" task from assembly "Microsoft.Build.Tasks.v4.0, Version=4.0.0.0, Culture=neutral, PublicKeyToken=b03f5f7f11d50a3a".
       Task "CreateItem"
       Done executing task "CreateItem".
       Using "CallTarget" task from assembly "Microsoft.Build.Tasks.v4.0, Version=4.0.0.0, Culture=neutral, PublicKeyToken=b03f5f7f11d50a3a".
       Task "CallTarget"
     2>Target "WriteAssemblyInfoVersionFile" in file "C:\Project\Components\Utils\trunk\Utils.MSOffice\VersionRoot.targets" from project "C:\Project\Components\Utils\trunk\Utils.MSOffice\Source\NetSteps.Utils.MSOffice.csproj" (target "SvnVersioning" depends on it):
       Using "MSBuild.ExtensionPack.FileSystem.File" task from assembly "C:\Program Files (x86)\MSBuild\ExtensionPack\4.0\MSBuild.ExtensionPack.dll".
       Task "MSBuild.ExtensionPack.FileSystem.File"
         Removing Lines from File: Properties\AssemblyInfo.cs
       Done executing task "MSBuild.ExtensionPack.FileSystem.File".
       Task "MSBuild.ExtensionPack.FileSystem.File"
         Removing Lines from File: Properties\AssemblyInfo.cs
       Done executing task "MSBuild.ExtensionPack.FileSystem.File".
       Task "MSBuild.ExtensionPack.FileSystem.File"
         Removing Lines from File: Properties\AssemblyInfo.cs
       Done executing task "MSBuild.ExtensionPack.FileSystem.File".
       Task "MSBuild.ExtensionPack.FileSystem.File"
         Removing Lines from File: Properties\AssemblyInfo.Debug.r13.version.cs
         Removing line AssemblyFileVersion
       Done executing task "MSBuild.ExtensionPack.FileSystem.File".
       Task "MSBuild.ExtensionPack.FileSystem.File"
         Removing Lines from File: Properties\AssemblyInfo.Debug.r13.version.cs
         Removing line AssemblyVersion
       Done executing task "MSBuild.ExtensionPack.FileSystem.File".
       Task "MSBuild.ExtensionPack.FileSystem.File"
         Removing Lines from File: Properties\AssemblyInfo.Debug.r13.version.cs
       Done executing task "MSBuild.ExtensionPack.FileSystem.File".
       Task "MSBuild.ExtensionPack.FileSystem.File"
         Writing Lines to File: Properties\AssemblyInfo.Debug.r13.version.cs
         Writing line [assembly: AssemblyFileVersion("1.0.13.1")]
       Done executing task "MSBuild.ExtensionPack.FileSystem.File".
       Task "MSBuild.ExtensionPack.FileSystem.File"
         Writing Lines to File: Properties\AssemblyInfo.Debug.r13.version.cs
         Writing line [assembly: AssemblyVersion("1.0.13.1")]
       Done executing task "MSBuild.ExtensionPack.FileSystem.File".
       Task "MSBuild.ExtensionPack.FileSystem.File"
         Writing Lines to File: Properties\AssemblyInfo.Debug.r13.version.cs
         Writing line [assembly: AssemblyInformationalVersion("1.0.13-tbennion")]
       Done executing task "MSBuild.ExtensionPack.FileSystem.File".
     2>Done building target "WriteAssemblyInfoVersionFile" in project "NetSteps.Utils.MSOffice.csproj".
       Done executing task "CallTarget".
     2>Done building target "SvnVersioning" in project "NetSteps.Utils.MSOffice.csproj".
     2>Target "BeforeBuild" in file "C:\Windows\Microsoft.NET\Framework\v4.0.30319\Microsoft.Common.targets" from project "C:\Project\Components\Utils\trunk\Utils.MSOffice\Source\NetSteps.Utils.MSOffice.csproj" (target "Build" depends on it):
     2>Done building target "BeforeBuild" in project "NetSteps.Utils.MSOffice.csproj".
     2>Target "BuildOnlySettings" in file "C:\Windows\Microsoft.NET\Framework\v4.0.30319\Microsoft.Common.targets" from project "C:\Project\Components\Utils\trunk\Utils.MSOffice\Source\NetSteps.Utils.MSOffice.csproj" (target "CoreBuild" depends on it):
     2>Done building target "BuildOnlySettings" in project "NetSteps.Utils.MSOffice.csproj".
     2>Target "GetFrameworkPaths" in file "C:\Windows\Microsoft.NET\Framework\v4.0.30319\Microsoft.NETFramework.targets" from project "C:\Project\Components\Utils\trunk\Utils.MSOffice\Source\NetSteps.Utils.MSOffice.csproj" (target "PrepareForBuild" depends on it):
     2>Done building target "GetFrameworkPaths" in project "NetSteps.Utils.MSOffice.csproj".
       Target "GetWinFXPath" skipped, due to false condition; (('@(Page)' != '' or '@(ApplicationDefinition)' != '' or '@(Resource)' != '') and ('$(GetWinFXNativePath)' != '' or '$(GetWinFXWoWPath)' != '' )) was evaluated as (('' != '' or '' != '' or '' != '') and ('' != '' or '' != '' )).
     2>Target "GetReferenceAssemblyPaths" in file "C:\Windows\Microsoft.NET\Framework\v4.0.30319\Microsoft.Common.targets" from project "C:\Project\Components\Utils\trunk\Utils.MSOffice\Source\NetSteps.Utils.MSOffice.csproj" (target "PrepareForBuild" depends on it):
       Task "GetReferenceAssemblyPaths" skipped, due to false condition; ('$(TargetFrameworkMoniker)' != '' and ('$(_TargetFrameworkDirectories)' == '' or '$(_FullFrameworkReferenceAssemblyPaths)' == '')) was evaluated as ('.NETFramework,Version=v4.0' != '' and ('C:\Program Files (x86)\Reference Assemblies\Microsoft\Framework\.NETFramework\v4.0' == '' or 'C:\Program Files (x86)\Reference Assemblies\Microsoft\Framework\.NETFramework\v4.0' == '')).
     2>Done building target "GetReferenceAssemblyPaths" in project "NetSteps.Utils.MSOffice.csproj".
     2>Target "PrepareForBuild" in file "C:\Windows\Microsoft.NET\Framework\v4.0.30319\Microsoft.Common.targets" from project "C:\Project\Components\Utils\trunk\Utils.MSOffice\Source\NetSteps.Utils.MSOffice.csproj" (target "CoreBuild" depends on it):
       Using "FindAppConfigFile" task from assembly "Microsoft.Build.Tasks.v4.0, Version=4.0.0.0, Culture=neutral, PublicKeyToken=b03f5f7f11d50a3a".
       Task "FindAppConfigFile"
       Done executing task "FindAppConfigFile".
       Using "MakeDir" task from assembly "Microsoft.Build.Tasks.v4.0, Version=4.0.0.0, Culture=neutral, PublicKeyToken=b03f5f7f11d50a3a".
       Task "MakeDir"
         Creating directory "bin\Debug\".
         Creating directory "obj\Debug\".
       Done executing task "MakeDir".
     2>Done building target "PrepareForBuild" in project "NetSteps.Utils.MSOffice.csproj".
       Target "PreBuildEvent" skipped, due to false condition; ('$(PreBuildEvent)'!='') was evaluated as (''!='').
     2>Target "BeforeResolveReferences" in file "C:\Windows\Microsoft.NET\Framework\v4.0.30319\Microsoft.Common.targets" from project "C:\Project\Components\Utils\trunk\Utils.MSOffice\Source\NetSteps.Utils.MSOffice.csproj" (target "ResolveReferences" depends on it):
     2>Done building target "BeforeResolveReferences" in project "NetSteps.Utils.MSOffice.csproj".
     2>Target "AssignProjectConfiguration" in file "C:\Windows\Microsoft.NET\Framework\v4.0.30319\Microsoft.Common.targets" from project "C:\Project\Components\Utils\trunk\Utils.MSOffice\Source\NetSteps.Utils.MSOffice.csproj" (target "ResolveReferences" depends on it):
       Using "AssignProjectConfiguration" task from assembly "Microsoft.Build.Tasks.v4.0, Version=4.0.0.0, Culture=neutral, PublicKeyToken=b03f5f7f11d50a3a".
       Task "AssignProjectConfiguration"
       Done executing task "AssignProjectConfiguration".
     2>Done building target "AssignProjectConfiguration" in project "NetSteps.Utils.MSOffice.csproj".
       Target "AssignProjectConfiguration" skipped. Previously built successfully.
     2>Target "_SplitProjectReferencesByFileExistence" in file "C:\Windows\Microsoft.NET\Framework\v4.0.30319\Microsoft.Common.targets" from project "C:\Project\Components\Utils\trunk\Utils.MSOffice\Source\NetSteps.Utils.MSOffice.csproj" (target "ResolveProjectReferences" depends on it):
       Task "ResolveNonMSBuildProjectOutput" skipped, due to false condition; ('$(BuildingInsideVisualStudio)'=='true' and '@(ProjectReferenceWithConfiguration)'!='') was evaluated as (''=='true' and ''!='').
     2>Done building target "_SplitProjectReferencesByFileExistence" in project "NetSteps.Utils.MSOffice.csproj".
     2>Target "ResolveProjectReferences" in file "C:\Windows\Microsoft.NET\Framework\v4.0.30319\Microsoft.Common.targets" from project "C:\Project\Components\Utils\trunk\Utils.MSOffice\Source\NetSteps.Utils.MSOffice.csproj" (target "ResolveReferences" depends on it):
       Task "MSBuild" skipped, due to false condition; ('%(_MSBuildProjectReferenceExistent.BuildReference)' == 'true' and '@(ProjectReferenceWithConfiguration)' != '' and ('$(BuildingInsideVisualStudio)' == 'true' or '$(BuildProjectReferences)' != 'true') and '$(VisualStudioVersion)' != '10.0' and '@(_MSBuildProjectReferenceExistent)' != '') was evaluated as ('' == 'true' and '' != '' and ('' == 'true' or 'true' != 'true') and '10.0' != '10.0' and '' != '').
       Task "MSBuild" skipped, due to false condition; ('%(_MSBuildProjectReferenceExistent.BuildReference)' == 'true' and '@(ProjectReferenceWithConfiguration)' != '' and ('$(BuildingInsideVisualStudio)' == 'true' or '$(BuildProjectReferences)' != 'true') and '$(VisualStudioVersion)' == '10.0' and '@(_MSBuildProjectReferenceExistent)' != '') was evaluated as ('' == 'true' and '' != '' and ('' == 'true' or 'true' != 'true') and '10.0' == '10.0' and '' != '').
       Task "MSBuild" skipped, due to false condition; ('%(_MSBuildProjectReferenceExistent.BuildReference)' == 'true' and '@(ProjectReferenceWithConfiguration)' != '' and '$(BuildingInsideVisualStudio)' != 'true' and '$(BuildProjectReferences)' == 'true' and '@(_MSBuildProjectReferenceExistent)' != '') was evaluated as ('' == 'true' and '' != '' and '' != 'true' and 'true' == 'true' and '' != '').
       Task "MSBuild" skipped, due to false condition; ('%(_MSBuildProjectReferenceExistent.BuildReference)' == 'true' and '@(ProjectReferenceWithConfiguration)' != '' and '$(BuildingProject)' == 'true' and '@(_MSBuildProjectReferenceExistent)' != '') was evaluated as ('' == 'true' and '' != '' and 'true' == 'true' and '' != '').
       Task "Warning" skipped, due to false condition; ('@(ProjectReferenceWithConfiguration)' != '' and '@(_MSBuildProjectReferenceNonexistent)' != '') was evaluated as ('' != '' and '' != '').
     2>Done building target "ResolveProjectReferences" in project "NetSteps.Utils.MSOffice.csproj".
       Target "ResolveNativeReferences" skipped, due to false condition; ('@(NativeReference)'!='') was evaluated as (''!='').
       Target "GetFrameworkPaths" skipped. Previously built successfully.
       Target "GetReferenceAssemblyPaths" skipped. Previously built successfully.
       Target "PrepareForBuild" skipped. Previously built successfully.
     2>Target "GetInstalledSDKLocations" in file "C:\Windows\Microsoft.NET\Framework\v4.0.30319\Microsoft.Common.targets" from project "C:\Project\Components\Utils\trunk\Utils.MSOffice\Source\NetSteps.Utils.MSOffice.csproj" (target "ResolveSDKReferences" depends on it):
       Task "GetInstalledSDKLocations" skipped, due to false condition; ('@(SDKReference)' != '') was evaluated as ('' != '').
     2>Done building target "GetInstalledSDKLocations" in project "NetSteps.Utils.MSOffice.csproj".
     2>Target "ResolveSDKReferences" in file "C:\Windows\Microsoft.NET\Framework\v4.0.30319\Microsoft.Common.targets" from project "C:\Project\Components\Utils\trunk\Utils.MSOffice\Source\NetSteps.Utils.MSOffice.csproj" (target "ResolveAssemblyReferences" depends on it):
       Task "ResolveSDKReference" skipped, due to false condition; ('@(SDKReference)'!='') was evaluated as (''!='').
     2>Done building target "ResolveSDKReferences" in project "NetSteps.Utils.MSOffice.csproj".
       Target "ResolveSDKReferences" skipped. Previously built successfully.
     2>Target "ExpandSDKReferences" in file "C:\Windows\Microsoft.NET\Framework\v4.0.30319\Microsoft.Common.targets" from project "C:\Project\Components\Utils\trunk\Utils.MSOffice\Source\NetSteps.Utils.MSOffice.csproj" (target "ResolveAssemblyReferences" depends on it):
       Task "GetSDKReferenceFiles" skipped, due to false condition; ('@(ResolvedSDKReference)'!='') was evaluated as (''!='').
     2>Done building target "ExpandSDKReferences" in project "NetSteps.Utils.MSOffice.csproj".
     2>Target "ResolveAssemblyReferences" in file "C:\Windows\Microsoft.NET\Framework\v4.0.30319\Microsoft.Common.targets" from project "C:\Project\Components\Utils\trunk\Utils.MSOffice\Source\NetSteps.Utils.MSOffice.csproj" (target "ResolveReferences" depends on it):
       Using "ResolveAssemblyReference" task from assembly "Microsoft.Build.Tasks.v4.0, Version=4.0.0.0, Culture=neutral, PublicKeyToken=b03f5f7f11d50a3a".
       Task "ResolveAssemblyReference"
         TargetFrameworkMoniker:
             .NETFramework,Version=v4.0
         TargetFrameworkMonikerDisplayName:
             .NET Framework 4
         TargetedRuntimeVersion:
             v4.0.30319
         Assemblies:
             DocumentFormat.OpenXml
                 HintPath = '..\packages\DocumentFormat.OpenXml.1.0\lib\DocumentFormat.OpenXml.dll'
             DocumentFormat.OpenXml.Extensions
                 HintPath = '..\Assemblies\DocumentFormat.OpenXml.Extensions.dll'
             Fasterflect
                 HintPath = '..\packages\fasterflect.2.1.0\lib\net40\Fasterflect.dll'
             System
             System.Drawing
             System.Xml.Linq
             System.Data.DataSetExtensions
             Microsoft.CSharp
             System.Data
             System.Xml
             WindowsBase
             System.Core
         AssemblyFiles:
             C:\Program Files (x86)\Reference Assemblies\Microsoft\Framework\.NETFramework\v4.0\mscorlib.dll
         CandidateAssemblyFiles:
         TargetFrameworkDirectories:
             C:\Program Files (x86)\Reference Assemblies\Microsoft\Framework\.NETFramework\v4.0
         InstalledAssemblyTables:
         IgnoreInstalledAssemblyTable:
             False
         SearchPaths:
             {CandidateAssemblyFiles}
             {HintPathFromItem}
             {TargetFrameworkDirectory}
             {Registry:Software\Microsoft\.NETFramework,v4.0,AssemblyFoldersEx}
             {AssemblyFolders}
             {GAC}
             {RawFileName}
             bin\Debug\
         AllowedAssemblyExtensions:
             .winmd
             .dll
             .exe
         AllowedRelatedFileExtensions:
             .pdb
             .xml
             .pri
         AppConfigFile:
             
         AutoUnify:
             True
         CopyLocalDependenciesWhenParentReferenceInGac:
             True
         FindDependencies:
             True
         TargetProcessorArchitecture:
             msil
         StateFile:
             obj\Debug\NetSteps.Utils.MSOffice.csprojResolveAssemblyReference.cache
         InstalledAssemblySubsetTables:
         IgnoreInstalledAssemblySubsetTable:
             False
         TargetFrameworkSubsets:
         FullTargetFrameworkSubsetNames:
             Full
         ProfileName:
             
         FullFrameworkFolders:
             C:\Program Files (x86)\Reference Assemblies\Microsoft\Framework\.NETFramework\v4.0
         LatestTargetFrameworkDirectories:
         ProfileTablesLocation:
         Unified primary reference "mscorlib, Version=4.0.0.0, Culture=neutral, PublicKeyToken=b77a5c561934e089".
             Using this version instead of original version "2.0.0.0" in "C:\Project\Components\Utils\trunk\Utils.MSOffice\packages\DocumentFormat.OpenXml.1.0\lib\DocumentFormat.OpenXml.dll" because there is a more recent version of this framework file.
             Using this version instead of original version "2.0.0.0" in "C:\Project\Components\Utils\trunk\Utils.MSOffice\Assemblies\DocumentFormat.OpenXml.Extensions.dll" because there is a more recent version of this framework file.
             Resolved file path is "C:\Program Files (x86)\Reference Assemblies\Microsoft\Framework\.NETFramework\v4.0\mscorlib.dll".
             Reference found at search path location "C:\Program Files (x86)\Reference Assemblies\Microsoft\Framework\.NETFramework\v4.0\mscorlib.dll".
             This reference is not "CopyLocal" because it's a prerequisite file.
             The ImageRuntimeVersion for this reference is "v4.0.30319".
         Primary reference "DocumentFormat.OpenXml, Version=2.0.5022.0, Culture=neutral, PublicKeyToken=31bf3856ad364e35".
             Resolved file path is "C:\Project\Components\Utils\trunk\Utils.MSOffice\packages\DocumentFormat.OpenXml.1.0\lib\DocumentFormat.OpenXml.dll".
             Reference found at search path location "{HintPathFromItem}".
             The ImageRuntimeVersion for this reference is "v2.0.50727".
         Primary reference "DocumentFormat.OpenXml.Extensions, Version=2.1.3842.36318, Culture=neutral, PublicKeyToken=bebd372c505097f2".
             Resolved file path is "C:\Project\Components\Utils\trunk\Utils.MSOffice\Assemblies\DocumentFormat.OpenXml.Extensions.dll".
             Reference found at search path location "{HintPathFromItem}".
             The ImageRuntimeVersion for this reference is "v2.0.50727".
         Primary reference "Fasterflect, Version=2.1.0.8328, Culture=neutral, PublicKeyToken=38d18473284c1ca7".
             Resolved file path is "C:\Project\Components\Utils\trunk\Utils.MSOffice\packages\fasterflect.2.1.0\lib\net40\Fasterflect.dll".
             Reference found at search path location "{HintPathFromItem}".
             Found related file "C:\Project\Components\Utils\trunk\Utils.MSOffice\packages\fasterflect.2.1.0\lib\net40\Fasterflect.xml".
             The ImageRuntimeVersion for this reference is "v4.0.30319".
         Unified primary reference "System, Version=4.0.0.0, Culture=neutral, PublicKeyToken=b77a5c561934e089".
             Using this version instead of original version "2.0.0.0" in "C:\Project\Components\Utils\trunk\Utils.MSOffice\packages\DocumentFormat.OpenXml.1.0\lib\DocumentFormat.OpenXml.dll" because there is a more recent version of this framework file.
             Using this version instead of original version "2.0.0.0" in "C:\Project\Components\Utils\trunk\Utils.MSOffice\Assemblies\DocumentFormat.OpenXml.Extensions.dll" because there is a more recent version of this framework file.
             Resolved file path is "C:\Program Files (x86)\Reference Assemblies\Microsoft\Framework\.NETFramework\v4.0\System.dll".
             Reference found at search path location "{TargetFrameworkDirectory}".
                 For SearchPath "{TargetFrameworkDirectory}".
                 Considered "C:\Program Files (x86)\Reference Assemblies\Microsoft\Framework\.NETFramework\v4.0\System.winmd", but it didn't exist.
             This reference is not "CopyLocal" because it's a prerequisite file.
             The ImageRuntimeVersion for this reference is "v4.0.30319".
         Primary reference "System.Drawing, Version=4.0.0.0, Culture=neutral, PublicKeyToken=b03f5f7f11d50a3a".
             Resolved file path is "C:\Program Files (x86)\Reference Assemblies\Microsoft\Framework\.NETFramework\v4.0\System.Drawing.dll".
             Reference found at search path location "{TargetFrameworkDirectory}".
                 For SearchPath "{TargetFrameworkDirectory}".
                 Considered "C:\Program Files (x86)\Reference Assemblies\Microsoft\Framework\.NETFramework\v4.0\System.Drawing.winmd", but it didn't exist.
             This reference is not "CopyLocal" because it's a prerequisite file.
             The ImageRuntimeVersion for this reference is "v4.0.30319".
         Primary reference "System.Xml.Linq, Version=4.0.0.0, Culture=neutral, PublicKeyToken=b77a5c561934e089".
             Resolved file path is "C:\Program Files (x86)\Reference Assemblies\Microsoft\Framework\.NETFramework\v4.0\System.Xml.Linq.dll".
             Reference found at search path location "{TargetFrameworkDirectory}".
                 For SearchPath "{TargetFrameworkDirectory}".
                 Considered "C:\Program Files (x86)\Reference Assemblies\Microsoft\Framework\.NETFramework\v4.0\System.Xml.Linq.winmd", but it didn't exist.
             This reference is not "CopyLocal" because it's a prerequisite file.
             The ImageRuntimeVersion for this reference is "v4.0.30319".
         Primary reference "System.Data.DataSetExtensions, Version=4.0.0.0, Culture=neutral, PublicKeyToken=b77a5c561934e089".
             Resolved file path is "C:\Program Files (x86)\Reference Assemblies\Microsoft\Framework\.NETFramework\v4.0\System.Data.DataSetExtensions.dll".
             Reference found at search path location "{TargetFrameworkDirectory}".
                 For SearchPath "{TargetFrameworkDirectory}".
                 Considered "C:\Program Files (x86)\Reference Assemblies\Microsoft\Framework\.NETFramework\v4.0\System.Data.DataSetExtensions.winmd", but it didn't exist.
             This reference is not "CopyLocal" because it's a prerequisite file.
             The ImageRuntimeVersion for this reference is "v4.0.30319".
         Primary reference "Microsoft.CSharp, Version=4.0.0.0, Culture=neutral, PublicKeyToken=b03f5f7f11d50a3a".
             Resolved file path is "C:\Program Files (x86)\Reference Assemblies\Microsoft\Framework\.NETFramework\v4.0\Microsoft.CSharp.dll".
             Reference found at search path location "{TargetFrameworkDirectory}".
                 For SearchPath "{TargetFrameworkDirectory}".
                 Considered "C:\Program Files (x86)\Reference Assemblies\Microsoft\Framework\.NETFramework\v4.0\Microsoft.CSharp.winmd", but it didn't exist.
             This reference is not "CopyLocal" because it's a prerequisite file.
             The ImageRuntimeVersion for this reference is "v4.0.30319".
         Unified primary reference "System.Data, Version=4.0.0.0, Culture=neutral, PublicKeyToken=b77a5c561934e089".
             Using this version instead of original version "2.0.0.0" in "C:\Project\Components\Utils\trunk\Utils.MSOffice\Assemblies\DocumentFormat.OpenXml.Extensions.dll" because there is a more recent version of this framework file.
             Resolved file path is "C:\Program Files (x86)\Reference Assemblies\Microsoft\Framework\.NETFramework\v4.0\System.Data.dll".
             Reference found at search path location "{TargetFrameworkDirectory}".
                 For SearchPath "{TargetFrameworkDirectory}".
                 Considered "C:\Program Files (x86)\Reference Assemblies\Microsoft\Framework\.NETFramework\v4.0\System.Data.winmd", but it didn't exist.
             This reference is not "CopyLocal" because it's a prerequisite file.
             The ImageRuntimeVersion for this reference is "v4.0.30319".
         Unified primary reference "System.Xml, Version=4.0.0.0, Culture=neutral, PublicKeyToken=b77a5c561934e089".
             Using this version instead of original version "2.0.0.0" in "C:\Project\Components\Utils\trunk\Utils.MSOffice\packages\DocumentFormat.OpenXml.1.0\lib\DocumentFormat.OpenXml.dll" because there is a more recent version of this framework file.
             Using this version instead of original version "2.0.0.0" in "C:\Project\Components\Utils\trunk\Utils.MSOffice\Assemblies\DocumentFormat.OpenXml.Extensions.dll" because there is a more recent version of this framework file.
             Resolved file path is "C:\Program Files (x86)\Reference Assemblies\Microsoft\Framework\.NETFramework\v4.0\System.Xml.dll".
             Reference found at search path location "{TargetFrameworkDirectory}".
                 For SearchPath "{TargetFrameworkDirectory}".
                 Considered "C:\Program Files (x86)\Reference Assemblies\Microsoft\Framework\.NETFramework\v4.0\System.Xml.winmd", but it didn't exist.
             This reference is not "CopyLocal" because it's a prerequisite file.
             The ImageRuntimeVersion for this reference is "v4.0.30319".
         Unified primary reference "WindowsBase, Version=4.0.0.0, Culture=neutral, PublicKeyToken=31bf3856ad364e35".
             Using this version instead of original version "3.0.0.0" in "C:\Project\Components\Utils\trunk\Utils.MSOffice\packages\DocumentFormat.OpenXml.1.0\lib\DocumentFormat.OpenXml.dll" because there is a more recent version of this framework file.
             Using this version instead of original version "3.0.0.0" in "C:\Project\Components\Utils\trunk\Utils.MSOffice\Assemblies\DocumentFormat.OpenXml.Extensions.dll" because there is a more recent version of this framework file.
             Resolved file path is "C:\Program Files (x86)\Reference Assemblies\Microsoft\Framework\.NETFramework\v4.0\WindowsBase.dll".
             Reference found at search path location "{TargetFrameworkDirectory}".
                 For SearchPath "{TargetFrameworkDirectory}".
                 Considered "C:\Program Files (x86)\Reference Assemblies\Microsoft\Framework\.NETFramework\v4.0\WindowsBase.winmd", but it didn't exist.
             This reference is not "CopyLocal" because it's a prerequisite file.
             The ImageRuntimeVersion for this reference is "v4.0.30319".
         Unified primary reference "System.Core, Version=4.0.0.0, Culture=neutral, PublicKeyToken=b77a5c561934e089".
             Using this version instead of original version "3.5.0.0" in "C:\Project\Components\Utils\trunk\Utils.MSOffice\packages\DocumentFormat.OpenXml.1.0\lib\DocumentFormat.OpenXml.dll" because there is a more recent version of this framework file.
             Using this version instead of original version "3.5.0.0" in "C:\Project\Components\Utils\trunk\Utils.MSOffice\Assemblies\DocumentFormat.OpenXml.Extensions.dll" because there is a more recent version of this framework file.
             Resolved file path is "C:\Program Files (x86)\Reference Assemblies\Microsoft\Framework\.NETFramework\v4.0\System.Core.dll".
             Reference found at search path location "{TargetFrameworkDirectory}".
                 For SearchPath "{TargetFrameworkDirectory}".
                 Considered "C:\Program Files (x86)\Reference Assemblies\Microsoft\Framework\.NETFramework\v4.0\System.Core.winmd", but it didn't exist.
             This reference is not "CopyLocal" because it's a prerequisite file.
             The ImageRuntimeVersion for this reference is "v4.0.30319".
       Done executing task "ResolveAssemblyReference".
     2>Done building target "ResolveAssemblyReferences" in project "NetSteps.Utils.MSOffice.csproj".
       Target "ResolveComReferences" skipped, due to false condition; ('@(COMReference)'!='' or '@(COMFileReference)'!='') was evaluated as (''!='' or ''!='').
     2>Target "AfterResolveReferences" in file "C:\Windows\Microsoft.NET\Framework\v4.0.30319\Microsoft.Common.targets" from project "C:\Project\Components\Utils\trunk\Utils.MSOffice\Source\NetSteps.Utils.MSOffice.csproj" (target "ResolveReferences" depends on it):
     2>Done building target "AfterResolveReferences" in project "NetSteps.Utils.MSOffice.csproj".
       Target "ImplicitlyExpandDesignTimeFacades" skipped, due to false condition; ('$(ImplicitlyExpandDesignTimeFacades)' == 'true') was evaluated as ('' == 'true').
       Target "ResolveTestReferences" skipped, due to false condition; ('@(Shadow)'!='') was evaluated as (''!='').
     2>Target "ResolveReferences" in file "C:\Windows\Microsoft.NET\Framework\v4.0.30319\Microsoft.Common.targets" from project "C:\Project\Components\Utils\trunk\Utils.MSOffice\Source\NetSteps.Utils.MSOffice.csproj" (target "CoreBuild" depends on it):
     2>Done building target "ResolveReferences" in project "NetSteps.Utils.MSOffice.csproj".
       Target "XamlMarkupCompilePass1" skipped, due to false condition; ('@(XamlPage)' != '' or '@(XamlAppDef)' != '') was evaluated as ('' != '' or '' != '').
       Target "XamlMarkupCompileReadGeneratedFileList" skipped, due to false condition; ('@(XamlPage)' != '' or '@(XamlAppDef)' != '') was evaluated as ('' != '' or '' != '').
       Target "XamlMarkupCompileAddFilesGenerated" skipped, due to false condition; ('@(XamlPage)' != '' or '@(XamlAppDef)' != '') was evaluated as ('' != '' or '' != '').
       Target "XamlMarkupCompilePass2" skipped, due to false condition; ('$(XamlRequiresCompilationPass2)' == 'true' ) was evaluated as ('false' == 'true' ).
       Target "XamlMarkupCompileReadPass2Flag" skipped, due to false condition; ('@(XamlPage)' != '' or '@(XamlAppDef)' != '') was evaluated as ('' != '' or '' != '').
       Target "XamlMarkupCompileAddExtensionFilesGenerated" skipped, due to false condition; ('@(XamlPage)' != '' or '@(XamlAppDef)' != '') was evaluated as ('' != '' or '' != '').
       Target "MarkupCompilePass1" skipped, due to false condition; ('@(Page)' != '' or '@(ApplicationDefinition)' != '' ) was evaluated as ('' != '' or '' != '' ).
     2>Target "AfterMarkupCompilePass1" in file "C:\Windows\Microsoft.NET\Framework\v4.0.30319\Microsoft.WinFX.targets" from project "C:\Project\Components\Utils\trunk\Utils.MSOffice\Source\NetSteps.Utils.MSOffice.csproj" (target "PrepareResources" depends on it):
     2>Done building target "AfterMarkupCompilePass1" in project "NetSteps.Utils.MSOffice.csproj".
       Target "MarkupCompilePass2ForMainAssembly" skipped, due to false condition; ('$(_RequireMCPass2ForMainAssembly)' == 'true' ) was evaluated as ('false' == 'true' ).
     2>Target "FileClassification" in file "C:\Windows\Microsoft.NET\Framework\v4.0.30319\Microsoft.WinFX.targets" from project "C:\Project\Components\Utils\trunk\Utils.MSOffice\Source\NetSteps.Utils.MSOffice.csproj" (target "PrepareResources" depends on it):
       Task "FileClassifier" skipped, due to false condition; ('@(GeneratedBaml)' != '' or '@(Resource)' != '' or '@(Font)' != '') was evaluated as ('' != '' or '' != '' or '' != '').
       Task "Message" skipped, due to false condition; ('$(MSBuildTargetsVerbose)'=='true') was evaluated as (''=='true').
       Task "Message" skipped, due to false condition; ('$(MSBuildTargetsVerbose)'=='true') was evaluated as (''=='true').
     2>Done building target "FileClassification" in project "NetSteps.Utils.MSOffice.csproj".
       Target "MainResourcesGeneration" skipped, due to false condition; ('@(MainEmbeddedFiles)' != '') was evaluated as ('' != '').
       Target "AssignWinFXEmbeddedResource" skipped, due to false condition; ('@(WinFXEmbeddedResource)' != '') was evaluated as ('' != '').
     2>Target "AssignTargetPaths" in file "C:\Windows\Microsoft.NET\Framework\v4.0.30319\Microsoft.Common.targets" from project "C:\Project\Components\Utils\trunk\Utils.MSOffice\Source\NetSteps.Utils.MSOffice.csproj" (target "PrepareResourceNames" depends on it):
       Using "AssignTargetPath" task from assembly "Microsoft.Build.Tasks.v4.0, Version=4.0.0.0, Culture=neutral, PublicKeyToken=b03f5f7f11d50a3a".
       Task "AssignTargetPath"
       Done executing task "AssignTargetPath".
       Task "AssignTargetPath"
       Done executing task "AssignTargetPath".
       Task "AssignTargetPath"
       Done executing task "AssignTargetPath".
       Task "AssignTargetPath"
       Done executing task "AssignTargetPath".
       Task "AssignTargetPath" skipped, due to false condition; ('@(_DeploymentBaseManifestWithTargetPath)'=='' and '%(None.Extension)'=='.manifest') was evaluated as (''=='' and '.config'=='.manifest').
     2>Done building target "AssignTargetPaths" in project "NetSteps.Utils.MSOffice.csproj".
       Target "AssignTargetPaths" skipped. Previously built successfully.
     2>Target "SplitResourcesByCulture" in file "C:\Windows\Microsoft.NET\Framework\v4.0.30319\Microsoft.Common.targets" from project "C:\Project\Components\Utils\trunk\Utils.MSOffice\Source\NetSteps.Utils.MSOffice.csproj" (target "PrepareResourceNames" depends on it):
       Task "Warning" skipped, due to false condition; ('@(ResxWithNoCulture)'!='') was evaluated as (''!='').
       Task "Warning" skipped, due to false condition; ('@(ResxWithCulture)'!='') was evaluated as (''!='').
       Task "Warning" skipped, due to false condition; ('@(NonResxWithCulture)'!='') was evaluated as (''!='').
       Task "Warning" skipped, due to false condition; ('@(NonResxWithNoCulture)'!='') was evaluated as (''!='').
       Using "AssignCulture" task from assembly "Microsoft.Build.Tasks.v4.0, Version=4.0.0.0, Culture=neutral, PublicKeyToken=b03f5f7f11d50a3a".
       Task "AssignCulture"
       Done executing task "AssignCulture".
     2>Done building target "SplitResourcesByCulture" in project "NetSteps.Utils.MSOffice.csproj".
       Target "CreateManifestResourceNames" skipped, due to false condition; ('@(EmbeddedResource)' != '') was evaluated as ('' != '').
     2>Target "CreateCustomManifestResourceNames" in file "C:\Windows\Microsoft.NET\Framework\v4.0.30319\Microsoft.Common.targets" from project "C:\Project\Components\Utils\trunk\Utils.MSOffice\Source\NetSteps.Utils.MSOffice.csproj" (target "PrepareResourceNames" depends on it):
     2>Done building target "CreateCustomManifestResourceNames" in project "NetSteps.Utils.MSOffice.csproj".
     2>Target "PrepareResourceNames" in file "C:\Windows\Microsoft.NET\Framework\v4.0.30319\Microsoft.Common.targets" from project "C:\Project\Components\Utils\trunk\Utils.MSOffice\Source\NetSteps.Utils.MSOffice.csproj" (target "PrepareResources" depends on it):
     2>Done building target "PrepareResourceNames" in project "NetSteps.Utils.MSOffice.csproj".
       Target "ResolveAssemblyReferences" skipped. Previously built successfully.
       Target "SplitResourcesByCulture" skipped. Previously built successfully.
     2>Target "BeforeResGen" in file "C:\Windows\Microsoft.NET\Framework\v4.0.30319\Microsoft.Common.targets" from project "C:\Project\Components\Utils\trunk\Utils.MSOffice\Source\NetSteps.Utils.MSOffice.csproj" (target "ResGen" depends on it):
     2>Done building target "BeforeResGen" in project "NetSteps.Utils.MSOffice.csproj".
     2>Target "CoreResGen" in file "C:\Windows\Microsoft.NET\Framework\v4.0.30319\Microsoft.Common.targets" from project "C:\Project\Components\Utils\trunk\Utils.MSOffice\Source\NetSteps.Utils.MSOffice.csproj" (target "ResGen" depends on it):
       Task "GenerateResource" skipped, due to false condition; ('%(EmbeddedResource.Type)' == 'Resx' and '%(EmbeddedResource.GenerateResource)' != 'false' and '$(GenerateResourceMSBuildRuntime)' != 'CLR2') was evaluated as ('' == 'Resx' and '' != 'false' and 'CLR4' != 'CLR2').
       Task "GenerateResource" skipped, due to false condition; ('%(EmbeddedResource.Type)' == 'Resx' and '%(EmbeddedResource.GenerateResource)' != 'false' and '$(GenerateResourceMSBuildRuntime)' == 'CLR2') was evaluated as ('' == 'Resx' and '' != 'false' and 'CLR4' == 'CLR2').
     2>Done building target "CoreResGen" in project "NetSteps.Utils.MSOffice.csproj".
     2>Target "AfterResGen" in file "C:\Windows\Microsoft.NET\Framework\v4.0.30319\Microsoft.Common.targets" from project "C:\Project\Components\Utils\trunk\Utils.MSOffice\Source\NetSteps.Utils.MSOffice.csproj" (target "ResGen" depends on it):
     2>Done building target "AfterResGen" in project "NetSteps.Utils.MSOffice.csproj".
     2>Target "ResGen" in file "C:\Windows\Microsoft.NET\Framework\v4.0.30319\Microsoft.Common.targets" from project "C:\Project\Components\Utils\trunk\Utils.MSOffice\Source\NetSteps.Utils.MSOffice.csproj" (target "PrepareResources" depends on it):
     2>Done building target "ResGen" in project "NetSteps.Utils.MSOffice.csproj".
       Target "CompileLicxFiles" skipped, due to false condition; ('@(_LicxFile)'!='') was evaluated as (''!='').
     2>Target "PrepareRdlFiles" in file "C:\Program Files (x86)\MSBuild\Microsoft\VisualStudio\v10.0\ReportingServices\Microsoft.ReportingServices.targets" from project "C:\Project\Components\Utils\trunk\Utils.MSOffice\Source\NetSteps.Utils.MSOffice.csproj" (target "CompileRdlFiles" depends on it):
       Task "CreateItem" skipped, due to false condition; ('%(Extension)'=='.rdlc') was evaluated as (''=='.rdlc').
     2>Done building target "PrepareRdlFiles" in project "NetSteps.Utils.MSOffice.csproj".
       Target "RunRdlCompiler" skipped, due to false condition; ('@(RdlFile)'!='') was evaluated as (''!='').
     2>Target "CompileRdlFiles" in file "C:\Program Files (x86)\MSBuild\Microsoft\VisualStudio\v10.0\ReportingServices\Microsoft.ReportingServices.targets" from project "C:\Project\Components\Utils\trunk\Utils.MSOffice\Source\NetSteps.Utils.MSOffice.csproj" (target "PrepareResources" depends on it):
     2>Done building target "CompileRdlFiles" in project "NetSteps.Utils.MSOffice.csproj".
     2>Target "PrepareResources" in file "C:\Windows\Microsoft.NET\Framework\v4.0.30319\Microsoft.Common.targets" from project "C:\Project\Components\Utils\trunk\Utils.MSOffice\Source\NetSteps.Utils.MSOffice.csproj" (target "CoreBuild" depends on it):
     2>Done building target "PrepareResources" in project "NetSteps.Utils.MSOffice.csproj".
       Target "ResolveKeySource" skipped, due to false condition; ($(SignManifests) == 'true' or $(SignAssembly) == 'true') was evaluated as ( == 'true' or  == 'true').
     2>Target "CodeContractsSlipInDefineSymbolDynamically" in file "C:\Program Files (x86)\Microsoft\Contracts\MsBuild\v4.0\Microsoft.CodeContracts.targets" from project "C:\Project\Components\Utils\trunk\Utils.MSOffice\Source\NetSteps.Utils.MSOffice.csproj" (target "Compile" depends on it):
       Using "CreateProperty" task from assembly "Microsoft.Build.Tasks.v4.0, Version=4.0.0.0, Culture=neutral, PublicKeyToken=b03f5f7f11d50a3a".
       Task "CreateProperty"
       Done executing task "CreateProperty".
       Task "CreateProperty" skipped, due to false condition; ('$(Language)'=='VB') was evaluated as ('C#'=='VB').
     2>Done building target "CodeContractsSlipInDefineSymbolDynamically" in project "NetSteps.Utils.MSOffice.csproj".
       Target "ResolveReferences" skipped. Previously built successfully.
       Target "ResolveKeySource" skipped, due to false condition; ($(SignManifests) == 'true' or $(SignAssembly) == 'true') was evaluated as ( == 'true' or  == 'true').
       Target "ResolveComReferences" skipped, due to false condition; ('@(COMReference)'!='' or '@(COMFileReference)'!='') was evaluated as (''!='' or ''!='').
       Target "ResolveNativeReferences" skipped, due to false condition; ('@(NativeReference)'!='') was evaluated as (''!='').
       Target "_SetExternalWin32ManifestProperties" skipped, due to false condition; ('$(GenerateClickOnceManifests)'=='true' or '@(NativeReference)'!='' or '@(ResolvedIsolatedComModules)'!='') was evaluated as (''=='true' or ''!='' or ''!='').
     2>Target "_SetEmbeddedWin32ManifestProperties" in file "C:\Windows\Microsoft.NET\Framework\v4.0.30319\Microsoft.Common.targets" from project "C:\Project\Components\Utils\trunk\Utils.MSOffice\Source\NetSteps.Utils.MSOffice.csproj" (target "SetWin32ManifestProperties" depends on it):
       Using "GetFrameworkPath" task from assembly "Microsoft.Build.Tasks.v4.0, Version=4.0.0.0, Culture=neutral, PublicKeyToken=b03f5f7f11d50a3a".
       Task "GetFrameworkPath"
       Done executing task "GetFrameworkPath".
     2>Done building target "_SetEmbeddedWin32ManifestProperties" in project "NetSteps.Utils.MSOffice.csproj".
     2>Target "SetWin32ManifestProperties" in file "C:\Windows\Microsoft.NET\Framework\v4.0.30319\Microsoft.Common.targets" from project "C:\Project\Components\Utils\trunk\Utils.MSOffice\Source\NetSteps.Utils.MSOffice.csproj" (target "Compile" depends on it):
     2>Done building target "SetWin32ManifestProperties" in project "NetSteps.Utils.MSOffice.csproj".
     2>Target "_GenerateCompileInputs" in file "C:\Windows\Microsoft.NET\Framework\v4.0.30319\Microsoft.Common.targets" from project "C:\Project\Components\Utils\trunk\Utils.MSOffice\Source\NetSteps.Utils.MSOffice.csproj" (target "Compile" depends on it):
       Task "Warning" skipped, due to false condition; ('@(ManifestResourceWithNoCulture)'!='' and '%(ManifestResourceWithNoCulture.EmittedForCompatibilityOnly)'=='') was evaluated as (''!='' and ''=='').
       Task "Warning" skipped, due to false condition; ('@(ManifestNonResxWithNoCultureOnDisk)'!='' and '%(ManifestNonResxWithNoCultureOnDisk.EmittedForCompatibilityOnly)'=='') was evaluated as (''!='' and ''=='').
     2>Done building target "_GenerateCompileInputs" in project "NetSteps.Utils.MSOffice.csproj".
       Target "PrepareForBuild" skipped. Previously built successfully.
       Target "GetReferenceAssemblyPaths" skipped. Previously built successfully.
     2>Target "_SetTargetFrameworkMonikerAttribute" in file "C:\Windows\Microsoft.NET\Framework\v4.0.30319\Microsoft.CSharp.targets" from project "C:\Project\Components\Utils\trunk\Utils.MSOffice\Source\NetSteps.Utils.MSOffice.csproj" (target "GenerateTargetFrameworkMonikerAttribute" depends on it):
     2>Done building target "_SetTargetFrameworkMonikerAttribute" in project "NetSteps.Utils.MSOffice.csproj".
     2>Target "GenerateTargetFrameworkMonikerAttribute" in file "C:\Windows\Microsoft.NET\Framework\v4.0.30319\Microsoft.Common.targets" from project "C:\Project\Components\Utils\trunk\Utils.MSOffice\Source\NetSteps.Utils.MSOffice.csproj" (target "BeforeCompile" depends on it):
       Skipping target "GenerateTargetFrameworkMonikerAttribute" because all output files are up-to-date with respect to the input files.
       Input files: C:\Windows\Microsoft.NET\Framework\v4.0.30319\Microsoft.Common.targets
       Output files: C:\Users\tbennion\AppData\Local\Temp\.NETFramework,Version=v4.0.AssemblyAttributes.cs
     2>Done building target "GenerateTargetFrameworkMonikerAttribute" in project "NetSteps.Utils.MSOffice.csproj".
       Target "GenerateAdditionalSources" skipped, due to false condition; ('@(AssemblyAttributes)' != '' and '$(GenerateAdditionalSources)' == 'true') was evaluated as ('' != '' and '' == 'true').
     2>Target "BeforeCompile" in file "C:\Windows\Microsoft.NET\Framework\v4.0.30319\Microsoft.Common.targets" from project "C:\Project\Components\Utils\trunk\Utils.MSOffice\Source\NetSteps.Utils.MSOffice.csproj" (target "Compile" depends on it):
     2>Done building target "BeforeCompile" in project "NetSteps.Utils.MSOffice.csproj".
       Target "_TimeStampBeforeCompile" skipped, due to false condition; ('$(RunPostBuildEvent)'=='OnOutputUpdated' or ('$(RegisterForComInterop)'=='true' and '$(OutputType)'=='library')) was evaluated as (''=='OnOutputUpdated' or (''=='true' and 'Library'=='library')).
       Target "_ComputeNonExistentFileProperty" skipped, due to false condition; (('$(BuildingInsideVisualStudio)' == 'true') and ('$(BuildingOutOfProcess)' != 'true') and (('$(BuildingProject)' == 'false') or ('$(UseHostCompilerIfAvailable)' == 'true'))) was evaluated as (('' == 'true') and ('' != 'true') and (('true' == 'false') or ('true' == 'true'))).
     2>Target "PreXsdCodeGen" in file "C:\Windows\Microsoft.NET\Framework\v4.0.30319\Microsoft.ServiceModel.targets" from project "C:\Project\Components\Utils\trunk\Utils.MSOffice\Source\NetSteps.Utils.MSOffice.csproj" (target "CoreCompile" depends on it):
       Task "CallTarget"
     2>Target "CleanXsdCodeGen" in file "C:\Windows\Microsoft.NET\Framework\v4.0.30319\Microsoft.ServiceModel.targets" from project "C:\Project\Components\Utils\trunk\Utils.MSOffice\Source\NetSteps.Utils.MSOffice.csproj" (target "PreXsdCodeGen" depends on it):
       Using "Delete" task from assembly "Microsoft.Build.Tasks.v4.0, Version=4.0.0.0, Culture=neutral, PublicKeyToken=b03f5f7f11d50a3a".
       Task "Delete"
       Done executing task "Delete".
     2>Done building target "CleanXsdCodeGen" in project "NetSteps.Utils.MSOffice.csproj".
       Done executing task "CallTarget".
     2>Done building target "PreXsdCodeGen" in project "NetSteps.Utils.MSOffice.csproj".
       Target "XsdCodeGen" skipped, due to false condition; ( '$(XsdCodeGenPreCondition)' == 'True' ) was evaluated as ( 'False' == 'True' ).
     2>Target "CoreCompile" in file "C:\Windows\Microsoft.NET\Framework\v4.0.30319\Microsoft.CSharp.targets" from project "C:\Project\Components\Utils\trunk\Utils.MSOffice\Source\NetSteps.Utils.MSOffice.csproj" (target "Compile" depends on it):
       Building target "CoreCompile" completely.
       Output file "bin\Debug\NetSteps.Utils.MSOffice.XML" does not exist.
       Using "Csc" task from assembly "Microsoft.Build.Tasks.v4.0, Version=4.0.0.0, Culture=neutral, PublicKeyToken=b03f5f7f11d50a3a".
       Task "Csc"
         C:\Windows\Microsoft.NET\Framework\v4.0.30319\Csc.exe /noconfig /nowarn:1573,1591,1701,1702 /nostdlib+ /errorreport:prompt /warn:4 /doc:bin\Debug\NetSteps.Utils.MSOffice.XML /define:CONTRACTS_FULL;CODE_ANALYSIS;DEBUG;TRACE /highentropyva- /reference:C:\Project\Components\Utils\trunk\Utils.MSOffice\packages\DocumentFormat.OpenXml.1.0\lib\DocumentFormat.OpenXml.dll /reference:C:\Project\Components\Utils\trunk\Utils.MSOffice\Assemblies\DocumentFormat.OpenXml.Extensions.dll /reference:C:\Project\Components\Utils\trunk\Utils.MSOffice\packages\fasterflect.2.1.0\lib\net40\Fasterflect.dll /reference:"C:\Program Files (x86)\Reference Assemblies\Microsoft\Framework\.NETFramework\v4.0\Microsoft.CSharp.dll" /reference:"C:\Program Files (x86)\Reference Assemblies\Microsoft\Framework\.NETFramework\v4.0\mscorlib.dll" /reference:"C:\Program Files (x86)\Reference Assemblies\Microsoft\Framework\.NETFramework\v4.0\System.Core.dll" /reference:"C:\Program Files (x86)\Reference Assemblies\Microsoft\Framework\.NETFramework\v4.0\System.Data.DataSetExtensions.dll" /reference:"C:\Program Files (x86)\Reference Assemblies\Microsoft\Framework\.NETFramework\v4.0\System.Data.dll" /reference:"C:\Program Files (x86)\Reference Assemblies\Microsoft\Framework\.NETFramework\v4.0\System.dll" /reference:"C:\Program Files (x86)\Reference Assemblies\Microsoft\Framework\.NETFramework\v4.0\System.Drawing.dll" /reference:"C:\Program Files (x86)\Reference Assemblies\Microsoft\Framework\.NETFramework\v4.0\System.Xml.dll" /reference:"C:\Program Files (x86)\Reference Assemblies\Microsoft\Framework\.NETFramework\v4.0\System.Xml.Linq.dll" /reference:"C:\Program Files (x86)\Reference Assemblies\Microsoft\Framework\.NETFramework\v4.0\WindowsBase.dll" /debug+ /debug:full /filealign:512 /optimize- /out:obj\Debug\NetSteps.Utils.MSOffice.dll /target:library /warnaserror+ /utf8output Excel\ExcelDocument.cs Properties\AssemblyInfo.cs Properties\AssemblyInfo.Debug.r13.version.cs "C:\Users\tbennion\AppData\Local\Temp\.NETFramework,Version=v4.0.AssemblyAttributes.cs"
         Microsoft (R) Visual C# Compiler version 4.0.30319.17929
         
         for Microsoft (R) .NET Framework 4.5
         Copyright (C) Microsoft Corporation. All rights reserved.
         
       Done executing task "Csc".
       Task "CallTarget" skipped, due to false condition; ('$(TargetsTriggeredByCompilation)' != '') was evaluated as ('' != '').
     2>Done building target "CoreCompile" in project "NetSteps.Utils.MSOffice.csproj".
       Target "_TimeStampAfterCompile" skipped, due to false condition; ('$(RunPostBuildEvent)'=='OnOutputUpdated' or ('$(RegisterForComInterop)'=='true' and '$(OutputType)'=='library')) was evaluated as (''=='OnOutputUpdated' or (''=='true' and 'Library'=='library')).
     2>Target "AfterCompile" in file "C:\Windows\Microsoft.NET\Framework\v4.0.30319\Microsoft.Common.targets" from project "C:\Project\Components\Utils\trunk\Utils.MSOffice\Source\NetSteps.Utils.MSOffice.csproj" (target "Compile" depends on it):
     2>Done building target "AfterCompile" in project "NetSteps.Utils.MSOffice.csproj".
       Target "PrepareResourcesForSatelliteAssemblies" skipped, due to false condition; ('$(UICulture)' != '') was evaluated as ('' != '').
       Target "MergeLocalizationDirectives" skipped, due to false condition; ('@(GeneratedLocalizationFiles)' !='') was evaluated as ('' !='').
     2>Target "AfterCompileWinFX" in file "C:\Windows\Microsoft.NET\Framework\v4.0.30319\Microsoft.WinFX.targets" from project "C:\Project\Components\Utils\trunk\Utils.MSOffice\Source\NetSteps.Utils.MSOffice.csproj" (target "_AfterCompileWinFXInternal" depends on it):
     2>Done building target "AfterCompileWinFX" in project "NetSteps.Utils.MSOffice.csproj".
     2>Target "_AfterCompileWinFXInternal" in file "C:\Windows\Microsoft.NET\Framework\v4.0.30319\Microsoft.WinFX.targets" from project "C:\Project\Components\Utils\trunk\Utils.MSOffice\Source\NetSteps.Utils.MSOffice.csproj" (target "Compile" depends on it):
     2>Done building target "_AfterCompileWinFXInternal" in project "NetSteps.Utils.MSOffice.csproj".
     2>Target "ContractsMakeDeclDir" in file "C:\Program Files (x86)\Microsoft\Contracts\MsBuild\v4.0\Microsoft.CodeContracts.targets" from project "C:\Project\Components\Utils\trunk\Utils.MSOffice\Source\NetSteps.Utils.MSOffice.csproj" (target "ContractDeclarativeAssembly" depends on it):
       Task "MakeDir"
         Creating directory "obj\Debug\Decl\".
       Done executing task "MakeDir".
     2>Done building target "ContractsMakeDeclDir" in project "NetSteps.Utils.MSOffice.csproj".
       Target "ResolveReferences" skipped. Previously built successfully.
       Target "ResolveKeySource" skipped, due to false condition; ($(SignManifests) == 'true' or $(SignAssembly) == 'true') was evaluated as ( == 'true' or  == 'true').
     2>Target "ContractDeclarativeAssemblyCS" in file "C:\Program Files (x86)\Microsoft\Contracts\MsBuild\v4.0\Microsoft.CodeContracts.targets" from project "C:\Project\Components\Utils\trunk\Utils.MSOffice\Source\NetSteps.Utils.MSOffice.csproj" (target "ContractDeclarativeAssembly" depends on it):
       Building target "ContractDeclarativeAssemblyCS" completely.
       Output file "C:\Project\Components\Utils\trunk\Utils.MSOffice\Source\obj\Debug\Decl\NetSteps.Utils.MSOffice.dll" does not exist.
       Task "Message"
         Build Declarative Contract Assembly for C# C:\Project\Components\Utils\trunk\Utils.MSOffice\Source\bin\Debug\NetSteps.Utils.MSOffice.dll
       Done executing task "Message".
       Task "Csc"
         C:\Windows\Microsoft.NET\Framework\v4.0.30319\Csc.exe /noconfig /nowarn:1573,1591,1701,1702 /pdb:obj\Debug\Decl\NetSteps.Utils.MSOffice.pdb /nostdlib+ /errorreport:prompt /warn:0 /define:CONTRACTS_FULL;CODE_ANALYSIS;DEBUG;TRACE;CONTRACTS_FULL;CODE_ANALYSIS /reference:C:\Project\Components\Utils\trunk\Utils.MSOffice\packages\DocumentFormat.OpenXml.1.0\lib\DocumentFormat.OpenXml.dll /reference:C:\Project\Components\Utils\trunk\Utils.MSOffice\Assemblies\DocumentFormat.OpenXml.Extensions.dll /reference:C:\Project\Components\Utils\trunk\Utils.MSOffice\packages\fasterflect.2.1.0\lib\net40\Fasterflect.dll /reference:"C:\Program Files (x86)\Reference Assemblies\Microsoft\Framework\.NETFramework\v4.0\Microsoft.CSharp.dll" /reference:"C:\Program Files (x86)\Reference Assemblies\Microsoft\Framework\.NETFramework\v4.0\mscorlib.dll" /reference:"C:\Program Files (x86)\Reference Assemblies\Microsoft\Framework\.NETFramework\v4.0\System.Core.dll" /reference:"C:\Program Files (x86)\Reference Assemblies\Microsoft\Framework\.NETFramework\v4.0\System.Data.DataSetExtensions.dll" /reference:"C:\Program Files (x86)\Reference Assemblies\Microsoft\Framework\.NETFramework\v4.0\System.Data.dll" /reference:"C:\Program Files (x86)\Reference Assemblies\Microsoft\Framework\.NETFramework\v4.0\System.dll" /reference:"C:\Program Files (x86)\Reference Assemblies\Microsoft\Framework\.NETFramework\v4.0\System.Drawing.dll" /reference:"C:\Program Files (x86)\Reference Assemblies\Microsoft\Framework\.NETFramework\v4.0\System.Xml.dll" /reference:"C:\Program Files (x86)\Reference Assemblies\Microsoft\Framework\.NETFramework\v4.0\System.Xml.Linq.dll" /reference:"C:\Program Files (x86)\Reference Assemblies\Microsoft\Framework\.NETFramework\v4.0\WindowsBase.dll" /debug+ /debug:full /filealign:512 /optimize+ /out:obj\Debug\Decl\NetSteps.Utils.MSOffice.dll /target:library /warnaserror- /utf8output Excel\ExcelDocument.cs Properties\AssemblyInfo.cs Properties\AssemblyInfo.Debug.r13.version.cs "C:\Users\tbennion\AppData\Local\Temp\.NETFramework,Version=v4.0.AssemblyAttributes.cs" "C:\Program Files (x86)\Microsoft\Contracts\Languages\CSharp\ContractDeclarativeAssemblyAttribute.cs"
         Microsoft (R) Visual C# Compiler version 4.0.30319.17929
         
         for Microsoft (R) .NET Framework 4.5
         Copyright (C) Microsoft Corporation. All rights reserved.
         
       Done executing task "Csc".
     2>Done building target "ContractDeclarativeAssemblyCS" in project "NetSteps.Utils.MSOffice.csproj".
       Target "ContractDeclarativeAssemblyVB" skipped, due to false condition; ('$(Language)'=='VB') was evaluated as ('C#'=='VB').
     2>Target "ContractDeclarativeAssembly" in file "C:\Program Files (x86)\Microsoft\Contracts\MsBuild\v4.0\Microsoft.CodeContracts.targets" from project "C:\Project\Components\Utils\trunk\Utils.MSOffice\Source\NetSteps.Utils.MSOffice.csproj" (target "CreateCodeContractReferenceAssembly" depends on it):
     2>Done building target "ContractDeclarativeAssembly" in project "NetSteps.Utils.MSOffice.csproj".
     2>Target "MakeCodeContractOutputDirectory" in file "C:\Program Files (x86)\Microsoft\Contracts\MsBuild\v4.0\Microsoft.CodeContracts.targets" from project "C:\Project\Components\Utils\trunk\Utils.MSOffice\Source\NetSteps.Utils.MSOffice.csproj" (target "CreateCodeContractReferenceAssembly" depends on it):
       Task "Message"
         Making directory C:\Project\Components\Utils\trunk\Utils.MSOffice\Source\bin\Debug\CodeContracts\
       Done executing task "Message".
       Task "MakeDir"
         Creating directory "C:\Project\Components\Utils\trunk\Utils.MSOffice\Source\bin\Debug\CodeContracts\".
       Done executing task "MakeDir".
     2>Done building target "MakeCodeContractOutputDirectory" in project "NetSteps.Utils.MSOffice.csproj".
     2>Target "CodeContractsComputeReferencedLibPaths" in file "C:\Program Files (x86)\Microsoft\Contracts\MsBuild\v4.0\Microsoft.CodeContracts.targets" from project "C:\Project\Components\Utils\trunk\Utils.MSOffice\Source\NetSteps.Utils.MSOffice.csproj" (target "CodeContractsComputeAllLibPaths" depends on it):
       Using "RemoveDuplicates" task from assembly "Microsoft.Build.Tasks.v4.0, Version=4.0.0.0, Culture=neutral, PublicKeyToken=b03f5f7f11d50a3a".
       Task "RemoveDuplicates"
       Done executing task "RemoveDuplicates".
     2>Done building target "CodeContractsComputeReferencedLibPaths" in project "NetSteps.Utils.MSOffice.csproj".
     2>Target "CodeContractsComputeAllLibPaths" in file "C:\Program Files (x86)\Microsoft\Contracts\MsBuild\v4.0\Microsoft.CodeContracts.targets" from project "C:\Project\Components\Utils\trunk\Utils.MSOffice\Source\NetSteps.Utils.MSOffice.csproj" (target "CreateCodeContractReferenceAssembly" depends on it):
       Task "Message"
         CodeContractsComputeAllLibPaths
       Done executing task "Message".
       Task "RemoveDuplicates"
       Done executing task "RemoveDuplicates".
     2>Done building target "CodeContractsComputeAllLibPaths" in project "NetSteps.Utils.MSOffice.csproj".
     2>Target "CreateCodeContractReferenceAssembly" in file "C:\Program Files (x86)\Microsoft\Contracts\MsBuild\v4.0\Microsoft.CodeContracts.targets" from project "C:\Project\Components\Utils\trunk\Utils.MSOffice\Source\NetSteps.Utils.MSOffice.csproj" (target "CodeContractReferenceAssembly" depends on it):
       Building target "CreateCodeContractReferenceAssembly" completely.
       Output file "C:\Project\Components\Utils\trunk\Utils.MSOffice\Source\bin\Debug\CodeContracts\NetSteps.Utils.MSOffice.Contracts.dll" does not exist.
       Task "WriteLinesToFile"
       Done executing task "WriteLinesToFile".
       Task "Exec"
         "C:\Program Files (x86)\Microsoft\Contracts\Bin\ccrefgen.exe" "@obj\Debug\NetSteps.Utils.MSOfficeccrefgen.rsp"
         elapsed time: 1021.1497ms
       Done executing task "Exec".
     2>Done building target "CreateCodeContractReferenceAssembly" in project "NetSteps.Utils.MSOffice.csproj".
       Target "CodeContractDummyReferenceAssembly" skipped, due to false condition; ('$(CodeContractsReferenceAssembly)' == 'doNotBuild') was evaluated as ('Build' == 'doNotBuild').
     2>Target "CodeContractReferenceAssembly" in file "C:\Program Files (x86)\Microsoft\Contracts\MsBuild\v4.0\Microsoft.CodeContracts.targets" from project "C:\Project\Components\Utils\trunk\Utils.MSOffice\Source\NetSteps.Utils.MSOffice.csproj" (target "Compile" depends on it):
     2>Done building target "CodeContractReferenceAssembly" in project "NetSteps.Utils.MSOffice.csproj".
       Target "CodeContractsComputeAllLibPaths" skipped. Previously built successfully.
       Target "EnsureContractReferenceAssemblyOfDependeeProjects" skipped, due to false condition; ('@(_ResolvedProjectReferencePaths)' != '') was evaluated as ('' != '').
     2>Target "CodeContractRewrite" in file "C:\Program Files (x86)\Microsoft\Contracts\MsBuild\v4.0\Microsoft.CodeContracts.targets" from project "C:\Project\Components\Utils\trunk\Utils.MSOffice\Source\NetSteps.Utils.MSOffice.csproj" (target "CodeContractInstrument" depends on it):
       Building target "CodeContractRewrite" completely.
       Output file "obj\Debug\NetSteps.Utils.MSOffice.rewritten" does not exist.
       Task "WriteLinesToFile"
       Done executing task "WriteLinesToFile".
       Task "Exec"
         "C:\Program Files (x86)\Microsoft\Contracts\Bin\ccrewrite.exe" "@NetSteps.Utils.MSOfficeccrewrite.rsp"
         elapsed time: 207.0216ms
       Done executing task "Exec".
       Task "CallTarget"
     2>Target "CodeContractReSign" in file "C:\Program Files (x86)\Microsoft\Contracts\MsBuild\v4.0\Microsoft.CodeContracts.targets" from project "C:\Project\Components\Utils\trunk\Utils.MSOffice\Source\NetSteps.Utils.MSOffice.csproj" (target "CodeContractRewrite" depends on it):
       Using "GetFrameworkSdkPath" task from assembly "Microsoft.Build.Tasks.v4.0, Version=4.0.0.0, Culture=neutral, PublicKeyToken=b03f5f7f11d50a3a".
       Task "GetFrameworkSdkPath"
         Found the Microsoft Windows SDK installed at "C:\Program Files (x86)\Microsoft SDKs\Windows\v8.0A\".
       Done executing task "GetFrameworkSdkPath".
       Task "Exec" skipped, due to false condition; ('$(KeyOriginatorFile)' != '') was evaluated as ('' != '').
       Task "Exec" skipped, due to false condition; ('$(KeyContainerName)' != '') was evaluated as ('' != '').
     2>Done building target "CodeContractReSign" in project "NetSteps.Utils.MSOffice.csproj".
       Done executing task "CallTarget".
       Task "WriteLinesToFile"
       Done executing task "WriteLinesToFile".
       Using "Touch" task from assembly "Microsoft.Build.Tasks.v4.0, Version=4.0.0.0, Culture=neutral, PublicKeyToken=b03f5f7f11d50a3a".
       Task "Touch"
         Touching "obj\Debug\NetSteps.Utils.MSOffice.rewritten".
       Done executing task "Touch".
     2>Done building target "CodeContractRewrite" in project "NetSteps.Utils.MSOffice.csproj".
     2>Target "CodeContractInstrument" in file "C:\Program Files (x86)\Microsoft\Contracts\MsBuild\v4.0\Microsoft.CodeContracts.targets" from project "C:\Project\Components\Utils\trunk\Utils.MSOffice\Source\NetSteps.Utils.MSOffice.csproj" (target "Compile" depends on it):
     2>Done building target "CodeContractInstrument" in project "NetSteps.Utils.MSOffice.csproj".
       Target "CodeContractReferenceAssembly" skipped. Previously built successfully.
       Target "CodeContractsComputeAllLibPaths" skipped. Previously built successfully.
     2>Target "CompensateForVBSettingOfDocFileItem" in file "C:\Program Files (x86)\Microsoft\Contracts\MsBuild\v4.0\Microsoft.CodeContracts.targets" from project "C:\Project\Components\Utils\trunk\Utils.MSOffice\Source\NetSteps.Utils.MSOffice.csproj" (target "ContractXmlDocumentation" depends on it):
     2>Done building target "CompensateForVBSettingOfDocFileItem" in project "NetSteps.Utils.MSOffice.csproj".
     2>Target "ContractXmlDocumentation" in file "C:\Program Files (x86)\Microsoft\Contracts\MsBuild\v4.0\Microsoft.CodeContracts.targets" from project "C:\Project\Components\Utils\trunk\Utils.MSOffice\Source\NetSteps.Utils.MSOffice.csproj" (target "Compile" depends on it):
       Building target "ContractXmlDocumentation" completely.
       Input file "bin\Debug\CodeContracts\NetSteps.Utils.MSOffice.Contracts.dll" is newer than output file "bin\Debug\NetSteps.Utils.MSOffice.XML".
       Task "WriteLinesToFile"
       Done executing task "WriteLinesToFile".
       Task "Exec"
         "C:\Program Files (x86)\Microsoft\Contracts\Bin\ccdocgen.exe" "@obj\Debug\NetSteps.Utils.MSOfficeccdocgen.rsp"
         elapsed time: 1117.1303ms
       Done executing task "Exec".
     2>Done building target "ContractXmlDocumentation" in project "NetSteps.Utils.MSOffice.csproj".
     2>Target "Compile" in file "C:\Windows\Microsoft.NET\Framework\v4.0.30319\Microsoft.Common.targets" from project "C:\Project\Components\Utils\trunk\Utils.MSOffice\Source\NetSteps.Utils.MSOffice.csproj" (target "CoreBuild" depends on it):
     2>Done building target "Compile" in project "NetSteps.Utils.MSOffice.csproj".
       Target "ExportWindowsMDFile" skipped, due to false condition; ('$(ExportWinMDFile)' == 'true') was evaluated as ('' == 'true').
       Target "UnmanagedUnregistration" skipped, due to false condition; ((('$(_AssemblyTimestampBeforeCompile)' != '$(_AssemblyTimestampAfterCompile)' or '$(RegisterForComInterop)' != 'true' or '$(OutputType)' != 'library') or
                           ('$(_AssemblyTimestampBeforeCompile)' == '')) and
                          Exists('@(_UnmanagedRegistrationCache)')) was evaluated as ((('' != '' or '' != 'true' or 'Library' != 'library') or
                           ('' == '')) and
                          Exists('obj\NetSteps.Utils.MSOffice.csproj.UnmanagedRegistration.cache')).
       Target "GenerateSerializationAssemblies" skipped, due to false condition; ('$(_SGenGenerateSerializationAssembliesConfig)' == 'On' or ('@(WebReferenceUrl)'!='' and '$(_SGenGenerateSerializationAssembliesConfig)' == 'Auto')) was evaluated as ('Off' == 'On' or (''!='' and 'Off' == 'Auto')).
     2>Target "_GenerateSatelliteAssemblyInputs" in file "C:\Windows\Microsoft.NET\Framework\v4.0.30319\Microsoft.Common.targets" from project "C:\Project\Components\Utils\trunk\Utils.MSOffice\Source\NetSteps.Utils.MSOffice.csproj" (target "CreateSatelliteAssemblies" depends on it):
       Task "Warning" skipped, due to false condition; ('@(ManifestResourceWithCulture)'!='' and '%(ManifestResourceWithCulture.EmittedForCompatibilityOnly)'=='') was evaluated as (''!='' and ''=='').
       Task "Warning" skipped, due to false condition; ('@(ManifestNonResxWithCultureOnDisk)'!='' and '%(ManifestNonResxWithCultureOnDisk.EmittedForCompatibilityOnly)'=='') was evaluated as (''!='' and ''=='').
     2>Done building target "_GenerateSatelliteAssemblyInputs" in project "NetSteps.Utils.MSOffice.csproj".
       Target "ComputeIntermediateSatelliteAssemblies" skipped, due to false condition; (@(EmbeddedResource->'%(WithCulture)') != '') was evaluated as ( != '').
       Target "GenerateSatelliteAssemblies" skipped, due to false condition; ('@(_SatelliteAssemblyResourceInputs)' != '') was evaluated as ('' != '').
     2>Target "CreateSatelliteAssemblies" in file "C:\Windows\Microsoft.NET\Framework\v4.0.30319\Microsoft.Common.targets" from project "C:\Project\Components\Utils\trunk\Utils.MSOffice\Source\NetSteps.Utils.MSOffice.csproj" (target "CoreBuild" depends on it):
     2>Done building target "CreateSatelliteAssemblies" in project "NetSteps.Utils.MSOffice.csproj".
       Target "GenerateManifests" skipped, due to false condition; ('$(GenerateClickOnceManifests)'=='true' or '@(NativeReference)'!='' or '@(ResolvedIsolatedComModules)'!='' or '$(GenerateAppxManifest)' == 'true') was evaluated as (''=='true' or ''!='' or ''!='' or '' == 'true').
     2>Target "GetTargetPath" in file "C:\Windows\Microsoft.NET\Framework\v4.0.30319\Microsoft.Common.targets" from project "C:\Project\Components\Utils\trunk\Utils.MSOffice\Source\NetSteps.Utils.MSOffice.csproj" (target "CoreBuild" depends on it):
     2>Done building target "GetTargetPath" in project "NetSteps.Utils.MSOffice.csproj".
       Target "ComputeIntermediateSatelliteAssemblies" skipped, due to false condition; (@(EmbeddedResource->'%(WithCulture)') != '') was evaluated as ( != '').
     2>Target "_CopyFilesMarkedCopyLocal" in file "C:\Windows\Microsoft.NET\Framework\v4.0.30319\Microsoft.Common.targets" from project "C:\Project\Components\Utils\trunk\Utils.MSOffice\Source\NetSteps.Utils.MSOffice.csproj" (target "CopyFilesToOutputDirectory" depends on it):
       Using "Copy" task from assembly "Microsoft.Build.Tasks.v4.0, Version=4.0.0.0, Culture=neutral, PublicKeyToken=b03f5f7f11d50a3a".
       Task "Copy"
         Copying file from "C:\Project\Components\Utils\trunk\Utils.MSOffice\packages\DocumentFormat.OpenXml.1.0\lib\DocumentFormat.OpenXml.dll" to "bin\Debug\DocumentFormat.OpenXml.dll".
         Copying file from "C:\Project\Components\Utils\trunk\Utils.MSOffice\Assemblies\DocumentFormat.OpenXml.Extensions.dll" to "bin\Debug\DocumentFormat.OpenXml.Extensions.dll".
         Copying file from "C:\Project\Components\Utils\trunk\Utils.MSOffice\packages\fasterflect.2.1.0\lib\net40\Fasterflect.dll" to "bin\Debug\Fasterflect.dll".
         Copying file from "C:\Project\Components\Utils\trunk\Utils.MSOffice\packages\fasterflect.2.1.0\lib\net40\Fasterflect.xml" to "bin\Debug\Fasterflect.xml".
       Done executing task "Copy".
     2>Done building target "_CopyFilesMarkedCopyLocal" in project "NetSteps.Utils.MSOffice.csproj".
       Target "AssignTargetPaths" skipped. Previously built successfully.
       Target "_SplitProjectReferencesByFileExistence" skipped. Previously built successfully.
     2>Target "GetCopyToOutputDirectoryXamlAppDefs" in file "C:\Windows\Microsoft.NET\Framework\v4.0.30319\Microsoft.Xaml.targets" from project "C:\Project\Components\Utils\trunk\Utils.MSOffice\Source\NetSteps.Utils.MSOffice.csproj" (target "GetCopyToOutputDirectoryItems" depends on it):
       Task "AssignTargetPath"
       Done executing task "AssignTargetPath".
     2>Done building target "GetCopyToOutputDirectoryXamlAppDefs" in project "NetSteps.Utils.MSOffice.csproj".
     2>Target "GetCopyToOutputDirectoryItems" in file "C:\Windows\Microsoft.NET\Framework\v4.0.30319\Microsoft.Common.targets" from project "C:\Project\Components\Utils\trunk\Utils.MSOffice\Source\NetSteps.Utils.MSOffice.csproj" (target "_CopySourceItemsToOutputDirectory" depends on it):
       Task "MSBuild" skipped, due to false condition; ('@(_MSBuildProjectReferenceExistent)' != '' and '$(_GetChildProjectCopyToOutputDirectoryItems)' == 'true' and '%(_MSBuildProjectReferenceExistent.Private)' != 'false' and '$(UseCommonOutputDirectory)' != 'true') was evaluated as ('' != '' and 'true' == 'true' and '' != 'false' and 'false' != 'true').
       Task "AssignTargetPath"
       Done executing task "AssignTargetPath".
     2>Done building target "GetCopyToOutputDirectoryItems" in project "NetSteps.Utils.MSOffice.csproj".
       Target "_CopyOutOfDateSourceItemsToOutputDirectory" skipped, due to false condition; ( '@(_SourceItemsToCopyToOutputDirectory)' != '' ) was evaluated as ( '' != '' ).
       Target "_CopyOutOfDateSourceItemsToOutputDirectoryAlways" skipped, due to false condition; ( '@(_SourceItemsToCopyToOutputDirectoryAlways)' != '' ) was evaluated as ( '' != '' ).
     2>Target "_CopySourceItemsToOutputDirectory" in file "C:\Windows\Microsoft.NET\Framework\v4.0.30319\Microsoft.Common.targets" from project "C:\Project\Components\Utils\trunk\Utils.MSOffice\Source\NetSteps.Utils.MSOffice.csproj" (target "CopyFilesToOutputDirectory" depends on it):
     2>Done building target "_CopySourceItemsToOutputDirectory" in project "NetSteps.Utils.MSOffice.csproj".
       Target "_CopyAppConfigFile" skipped, due to false condition; ( '@(AppConfigWithTargetPath)' != '' ) was evaluated as ( '' != '' ).
       Target "_CopyManifestFiles" skipped, due to false condition; ( '$(_DeploymentCopyApplicationManifest)'=='true' or '$(GenerateClickOnceManifests)'=='true' ) was evaluated as ( ''=='true' or ''=='true' ).
     2>Target "_CheckForCompileOutputs" in file "C:\Windows\Microsoft.NET\Framework\v4.0.30319\Microsoft.Common.targets" from project "C:\Project\Components\Utils\trunk\Utils.MSOffice\Source\NetSteps.Utils.MSOffice.csproj" (target "CopyFilesToOutputDirectory" depends on it):
     2>Done building target "_CheckForCompileOutputs" in project "NetSteps.Utils.MSOffice.csproj".
       Target "_SGenCheckForOutputs" skipped, due to false condition; ('$(_SGenGenerateSerializationAssembliesConfig)' == 'On' or ('@(WebReferenceUrl)'!='' and '$(_SGenGenerateSerializationAssembliesConfig)' == 'Auto')) was evaluated as ('Off' == 'On' or (''!='' and 'Off' == 'Auto')).
     2>Target "CopyFilesToOutputDirectory" in file "C:\Windows\Microsoft.NET\Framework\v4.0.30319\Microsoft.Common.targets" from project "C:\Project\Components\Utils\trunk\Utils.MSOffice\Source\NetSteps.Utils.MSOffice.csproj" (target "PrepareForRun" depends on it):
       Task "Copy"
         Copying file from "obj\Debug\NetSteps.Utils.MSOffice.dll" to "bin\Debug\NetSteps.Utils.MSOffice.dll".
       Done executing task "Copy".
       Task "Message"
         NetSteps.Utils.MSOffice -> C:\Project\Components\Utils\trunk\Utils.MSOffice\Source\bin\Debug\NetSteps.Utils.MSOffice.dll
       Done executing task "Message".
       Task "Copy" skipped, due to false condition; ('@(AddModules)' != '') was evaluated as ('' != '').
       Task "Copy" skipped, due to false condition; ('$(_SGenDllCreated)'=='true') was evaluated as ('false'=='true').
       Task "Copy"
         Copying file from "obj\Debug\NetSteps.Utils.MSOffice.pdb" to "bin\Debug\NetSteps.Utils.MSOffice.pdb".
       Done executing task "Copy".
       Task "Copy"
         Did not copy from file "bin\Debug\NetSteps.Utils.MSOffice.XML" to file "bin\Debug\NetSteps.Utils.MSOffice.XML" because the "SkipUnchangedFiles" parameter was set to "true" in the project and the files' sizes and timestamps match.
       Done executing task "Copy".
       Task "Copy" skipped, due to false condition; ('@(IntermediateSatelliteAssembliesWithTargetPath)' != '') was evaluated as ('' != '').
       Task "Copy" skipped, due to false condition; ('@(ReferenceComWrappersToCopyLocal)' != '' or '@(ResolvedIsolatedComModules)' != '' or '@(_DeploymentLooseManifestFile)' != '' or '@(NativeReferenceFile)' != '' ) was evaluated as ('' != '' or '' != '' or '' != '' or '' != '' ).
       Task "Copy" skipped, due to false condition; ('$(SkipCopyWinMDArtifact)' != 'true' and '@(WinMDExpArtifacts)' != '') was evaluated as ('' != 'true' and '' != '').
       Task "Message" skipped, due to false condition; ('$(SkipCopyWinMDArtifact)' != 'true' and '$(_WindowsMetadataOutputPath)' != '') was evaluated as ('' != 'true' and '' != '').
     2>Done building target "CopyFilesToOutputDirectory" in project "NetSteps.Utils.MSOffice.csproj".
       Target "RunCodeAnalysis" skipped, due to false condition; ('$(RunCodeAnalysis)'=='true' or '$(RunCodeAnalysisOnce)'=='true') was evaluated as (''=='true' or ''=='true').
       Target "CodeContractsRunCodeAnalysisOnTarget" skipped, due to false condition; ('$(ProjectGuid)' != '' and '$([System.Environment]::GetEnvironmentVariable(`CodeContractsTargetProjectGuid`))' == '$(ProjectGuid)') was evaluated as ('{2026F227-DB43-4FEC-8C27-7104477C97D7}' != '' and '' == '{2026F227-DB43-4FEC-8C27-7104477C97D7}').
       Target "CodeContractsPerformCodeAnalysis" skipped, due to false condition; ('$(CodeContractsRunCodeAnalysis)' == 'true') was evaluated as ('False' == 'true').
     2>Target "PrepareForRun" in file "C:\Windows\Microsoft.NET\Framework\v4.0.30319\Microsoft.Common.targets" from project "C:\Project\Components\Utils\trunk\Utils.MSOffice\Source\NetSteps.Utils.MSOffice.csproj" (target "CoreBuild" depends on it):
     2>Done building target "PrepareForRun" in project "NetSteps.Utils.MSOffice.csproj".
       Target "UnmanagedRegistration" skipped, due to false condition; ('$(RegisterForComInterop)'=='true' and '$(OutputType)'=='library') was evaluated as (''=='true' and 'Library'=='library').
       Target "_CheckForCompileOutputs" skipped. Previously built successfully.
       Target "_SGenCheckForOutputs" skipped, due to false condition; ('$(_SGenGenerateSerializationAssembliesConfig)' == 'On' or ('@(WebReferenceUrl)'!='' and '$(_SGenGenerateSerializationAssembliesConfig)' == 'Auto')) was evaluated as ('Off' == 'On' or (''!='' and 'Off' == 'Auto')).
     2>Target "_CleanGetCurrentAndPriorFileWrites" in file "C:\Windows\Microsoft.NET\Framework\v4.0.30319\Microsoft.Common.targets" from project "C:\Project\Components\Utils\trunk\Utils.MSOffice\Source\NetSteps.Utils.MSOffice.csproj" (target "IncrementalClean" depends on it):
       Using "ReadLinesFromFile" task from assembly "Microsoft.Build.Tasks.v4.0, Version=4.0.0.0, Culture=neutral, PublicKeyToken=b03f5f7f11d50a3a".
       Task "ReadLinesFromFile"
       Done executing task "ReadLinesFromFile".
       Using "ConvertToAbsolutePath" task from assembly "Microsoft.Build.Tasks.v4.0, Version=4.0.0.0, Culture=neutral, PublicKeyToken=b03f5f7f11d50a3a".
       Task "ConvertToAbsolutePath"
       Done executing task "ConvertToAbsolutePath".
       Using "FindUnderPath" task from assembly "Microsoft.Build.Tasks.v4.0, Version=4.0.0.0, Culture=neutral, PublicKeyToken=b03f5f7f11d50a3a".
       Task "FindUnderPath"
         Comparison path is "C:\Project\Components\Utils\trunk\Utils.MSOffice\Source".
       Done executing task "FindUnderPath".
       Task "FindUnderPath"
         Comparison path is "bin\Debug\".
       Done executing task "FindUnderPath".
       Task "FindUnderPath"
         Comparison path is "obj\Debug\".
       Done executing task "FindUnderPath".
       Task "RemoveDuplicates"
       Done executing task "RemoveDuplicates".
     2>Done building target "_CleanGetCurrentAndPriorFileWrites" in project "NetSteps.Utils.MSOffice.csproj".
     2>Target "IncrementalClean" in file "C:\Windows\Microsoft.NET\Framework\v4.0.30319\Microsoft.Common.targets" from project "C:\Project\Components\Utils\trunk\Utils.MSOffice\Source\NetSteps.Utils.MSOffice.csproj" (target "CoreBuild" depends on it):
       Task "FindUnderPath"
         Comparison path is "bin\Debug\".
       Done executing task "FindUnderPath".
       Task "FindUnderPath"
         Comparison path is "obj\Debug\".
       Done executing task "FindUnderPath".
       Task "Delete"
       Done executing task "Delete".
       Task "RemoveDuplicates"
       Done executing task "RemoveDuplicates".
       Task "WriteLinesToFile"
       Done executing task "WriteLinesToFile".
     2>Done building target "IncrementalClean" in project "NetSteps.Utils.MSOffice.csproj".
       Target "PostBuildEvent" skipped, due to false condition; ('$(PostBuildEvent)' != '' and ('$(RunPostBuildEvent)' != 'OnOutputUpdated' or '$(_AssemblyTimestampBeforeCompile)' != '$(_AssemblyTimestampAfterCompile)')) was evaluated as ('' != '' and ('' != 'OnOutputUpdated' or '' != '')).
     2>Target "CoreBuild" in file "C:\Windows\Microsoft.NET\Framework\v4.0.30319\Microsoft.Common.targets" from project "C:\Project\Components\Utils\trunk\Utils.MSOffice\Source\NetSteps.Utils.MSOffice.csproj" (target "Build" depends on it):
     2>Done building target "CoreBuild" in project "NetSteps.Utils.MSOffice.csproj".
     2>Target "AfterBuild" in file "C:\Windows\Microsoft.NET\Framework\v4.0.30319\Microsoft.Common.targets" from project "C:\Project\Components\Utils\trunk\Utils.MSOffice\Source\NetSteps.Utils.MSOffice.csproj" (target "Build" depends on it):
     2>Done building target "AfterBuild" in project "NetSteps.Utils.MSOffice.csproj".
     2>Target "Build" in file "C:\Windows\Microsoft.NET\Framework\v4.0.30319\Microsoft.Common.targets" from project "C:\Project\Components\Utils\trunk\Utils.MSOffice\Source\NetSteps.Utils.MSOffice.csproj" (entry point):
     2>Done building target "Build" in project "NetSteps.Utils.MSOffice.csproj".
       Target "CMTransform" skipped, due to false condition; ($(CMBuild) != '' and '$(Configuration)' == 'Release' and Exists('$(MSBuildProjectDirectory)\CMTransform.marker')) was evaluated as ( != '' and 'Debug' == 'Release' and Exists('C:\Project\Components\Utils\trunk\Utils.MSOffice\Source\CMTransform.marker')).
       Target "CMTransformWeb" skipped, due to false condition; ($(CMBuild) != '' and '$(Configuration)' == 'Release' and Exists('$(MSBuildProjectDirectory)\CMTransformWeb.marker')) was evaluated as ( != '' and 'Debug' == 'Release' and Exists('C:\Project\Components\Utils\trunk\Utils.MSOffice\Source\CMTransformWeb.marker')).
     2>Done Building Project "C:\Project\Components\Utils\trunk\Utils.MSOffice\Source\NetSteps.Utils.MSOffice.csproj" (default targets).
     1>Done executing task "MSBuild".
     1>Done building target "Build" in project "NetSteps.Utils.MSOffice.sln".
     1>Done Building Project "C:\Project\Components\Utils\trunk\Utils.MSOffice\NetSteps.Utils.MSOffice.sln" (default targets).

Build succeeded.
    0 Warning(s)
    0 Error(s)

Time Elapsed 00:00:04.98
